-------------------------------------------------------------------------------
Test set: de.kreuzwerker.cdc.userservice.GenericStateWithParameterContractTest
-------------------------------------------------------------------------------
Tests run: 1, Failures: 0, Errors: 1, Skipped: 0, Time elapsed: 7.259 s <<< FAILURE! - in de.kreuzwerker.cdc.userservice.GenericStateWithParameterContractTest
initializationError(de.kreuzwerker.cdc.userservice.GenericStateWithParameterContractTest)  Time elapsed: 0 s  <<< ERROR!
java.lang.Exception: Did not find any pact files for provider user-service

