<?xml version="1.0" encoding="UTF-8"?>
<testsuite xmlns:xsi="http://www.w3.org/2001/XMLSchema-instance" xsi:noNamespaceSchemaLocation="https://maven.apache.org/surefire/maven-surefire-plugin/xsd/surefire-test-report.xsd" name="de.kreuzwerker.cdc.userservice.GenericStateWithParameterContractTest" time="7.259" tests="1" errors="1" skipped="0" failures="0">
  <properties>
[...]
</properties>
  <testcase name="initializationError" classname="de.kreuzwerker.cdc.userservice.GenericStateWithParameterContractTest" time="0">
    <error message="Did not find any pact files for provider user-service" type="java.lang.Exception">java.lang.Exception: Did not find any pact files for provider user-service
</error>
    <system-out><![CDATA[11:43:10.357 [main] DEBUG org.springframework.test.context.BootstrapUtils - Instantiating CacheAwareContextLoaderDelegate from class [org.springframework.test.context.cache.DefaultCacheAwareContextLoaderDelegate]
11:43:10.373 [main] DEBUG org.springframework.test.context.BootstrapUtils - Instantiating BootstrapContext using constructor [public org.springframework.test.context.support.DefaultBootstrapContext(java.lang.Class,org.springframework.test.context.CacheAwareContextLoaderDelegate)]
11:43:10.394 [main] DEBUG org.springframework.test.context.BootstrapUtils - Instantiating TestContextBootstrapper for test class [de.kreuzwerker.cdc.userservice.GenericStateWithParameterContractTest] from class [org.springframework.boot.test.context.SpringBootTestContextBootstrapper]
11:43:10.407 [main] INFO org.springframework.boot.test.context.SpringBootTestContextBootstrapper - Neither @ContextConfiguration nor @ContextHierarchy found for test class [de.kreuzwerker.cdc.userservice.GenericStateWithParameterContractTest], using SpringBootContextLoader
11:43:10.410 [main] DEBUG org.springframework.test.context.support.AbstractContextLoader - Did not detect default resource location for test class [de.kreuzwerker.cdc.userservice.GenericStateWithParameterContractTest]: class path resource [de/kreuzwerker/cdc/userservice/GenericStateWithParameterContractTest-context.xml] does not exist
11:43:10.411 [main] DEBUG org.springframework.test.context.support.AbstractContextLoader - Did not detect default resource location for test class [de.kreuzwerker.cdc.userservice.GenericStateWithParameterContractTest]: class path resource [de/kreuzwerker/cdc/userservice/GenericStateWithParameterContractTestContext.groovy] does not exist
11:43:10.411 [main] INFO org.springframework.test.context.support.AbstractContextLoader - Could not detect default resource locations for test class [de.kreuzwerker.cdc.userservice.GenericStateWithParameterContractTest]: no resource found for suffixes {-context.xml, Context.groovy}.
11:43:10.413 [main] INFO org.springframework.test.context.support.AnnotationConfigContextLoaderUtils - Could not detect default configuration classes for test class [de.kreuzwerker.cdc.userservice.GenericStateWithParameterContractTest]: GenericStateWithParameterContractTest does not declare any static, non-private, non-final, nested classes annotated with @Configuration.
11:43:10.452 [main] DEBUG org.springframework.test.context.support.ActiveProfilesUtils - Could not find an 'annotation declaring class' for annotation type [org.springframework.test.context.ActiveProfiles] and class [de.kreuzwerker.cdc.userservice.GenericStateWithParameterContractTest]
11:43:10.462 [main] DEBUG org.springframework.core.env.StandardEnvironment - Adding PropertySource 'systemProperties' with lowest search precedence
11:43:10.462 [main] DEBUG org.springframework.core.env.StandardEnvironment - Adding PropertySource 'systemEnvironment' with lowest search precedence
11:43:10.463 [main] DEBUG org.springframework.core.env.StandardEnvironment - Initialized StandardEnvironment with PropertySources [MapPropertySource@1541049864 {name='systemProperties', properties={sun.desktop=windows, awt.toolkit=sun.awt.windows.WToolkit, java.specification.version=12, sun.cpu.isalist=amd64, sun.jnu.encoding=Cp1252, java.class.path=D:\JAVA_CODE\cdc-with-pact\user-service\target\test-classes;D:\JAVA_CODE\cdc-with-pact\user-service\target\classes;C:\Users\raupppee\.m2\repository\org\springframework\boot\spring-boot-starter-web\2.0.6.RELEASE\spring-boot-starter-web-2.0.6.RELEASE.jar;C:\Users\raupppee\.m2\repository\org\springframework\boot\spring-boot-starter\2.0.6.RELEASE\spring-boot-starter-2.0.6.RELEASE.jar;C:\Users\raupppee\.m2\repository\org\springframework\boot\spring-boot\2.0.6.RELEASE\spring-boot-2.0.6.RELEASE.jar;C:\Users\raupppee\.m2\repository\org\springframework\boot\spring-boot-autoconfigure\2.0.6.RELEASE\spring-boot-autoconfigure-2.0.6.RELEASE.jar;C:\Users\raupppee\.m2\repository\org\springframework\boot\spring-boot-starter-logging\2.0.6.RELEASE\spring-boot-starter-logging-2.0.6.RELEASE.jar;C:\Users\raupppee\.m2\repository\ch\qos\logback\logback-classic\1.2.3\logback-classic-1.2.3.jar;C:\Users\raupppee\.m2\repository\ch\qos\logback\logback-core\1.2.3\logback-core-1.2.3.jar;C:\Users\raupppee\.m2\repository\org\apache\logging\log4j\log4j-to-slf4j\2.10.0\log4j-to-slf4j-2.10.0.jar;C:\Users\raupppee\.m2\repository\org\apache\logging\log4j\log4j-api\2.10.0\log4j-api-2.10.0.jar;C:\Users\raupppee\.m2\repository\org\slf4j\jul-to-slf4j\1.7.25\jul-to-slf4j-1.7.25.jar;C:\Users\raupppee\.m2\repository\javax\annotation\javax.annotation-api\1.3.2\javax.annotation-api-1.3.2.jar;C:\Users\raupppee\.m2\repository\org\yaml\snakeyaml\1.19\snakeyaml-1.19.jar;C:\Users\raupppee\.m2\repository\org\springframework\boot\spring-boot-starter-json\2.0.6.RELEASE\spring-boot-starter-json-2.0.6.RELEASE.jar;C:\Users\raupppee\.m2\repository\com\fasterxml\jackson\core\jackson-databind\2.9.7\jackson-databind-2.9.7.jar;C:\Users\raupppee\.m2\repository\com\fasterxml\jackson\datatype\jackson-datatype-jdk8\2.9.7\jackson-datatype-jdk8-2.9.7.jar;C:\Users\raupppee\.m2\repository\com\fasterxml\jackson\datatype\jackson-datatype-jsr310\2.9.7\jackson-datatype-jsr310-2.9.7.jar;C:\Users\raupppee\.m2\repository\com\fasterxml\jackson\module\jackson-module-parameter-names\2.9.7\jackson-module-parameter-names-2.9.7.jar;C:\Users\raupppee\.m2\repository\org\springframework\boot\spring-boot-starter-tomcat\2.0.6.RELEASE\spring-boot-starter-tomcat-2.0.6.RELEASE.jar;C:\Users\raupppee\.m2\repository\org\apache\tomcat\embed\tomcat-embed-core\8.5.34\tomcat-embed-core-8.5.34.jar;C:\Users\raupppee\.m2\repository\org\apache\tomcat\embed\tomcat-embed-el\8.5.34\tomcat-embed-el-8.5.34.jar;C:\Users\raupppee\.m2\repository\org\apache\tomcat\embed\tomcat-embed-websocket\8.5.34\tomcat-embed-websocket-8.5.34.jar;C:\Users\raupppee\.m2\repository\org\hibernate\validator\hibernate-validator\6.0.13.Final\hibernate-validator-6.0.13.Final.jar;C:\Users\raupppee\.m2\repository\javax\validation\validation-api\2.0.1.Final\validation-api-2.0.1.Final.jar;C:\Users\raupppee\.m2\repository\org\jboss\logging\jboss-logging\3.3.2.Final\jboss-logging-3.3.2.Final.jar;C:\Users\raupppee\.m2\repository\com\fasterxml\classmate\1.3.4\classmate-1.3.4.jar;C:\Users\raupppee\.m2\repository\org\springframework\spring-web\5.0.10.RELEASE\spring-web-5.0.10.RELEASE.jar;C:\Users\raupppee\.m2\repository\org\springframework\spring-beans\5.0.10.RELEASE\spring-beans-5.0.10.RELEASE.jar;C:\Users\raupppee\.m2\repository\org\springframework\spring-webmvc\5.0.10.RELEASE\spring-webmvc-5.0.10.RELEASE.jar;C:\Users\raupppee\.m2\repository\org\springframework\spring-aop\5.0.10.RELEASE\spring-aop-5.0.10.RELEASE.jar;C:\Users\raupppee\.m2\repository\org\springframework\spring-context\5.0.10.RELEASE\spring-context-5.0.10.RELEASE.jar;C:\Users\raupppee\.m2\repository\org\springframework\spring-expression\5.0.10.RELEASE\spring-expression-5.0.10.RELEASE.jar;C:\Users\raupppee\.m2\repository\org\projectlombok\lombok\1.16.22\lombok-1.16.22.jar;C:\Users\raupppee\.m2\repository\org\springframework\boot\spring-boot-starter-test\2.0.6.RELEASE\spring-boot-starter-test-2.0.6.RELEASE.jar;C:\Users\raupppee\.m2\repository\org\springframework\boot\spring-boot-test\2.0.6.RELEASE\spring-boot-test-2.0.6.RELEASE.jar;C:\Users\raupppee\.m2\repository\org\springframework\boot\spring-boot-test-autoconfigure\2.0.6.RELEASE\spring-boot-test-autoconfigure-2.0.6.RELEASE.jar;C:\Users\raupppee\.m2\repository\com\jayway\jsonpath\json-path\2.4.0\json-path-2.4.0.jar;C:\Users\raupppee\.m2\repository\net\minidev\json-smart\2.3\json-smart-2.3.jar;C:\Users\raupppee\.m2\repository\net\minidev\accessors-smart\1.2\accessors-smart-1.2.jar;C:\Users\raupppee\.m2\repository\org\ow2\asm\asm\5.0.4\asm-5.0.4.jar;C:\Users\raupppee\.m2\repository\org\slf4j\slf4j-api\1.7.25\slf4j-api-1.7.25.jar;C:\Users\raupppee\.m2\repository\junit\junit\4.12\junit-4.12.jar;C:\Users\raupppee\.m2\repository\org\assertj\assertj-core\3.9.1\assertj-core-3.9.1.jar;C:\Users\raupppee\.m2\repository\org\mockito\mockito-core\2.15.0\mockito-core-2.15.0.jar;C:\Users\raupppee\.m2\repository\net\bytebuddy\byte-buddy\1.7.11\byte-buddy-1.7.11.jar;C:\Users\raupppee\.m2\repository\net\bytebuddy\byte-buddy-agent\1.7.11\byte-buddy-agent-1.7.11.jar;C:\Users\raupppee\.m2\repository\org\objenesis\objenesis\2.6\objenesis-2.6.jar;C:\Users\raupppee\.m2\repository\org\hamcrest\hamcrest-core\1.3\hamcrest-core-1.3.jar;C:\Users\raupppee\.m2\repository\org\hamcrest\hamcrest-library\1.3\hamcrest-library-1.3.jar;C:\Users\raupppee\.m2\repository\org\skyscreamer\jsonassert\1.5.0\jsonassert-1.5.0.jar;C:\Users\raupppee\.m2\repository\com\vaadin\external\google\android-json\0.0.20131108.vaadin1\android-json-0.0.20131108.vaadin1.jar;C:\Users\raupppee\.m2\repository\org\springframework\spring-core\5.0.10.RELEASE\spring-core-5.0.10.RELEASE.jar;C:\Users\raupppee\.m2\repository\org\springframework\spring-jcl\5.0.10.RELEASE\spring-jcl-5.0.10.RELEASE.jar;C:\Users\raupppee\.m2\repository\org\springframework\spring-test\5.0.10.RELEASE\spring-test-5.0.10.RELEASE.jar;C:\Users\raupppee\.m2\repository\org\xmlunit\xmlunit-core\2.5.1\xmlunit-core-2.5.1.jar;C:\Users\raupppee\.m2\repository\au\com\dius\pact-jvm-provider-spring_2.12\3.6.12\pact-jvm-provider-spring_2.12-3.6.12.jar;C:\Users\raupppee\.m2\repository\au\com\dius\pact-jvm-provider-junit_2.12\3.6.12\pact-jvm-provider-junit_2.12-3.6.12.jar;C:\Users\raupppee\.m2\repository\au\com\dius\pact-jvm-support\3.6.12\pact-jvm-support-3.6.12.jar;C:\Users\raupppee\.m2\repository\org\jetbrains\kotlin\kotlin-stdlib-jdk8\1.2.51\kotlin-stdlib-jdk8-1.2.51.jar;C:\Users\raupppee\.m2\repository\org\jetbrains\kotlin\kotlin-stdlib\1.2.51\kotlin-stdlib-1.2.51.jar;C:\Users\raupppee\.m2\repository\org\jetbrains\kotlin\kotlin-stdlib-common\1.2.51\kotlin-stdlib-common-1.2.51.jar;C:\Users\raupppee\.m2\repository\org\jetbrains\annotations\13.0\annotations-13.0.jar;C:\Users\raupppee\.m2\repository\org\jetbrains\kotlin\kotlin-stdlib-jdk7\1.2.51\kotlin-stdlib-jdk7-1.2.51.jar;C:\Users\raupppee\.m2\repository\com\google\code\findbugs\jsr305\3.0.2\jsr305-3.0.2.jar;C:\Users\raupppee\.m2\repository\com\google\code\gson\gson\2.8.5\gson-2.8.5.jar;C:\Users\raupppee\.m2\repository\com\github\salomonbrys\kotson\kotson\2.5.0\kotson-2.5.0.jar;C:\Users\raupppee\.m2\repository\au\com\dius\pact-jvm-provider_2.12\3.6.12\pact-jvm-provider_2.12-3.6.12.jar;C:\Users\raupppee\.m2\repository\au\com\dius\pact-jvm-model\3.6.12\pact-jvm-model-3.6.12.jar;C:\Users\raupppee\.m2\repository\com\github\zafarkhaja\java-semver\0.9.0\java-semver-0.9.0.jar;C:\Users\raupppee\.m2\repository\org\apache\commons\commons-collections4\4.1\commons-collections4-4.1.jar;C:\Users\raupppee\.m2\repository\com\github\mifmif\generex\1.0.2\generex-1.0.2.jar;C:\Users\raupppee\.m2\repository\dk\brics\automaton\automaton\1.11-8\automaton-1.11-8.jar;C:\Users\raupppee\.m2\repository\org\jetbrains\kotlin\kotlin-reflect\1.2.51\kotlin-reflect-1.2.51.jar;C:\Users\raupppee\.m2\repository\com\amazonaws\aws-java-sdk-s3\1.11.587\aws-java-sdk-s3-1.11.587.jar;C:\Users\raupppee\.m2\repository\com\amazonaws\aws-java-sdk-kms\1.11.587\aws-java-sdk-kms-1.11.587.jar;C:\Users\raupppee\.m2\repository\com\amazonaws\aws-java-sdk-core\1.11.587\aws-java-sdk-core-1.11.587.jar;C:\Users\raupppee\.m2\repository\software\amazon\ion\ion-java\1.0.2\ion-java-1.0.2.jar;C:\Users\raupppee\.m2\repository\com\fasterxml\jackson\dataformat\jackson-dataformat-cbor\2.9.7\jackson-dataformat-cbor-2.9.7.jar;C:\Users\raupppee\.m2\repository\com\amazonaws\jmespath-java\1.11.587\jmespath-java-1.11.587.jar;C:\Users\raupppee\.m2\repository\au\com\dius\pact-jvm-pact-broker\3.6.12\pact-jvm-pact-broker-3.6.12.jar;C:\Users\raupppee\.m2\repository\org\codehaus\groovy\groovy\2.4.15\groovy-2.4.15.jar;C:\Users\raupppee\.m2\repository\org\codehaus\groovy\groovy-json\2.4.15\groovy-json-2.4.15.jar;C:\Users\raupppee\.m2\repository\org\dmfs\rfc3986-uri\0.8\rfc3986-uri-0.8.jar;C:\Users\raupppee\.m2\repository\org\dmfs\iterators\1.5\iterators-1.5.jar;C:\Users\raupppee\.m2\repository\org\dmfs\optional\0.3\optional-0.3.jar;C:\Users\raupppee\.m2\repository\io\github\microutils\kotlin-logging\1.4.4\kotlin-logging-1.4.4.jar;C:\Users\raupppee\.m2\repository\au\com\dius\pact-jvm-matchers_2.12\3.6.12\pact-jvm-matchers_2.12-3.6.12.jar;C:\Users\raupppee\.m2\repository\io\gatling\jsonpath_2.12\0.6.10\jsonpath_2.12-0.6.10.jar;C:\Users\raupppee\.m2\repository\org\scala-lang\modules\scala-parser-combinators_2.12\1.0.6\scala-parser-combinators_2.12-1.0.6.jar;C:\Users\raupppee\.m2\repository\com\googlecode\java-diff-utils\diffutils\1.3.0\diffutils-1.3.0.jar;C:\Users\raupppee\.m2\repository\org\scala-lang\modules\scala-xml_2.12\1.0.6\scala-xml_2.12-1.0.6.jar;C:\Users\raupppee\.m2\repository\org\scala-lang\scala-library\2.12.7\scala-library-2.12.7.jar;C:\Users\raupppee\.m2\repository\com\typesafe\scala-logging\scala-logging_2.12\3.7.2\scala-logging_2.12-3.7.2.jar;C:\Users\raupppee\.m2\repository\org\atteo\evo-inflector\1.2.2\evo-inflector-1.2.2.jar;C:\Users\raupppee\.m2\repository\commons-io\commons-io\2.5\commons-io-2.5.jar;C:\Users\raupppee\.m2\repository\org\fusesource\jansi\jansi\1.17.1\jansi-1.17.1.jar;C:\Users\raupppee\.m2\repository\org\reflections\reflections\0.9.11\reflections-0.9.11.jar;C:\Users\raupppee\.m2\repository\org\javassist\javassist\3.21.0-GA\javassist-3.21.0-GA.jar;C:\Users\raupppee\.m2\repository\org\scala-lang\modules\scala-java8-compat_2.12\0.9.0\scala-java8-compat_2.12-0.9.0.jar;C:\Users\raupppee\.m2\repository\org\apache\httpcomponents\fluent-hc\4.5.6\fluent-hc-4.5.6.jar;C:\Users\raupppee\.m2\repository\commons-logging\commons-logging\1.2\commons-logging-1.2.jar;C:\Users\raupppee\.m2\repository\org\apache\httpcomponents\httpclient\4.5.6\httpclient-4.5.6.jar;C:\Users\raupppee\.m2\repository\org\apache\httpcomponents\httpcore\4.4.10\httpcore-4.4.10.jar;C:\Users\raupppee\.m2\repository\commons-codec\commons-codec\1.11\commons-codec-1.11.jar;C:\Users\raupppee\.m2\repository\org\apache\commons\commons-lang3\3.7\commons-lang3-3.7.jar;C:\Users\raupppee\.m2\repository\org\jooq\jool\0.9.14\jool-0.9.14.jar;C:\Users\raupppee\.m2\repository\com\github\rholder\guava-retrying\2.0.0\guava-retrying-2.0.0.jar;C:\Users\raupppee\.m2\repository\com\google\guava\guava\28.0-jre\guava-28.0-jre.jar;C:\Users\raupppee\.m2\repository\com\google\guava\failureaccess\1.0.1\failureaccess-1.0.1.jar;C:\Users\raupppee\.m2\repository\com\google\guava\listenablefuture\9999.0-empty-to-avoid-conflict-with-guava\listenablefuture-9999.0-empty-to-avoid-conflict-with-guava.jar;C:\Users\raupppee\.m2\repository\org\checkerframework\checker-qual\2.8.1\checker-qual-2.8.1.jar;C:\Users\raupppee\.m2\repository\com\google\errorprone\error_prone_annotations\2.3.2\error_prone_annotations-2.3.2.jar;C:\Users\raupppee\.m2\repository\com\google\j2objc\j2objc-annotations\1.3\j2objc-annotations-1.3.jar;C:\Users\raupppee\.m2\repository\org\codehaus\mojo\animal-sniffer-annotations\1.17\animal-sniffer-annotations-1.17.jar;C:\Users\raupppee\.m2\repository\javax\mail\mail\1.5.0-b01\mail-1.5.0-b01.jar;C:\Users\raupppee\.m2\repository\javax\activation\activation\1.1\activation-1.1.jar;C:\Users\raupppee\.m2\repository\javax\servlet\javax.servlet-api\3.1.0\javax.servlet-api-3.1.0.jar;C:\Users\raupppee\.m2\repository\com\fasterxml\jackson\datatype\jackson-datatype-joda\2.9.7\jackson-datatype-joda-2.9.7.jar;C:\Users\raupppee\.m2\repository\com\fasterxml\jackson\core\jackson-annotations\2.9.0\jackson-annotations-2.9.0.jar;C:\Users\raupppee\.m2\repository\com\fasterxml\jackson\core\jackson-core\2.9.7\jackson-core-2.9.7.jar;C:\Users\raupppee\.m2\repository\joda-time\joda-time\2.9.9\joda-time-2.9.9.jar;, java.vm.vendor=Oracle Corporation, sun.arch.data.model=64, user.variant=, java.vendor.url=https://java.oracle.com/, user.timezone=Europe/Madrid, java.vm.specification.version=12, os.name=Windows 10, sun.java.launcher=SUN_STANDARD, user.country=ES, sun.boot.library.path=D:\Java\jdk-12.0.1\bin, sun.java.command=C:\Users\raupppee\AppData\Local\Temp\surefire16818461444309088203\surefirebooter16741657932593849705.jar C:\Users\raupppee\AppData\Local\Temp\surefire16818461444309088203 2019-07-25T11-43-07_918-jvmRun1 surefire16870811210975851061tmp surefire_010991746299457325663tmp, jdk.debug=release, surefire.test.class.path=D:\JAVA_CODE\cdc-with-pact\user-service\target\test-classes;D:\JAVA_CODE\cdc-with-pact\user-service\target\classes;C:\Users\raupppee\.m2\repository\org\springframework\boot\spring-boot-starter-web\2.0.6.RELEASE\spring-boot-starter-web-2.0.6.RELEASE.jar;C:\Users\raupppee\.m2\repository\org\springframework\boot\spring-boot-starter\2.0.6.RELEASE\spring-boot-starter-2.0.6.RELEASE.jar;C:\Users\raupppee\.m2\repository\org\springframework\boot\spring-boot\2.0.6.RELEASE\spring-boot-2.0.6.RELEASE.jar;C:\Users\raupppee\.m2\repository\org\springframework\boot\spring-boot-autoconfigure\2.0.6.RELEASE\spring-boot-autoconfigure-2.0.6.RELEASE.jar;C:\Users\raupppee\.m2\repository\org\springframework\boot\spring-boot-starter-logging\2.0.6.RELEASE\spring-boot-starter-logging-2.0.6.RELEASE.jar;C:\Users\raupppee\.m2\repository\ch\qos\logback\logback-classic\1.2.3\logback-classic-1.2.3.jar;C:\Users\raupppee\.m2\repository\ch\qos\logback\logback-core\1.2.3\logback-core-1.2.3.jar;C:\Users\raupppee\.m2\repository\org\apache\logging\log4j\log4j-to-slf4j\2.10.0\log4j-to-slf4j-2.10.0.jar;C:\Users\raupppee\.m2\repository\org\apache\logging\log4j\log4j-api\2.10.0\log4j-api-2.10.0.jar;C:\Users\raupppee\.m2\repository\org\slf4j\jul-to-slf4j\1.7.25\jul-to-slf4j-1.7.25.jar;C:\Users\raupppee\.m2\repository\javax\annotation\javax.annotation-api\1.3.2\javax.annotation-api-1.3.2.jar;C:\Users\raupppee\.m2\repository\org\yaml\snakeyaml\1.19\snakeyaml-1.19.jar;C:\Users\raupppee\.m2\repository\org\springframework\boot\spring-boot-starter-json\2.0.6.RELEASE\spring-boot-starter-json-2.0.6.RELEASE.jar;C:\Users\raupppee\.m2\repository\com\fasterxml\jackson\core\jackson-databind\2.9.7\jackson-databind-2.9.7.jar;C:\Users\raupppee\.m2\repository\com\fasterxml\jackson\datatype\jackson-datatype-jdk8\2.9.7\jackson-datatype-jdk8-2.9.7.jar;C:\Users\raupppee\.m2\repository\com\fasterxml\jackson\datatype\jackson-datatype-jsr310\2.9.7\jackson-datatype-jsr310-2.9.7.jar;C:\Users\raupppee\.m2\repository\com\fasterxml\jackson\module\jackson-module-parameter-names\2.9.7\jackson-module-parameter-names-2.9.7.jar;C:\Users\raupppee\.m2\repository\org\springframework\boot\spring-boot-starter-tomcat\2.0.6.RELEASE\spring-boot-starter-tomcat-2.0.6.RELEASE.jar;C:\Users\raupppee\.m2\repository\org\apache\tomcat\embed\tomcat-embed-core\8.5.34\tomcat-embed-core-8.5.34.jar;C:\Users\raupppee\.m2\repository\org\apache\tomcat\embed\tomcat-embed-el\8.5.34\tomcat-embed-el-8.5.34.jar;C:\Users\raupppee\.m2\repository\org\apache\tomcat\embed\tomcat-embed-websocket\8.5.34\tomcat-embed-websocket-8.5.34.jar;C:\Users\raupppee\.m2\repository\org\hibernate\validator\hibernate-validator\6.0.13.Final\hibernate-validator-6.0.13.Final.jar;C:\Users\raupppee\.m2\repository\javax\validation\validation-api\2.0.1.Final\validation-api-2.0.1.Final.jar;C:\Users\raupppee\.m2\repository\org\jboss\logging\jboss-logging\3.3.2.Final\jboss-logging-3.3.2.Final.jar;C:\Users\raupppee\.m2\repository\com\fasterxml\classmate\1.3.4\classmate-1.3.4.jar;C:\Users\raupppee\.m2\repository\org\springframework\spring-web\5.0.10.RELEASE\spring-web-5.0.10.RELEASE.jar;C:\Users\raupppee\.m2\repository\org\springframework\spring-beans\5.0.10.RELEASE\spring-beans-5.0.10.RELEASE.jar;C:\Users\raupppee\.m2\repository\org\springframework\spring-webmvc\5.0.10.RELEASE\spring-webmvc-5.0.10.RELEASE.jar;C:\Users\raupppee\.m2\repository\org\springframework\spring-aop\5.0.10.RELEASE\spring-aop-5.0.10.RELEASE.jar;C:\Users\raupppee\.m2\repository\org\springframework\spring-context\5.0.10.RELEASE\spring-context-5.0.10.RELEASE.jar;C:\Users\raupppee\.m2\repository\org\springframework\spring-expression\5.0.10.RELEASE\spring-expression-5.0.10.RELEASE.jar;C:\Users\raupppee\.m2\repository\org\projectlombok\lombok\1.16.22\lombok-1.16.22.jar;C:\Users\raupppee\.m2\repository\org\springframework\boot\spring-boot-starter-test\2.0.6.RELEASE\spring-boot-starter-test-2.0.6.RELEASE.jar;C:\Users\raupppee\.m2\repository\org\springframework\boot\spring-boot-test\2.0.6.RELEASE\spring-boot-test-2.0.6.RELEASE.jar;C:\Users\raupppee\.m2\repository\org\springframework\boot\spring-boot-test-autoconfigure\2.0.6.RELEASE\spring-boot-test-autoconfigure-2.0.6.RELEASE.jar;C:\Users\raupppee\.m2\repository\com\jayway\jsonpath\json-path\2.4.0\json-path-2.4.0.jar;C:\Users\raupppee\.m2\repository\net\minidev\json-smart\2.3\json-smart-2.3.jar;C:\Users\raupppee\.m2\repository\net\minidev\accessors-smart\1.2\accessors-smart-1.2.jar;C:\Users\raupppee\.m2\repository\org\ow2\asm\asm\5.0.4\asm-5.0.4.jar;C:\Users\raupppee\.m2\repository\org\slf4j\slf4j-api\1.7.25\slf4j-api-1.7.25.jar;C:\Users\raupppee\.m2\repository\junit\junit\4.12\junit-4.12.jar;C:\Users\raupppee\.m2\repository\org\assertj\assertj-core\3.9.1\assertj-core-3.9.1.jar;C:\Users\raupppee\.m2\repository\org\mockito\mockito-core\2.15.0\mockito-core-2.15.0.jar;C:\Users\raupppee\.m2\repository\net\bytebuddy\byte-buddy\1.7.11\byte-buddy-1.7.11.jar;C:\Users\raupppee\.m2\repository\net\bytebuddy\byte-buddy-agent\1.7.11\byte-buddy-agent-1.7.11.jar;C:\Users\raupppee\.m2\repository\org\objenesis\objenesis\2.6\objenesis-2.6.jar;C:\Users\raupppee\.m2\repository\org\hamcrest\hamcrest-core\1.3\hamcrest-core-1.3.jar;C:\Users\raupppee\.m2\repository\org\hamcrest\hamcrest-library\1.3\hamcrest-library-1.3.jar;C:\Users\raupppee\.m2\repository\org\skyscreamer\jsonassert\1.5.0\jsonassert-1.5.0.jar;C:\Users\raupppee\.m2\repository\com\vaadin\external\google\android-json\0.0.20131108.vaadin1\android-json-0.0.20131108.vaadin1.jar;C:\Users\raupppee\.m2\repository\org\springframework\spring-core\5.0.10.RELEASE\spring-core-5.0.10.RELEASE.jar;C:\Users\raupppee\.m2\repository\org\springframework\spring-jcl\5.0.10.RELEASE\spring-jcl-5.0.10.RELEASE.jar;C:\Users\raupppee\.m2\repository\org\springframework\spring-test\5.0.10.RELEASE\spring-test-5.0.10.RELEASE.jar;C:\Users\raupppee\.m2\repository\org\xmlunit\xmlunit-core\2.5.1\xmlunit-core-2.5.1.jar;C:\Users\raupppee\.m2\repository\au\com\dius\pact-jvm-provider-spring_2.12\3.6.12\pact-jvm-provider-spring_2.12-3.6.12.jar;C:\Users\raupppee\.m2\repository\au\com\dius\pact-jvm-provider-junit_2.12\3.6.12\pact-jvm-provider-junit_2.12-3.6.12.jar;C:\Users\raupppee\.m2\repository\au\com\dius\pact-jvm-support\3.6.12\pact-jvm-support-3.6.12.jar;C:\Users\raupppee\.m2\repository\org\jetbrains\kotlin\kotlin-stdlib-jdk8\1.2.51\kotlin-stdlib-jdk8-1.2.51.jar;C:\Users\raupppee\.m2\repository\org\jetbrains\kotlin\kotlin-stdlib\1.2.51\kotlin-stdlib-1.2.51.jar;C:\Users\raupppee\.m2\repository\org\jetbrains\kotlin\kotlin-stdlib-common\1.2.51\kotlin-stdlib-common-1.2.51.jar;C:\Users\raupppee\.m2\repository\org\jetbrains\annotations\13.0\annotations-13.0.jar;C:\Users\raupppee\.m2\repository\org\jetbrains\kotlin\kotlin-stdlib-jdk7\1.2.51\kotlin-stdlib-jdk7-1.2.51.jar;C:\Users\raupppee\.m2\repository\com\google\code\findbugs\jsr305\3.0.2\jsr305-3.0.2.jar;C:\Users\raupppee\.m2\repository\com\google\code\gson\gson\2.8.5\gson-2.8.5.jar;C:\Users\raupppee\.m2\repository\com\github\salomonbrys\kotson\kotson\2.5.0\kotson-2.5.0.jar;C:\Users\raupppee\.m2\repository\au\com\dius\pact-jvm-provider_2.12\3.6.12\pact-jvm-provider_2.12-3.6.12.jar;C:\Users\raupppee\.m2\repository\au\com\dius\pact-jvm-model\3.6.12\pact-jvm-model-3.6.12.jar;C:\Users\raupppee\.m2\repository\com\github\zafarkhaja\java-semver\0.9.0\java-semver-0.9.0.jar;C:\Users\raupppee\.m2\repository\org\apache\commons\commons-collections4\4.1\commons-collections4-4.1.jar;C:\Users\raupppee\.m2\repository\com\github\mifmif\generex\1.0.2\generex-1.0.2.jar;C:\Users\raupppee\.m2\repository\dk\brics\automaton\automaton\1.11-8\automaton-1.11-8.jar;C:\Users\raupppee\.m2\repository\org\jetbrains\kotlin\kotlin-reflect\1.2.51\kotlin-reflect-1.2.51.jar;C:\Users\raupppee\.m2\repository\com\amazonaws\aws-java-sdk-s3\1.11.587\aws-java-sdk-s3-1.11.587.jar;C:\Users\raupppee\.m2\repository\com\amazonaws\aws-java-sdk-kms\1.11.587\aws-java-sdk-kms-1.11.587.jar;C:\Users\raupppee\.m2\repository\com\amazonaws\aws-java-sdk-core\1.11.587\aws-java-sdk-core-1.11.587.jar;C:\Users\raupppee\.m2\repository\software\amazon\ion\ion-java\1.0.2\ion-java-1.0.2.jar;C:\Users\raupppee\.m2\repository\com\fasterxml\jackson\dataformat\jackson-dataformat-cbor\2.9.7\jackson-dataformat-cbor-2.9.7.jar;C:\Users\raupppee\.m2\repository\com\amazonaws\jmespath-java\1.11.587\jmespath-java-1.11.587.jar;C:\Users\raupppee\.m2\repository\au\com\dius\pact-jvm-pact-broker\3.6.12\pact-jvm-pact-broker-3.6.12.jar;C:\Users\raupppee\.m2\repository\org\codehaus\groovy\groovy\2.4.15\groovy-2.4.15.jar;C:\Users\raupppee\.m2\repository\org\codehaus\groovy\groovy-json\2.4.15\groovy-json-2.4.15.jar;C:\Users\raupppee\.m2\repository\org\dmfs\rfc3986-uri\0.8\rfc3986-uri-0.8.jar;C:\Users\raupppee\.m2\repository\org\dmfs\iterators\1.5\iterators-1.5.jar;C:\Users\raupppee\.m2\repository\org\dmfs\optional\0.3\optional-0.3.jar;C:\Users\raupppee\.m2\repository\io\github\microutils\kotlin-logging\1.4.4\kotlin-logging-1.4.4.jar;C:\Users\raupppee\.m2\repository\au\com\dius\pact-jvm-matchers_2.12\3.6.12\pact-jvm-matchers_2.12-3.6.12.jar;C:\Users\raupppee\.m2\repository\io\gatling\jsonpath_2.12\0.6.10\jsonpath_2.12-0.6.10.jar;C:\Users\raupppee\.m2\repository\org\scala-lang\modules\scala-parser-combinators_2.12\1.0.6\scala-parser-combinators_2.12-1.0.6.jar;C:\Users\raupppee\.m2\repository\com\googlecode\java-diff-utils\diffutils\1.3.0\diffutils-1.3.0.jar;C:\Users\raupppee\.m2\repository\org\scala-lang\modules\scala-xml_2.12\1.0.6\scala-xml_2.12-1.0.6.jar;C:\Users\raupppee\.m2\repository\org\scala-lang\scala-library\2.12.7\scala-library-2.12.7.jar;C:\Users\raupppee\.m2\repository\com\typesafe\scala-logging\scala-logging_2.12\3.7.2\scala-logging_2.12-3.7.2.jar;C:\Users\raupppee\.m2\repository\org\atteo\evo-inflector\1.2.2\evo-inflector-1.2.2.jar;C:\Users\raupppee\.m2\repository\commons-io\commons-io\2.5\commons-io-2.5.jar;C:\Users\raupppee\.m2\repository\org\fusesource\jansi\jansi\1.17.1\jansi-1.17.1.jar;C:\Users\raupppee\.m2\repository\org\reflections\reflections\0.9.11\reflections-0.9.11.jar;C:\Users\raupppee\.m2\repository\org\javassist\javassist\3.21.0-GA\javassist-3.21.0-GA.jar;C:\Users\raupppee\.m2\repository\org\scala-lang\modules\scala-java8-compat_2.12\0.9.0\scala-java8-compat_2.12-0.9.0.jar;C:\Users\raupppee\.m2\repository\org\apache\httpcomponents\fluent-hc\4.5.6\fluent-hc-4.5.6.jar;C:\Users\raupppee\.m2\repository\commons-logging\commons-logging\1.2\commons-logging-1.2.jar;C:\Users\raupppee\.m2\repository\org\apache\httpcomponents\httpclient\4.5.6\httpclient-4.5.6.jar;C:\Users\raupppee\.m2\repository\org\apache\httpcomponents\httpcore\4.4.10\httpcore-4.4.10.jar;C:\Users\raupppee\.m2\repository\commons-codec\commons-codec\1.11\commons-codec-1.11.jar;C:\Users\raupppee\.m2\repository\org\apache\commons\commons-lang3\3.7\commons-lang3-3.7.jar;C:\Users\raupppee\.m2\repository\org\jooq\jool\0.9.14\jool-0.9.14.jar;C:\Users\raupppee\.m2\repository\com\github\rholder\guava-retrying\2.0.0\guava-retrying-2.0.0.jar;C:\Users\raupppee\.m2\repository\com\google\guava\guava\28.0-jre\guava-28.0-jre.jar;C:\Users\raupppee\.m2\repository\com\google\guava\failureaccess\1.0.1\failureaccess-1.0.1.jar;C:\Users\raupppee\.m2\repository\com\google\guava\listenablefuture\9999.0-empty-to-avoid-conflict-with-guava\listenablefuture-9999.0-empty-to-avoid-conflict-with-guava.jar;C:\Users\raupppee\.m2\repository\org\checkerframework\checker-qual\2.8.1\checker-qual-2.8.1.jar;C:\Users\raupppee\.m2\repository\com\google\errorprone\error_prone_annotations\2.3.2\error_prone_annotations-2.3.2.jar;C:\Users\raupppee\.m2\repository\com\google\j2objc\j2objc-annotations\1.3\j2objc-annotations-1.3.jar;C:\Users\raupppee\.m2\repository\org\codehaus\mojo\animal-sniffer-annotations\1.17\animal-sniffer-annotations-1.17.jar;C:\Users\raupppee\.m2\repository\javax\mail\mail\1.5.0-b01\mail-1.5.0-b01.jar;C:\Users\raupppee\.m2\repository\javax\activation\activation\1.1\activation-1.1.jar;C:\Users\raupppee\.m2\repository\javax\servlet\javax.servlet-api\3.1.0\javax.servlet-api-3.1.0.jar;C:\Users\raupppee\.m2\repository\com\fasterxml\jackson\datatype\jackson-datatype-joda\2.9.7\jackson-datatype-joda-2.9.7.jar;C:\Users\raupppee\.m2\repository\com\fasterxml\jackson\core\jackson-annotations\2.9.0\jackson-annotations-2.9.0.jar;C:\Users\raupppee\.m2\repository\com\fasterxml\jackson\core\jackson-core\2.9.7\jackson-core-2.9.7.jar;C:\Users\raupppee\.m2\repository\joda-time\joda-time\2.9.9\joda-time-2.9.9.jar;, sun.cpu.endian=little, user.home=C:\Users\raupppee, user.language=es, java.specification.vendor=Oracle Corporation, java.version.date=2019-04-16, java.home=D:\Java\jdk-12.0.1, file.separator=\, basedir=D:\JAVA_CODE\cdc-with-pact\user-service, java.vm.compressedOopsMode=Zero based, line.separator=
, java.vm.specification.vendor=Oracle Corporation, java.specification.name=Java Platform API Specification, java.awt.graphicsenv=sun.awt.Win32GraphicsEnvironment, surefire.real.class.path=C:\Users\raupppee\AppData\Local\Temp\surefire16818461444309088203\surefirebooter16741657932593849705.jar, user.script=, sun.management.compiler=HotSpot 64-Bit Tiered Compilers, java.runtime.version=12.0.1+12, user.name=raupppee, path.separator=;, os.version=10.0, java.runtime.name=OpenJDK Runtime Environment, file.encoding=Cp1252, java.vm.name=OpenJDK 64-Bit Server VM, localRepository=C:\Users\raupppee\.m2\repository, java.vendor.url.bug=https://bugreport.java.com/bugreport/, java.io.tmpdir=C:\Users\raupppee\AppData\Local\Temp\, java.version=12.0.1, user.dir=D:\JAVA_CODE\cdc-with-pact\user-service, os.arch=amd64, java.vm.specification.name=Java Virtual Machine Specification, sun.os.patch.level=, java.library.path=D:\Java\jdk-12.0.1\bin;C:\WINDOWS\Sun\Java\bin;C:\WINDOWS\system32;C:\WINDOWS;D:\softwares\gradle\bin;C:\ProgramData\DockerDesktop\version-bin;C:\Program Files\Docker\Docker\Resources\bin;D:\Java\jdk-12.0.1\bin;C:\Program Files (x86)\Common Files\Oracle\Java\javapath;C:\Program Files\CyberSafe\bin;C:\Program Files (x86)\CyberSafe\bin;C:\WINDOWS\system32;C:\WINDOWS;C:\WINDOWS\System32\Wbem;C:\WINDOWS\System32\WindowsPowerShell\v1.0\;C:\Program Files (x86)\Sennheiser\SoftphoneSDK\;C:\Program Files\Git\cmd;C:\WINDOWS\system32;C:\WINDOWS;C:\WINDOWS\System32\Wbem;C:\WINDOWS\System32\WindowsPowerShell\v1.0\;C:\WINDOWS\System32\OpenSSH\;D:\maven\apachemaven361\bin\;C:\Users\raupppee\.dnx\bin;C:\Program Files\Microsoft DNX\Dnvm\;C:\Program Files\Microsoft SQL Server\130\Tools\Binn\;C:\Users\raupppee\AppData\Local\Microsoft\WindowsApps;C:\Users\raupppee\AppData\Local\atom\bin;., java.vm.info=mixed mode, sharing, java.vendor=Oracle Corporation, java.vm.version=12.0.1+12, sun.io.unicode.encoding=UnicodeLittle, java.class.version=56.0}}, SystemEnvironmentPropertySource@511707818 {name='systemEnvironment', properties={PATH=D:\softwares\gradle\bin;C:\ProgramData\DockerDesktop\version-bin;C:\Program Files\Docker\Docker\Resources\bin;D:\Java\jdk-12.0.1\bin;C:\Program Files (x86)\Common Files\Oracle\Java\javapath;C:\Program Files\CyberSafe\bin;C:\Program Files (x86)\CyberSafe\bin;C:\WINDOWS\system32;C:\WINDOWS;C:\WINDOWS\System32\Wbem;C:\WINDOWS\System32\WindowsPowerShell\v1.0\;C:\Program Files (x86)\Sennheiser\SoftphoneSDK\;C:\Program Files\Git\cmd;C:\WINDOWS\system32;C:\WINDOWS;C:\WINDOWS\System32\Wbem;C:\WINDOWS\System32\WindowsPowerShell\v1.0\;C:\WINDOWS\System32\OpenSSH\;D:\maven\apachemaven361\bin\;C:\Users\raupppee\.dnx\bin;C:\Program Files\Microsoft DNX\Dnvm\;C:\Program Files\Microsoft SQL Server\130\Tools\Binn\;C:\Users\raupppee\AppData\Local\Microsoft\WindowsApps;C:\Users\raupppee\AppData\Local\atom\bin, USERDOMAIN_ROAMINGPROFILE=RBAMOUSER, PROCESSOR_LEVEL=6, SYSTEMDRIVE=C:, VS140COMNTOOLS=C:\Program Files (x86)\Microsoft Visual Studio 14.0\Common7\Tools\, SESSIONNAME=Console, ALLUSERSPROFILE=C:\ProgramData, PROCESSOR_ARCHITECTURE=AMD64, AU-PREFIX=SantCugat-IT, DRIVERDATA=C:\Windows\System32\Drivers\DriverData, __INTELLIJ_COMMAND_HISTFILE__=C:\Users\raupppee\.IdeaIC2019.1\config\terminal\history\history-75, =E:=E:\, MAVEN_HOME=D:\maven\apachemaven361\bin\.., PROGRAMFILES=C:\Program Files, PSMODULEPATH=C:\Program Files\WindowsPowerShell\Modules;C:\WINDOWS\system32\WindowsPowerShell\v1.0\Modules, PROGRAMDATA=C:\ProgramData, USERNAME=raupppee, R_INIPATH=C:\Users\raupppee\AppData\Local\Roche\Ini, USERDNSDOMAIN=EMEA.ROCHE.COM, WDIR=D:\JAVA_CODE\cdc-with-pact, ONEDRIVE=C:\Users\raupppee\OneDrive, PATHEXT=.COM;.EXE;.BAT;.CMD;.VBS;.VBE;.JS;.JSE;.WSF;.WSH;.MSC, CLASSWORLDS_JAR="D:\maven\apachemaven361\bin\..\boot\plexus-classworlds-2.6.0.jar", WINDIR=C:\WINDOWS, HOMEPATH=\Users\raupppee, PROCESSOR_IDENTIFIER=Intel64 Family 6 Model 158 Stepping 9, GenuineIntel, PASSWORDSHARE=\\rtcmsdfs03\chpwdadm$, PUBLIC=C:\Users\Public, =::=::\, =EXITCODE=00000001, LOCALAPPDATA=C:\Users\raupppee\AppData\Local, COMMONPROGRAMFILES(X86)=C:\Program Files (x86)\Common Files, USERDOMAIN=RBAMOUSER, LOGONSERVER=\\RTCMSEMEA01, JAVA_HOME=D:\Java\jdk-12.0.1, PROMPT=$P$G, PROGRAMFILES(X86)=C:\Program Files (x86), ASL.LOG=Destination=file, ERROR_CODE=0, EXEC_DIR=D:\JAVA_CODE\cdc-with-pact\user-service, =C:=C:\, APPDATA=C:\Users\raupppee\AppData\Roaming, PROGRAMW6432=C:\Program Files, SYSTEMROOT=C:\WINDOWS, MAVEN_CMD_LINE_ARGS=clean verify, OS=Windows_NT, COMMONPROGRAMW6432=C:\Program Files\Common Files, COMPUTERNAME=RTCMW030870, COMMONPROGRAMFILES=C:\Program Files\Common Files, COMSPEC=C:\WINDOWS\system32\cmd.exe, INILOCATION=C:\Users\raupppee\AppData\Local\Roche\Ini, JAVACMD=D:\Java\jdk-12.0.1\bin\java.exe, MAVEN_PROJECTBASEDIR=D:\JAVA_CODE\cdc-with-pact, PROCESSOR_REVISION=9e09, UATDATA=C:\WINDOWS\CCM\UATData\D9F8C395-CAB8-491d-B8AC-179A1FE1BE77, CLASSWORLDS_LAUNCHER=org.codehaus.plexus.classworlds.launcher.Launcher, TERMINAL_EMULATOR=JetBrains-JediTerm, =D:=D:\JAVA_CODE\cdc-with-pact\user-service, TEMP=C:\Users\raupppee\AppData\Local\Temp, HOMEDRIVE=C:, SNC_LIB=C:\Program Files (x86)\CyberSafe\bin\sncgss32.dll, USERPROFILE=C:\Users\raupppee, TMP=C:\Users\raupppee\AppData\Local\Temp, NUMBER_OF_PROCESSORS=8, JVMCONFIG=\.mvn\jvm.config, R_DPTSHARE=\\rtcmsdfs03.emea.roche.com\disco_v$}}]
11:43:10.478 [main] DEBUG org.springframework.core.io.support.PathMatchingResourcePatternResolver - Resolved classpath location [de/kreuzwerker/cdc/userservice/] to resources [URL [file:/D:/JAVA_CODE/cdc-with-pact/user-service/target/test-classes/de/kreuzwerker/cdc/userservice/], URL [file:/D:/JAVA_CODE/cdc-with-pact/user-service/target/classes/de/kreuzwerker/cdc/userservice/]]
11:43:10.478 [main] DEBUG org.springframework.core.io.support.PathMatchingResourcePatternResolver - Looking for matching resources in directory tree [D:\JAVA_CODE\cdc-with-pact\user-service\target\test-classes\de\kreuzwerker\cdc\userservice]
11:43:10.478 [main] DEBUG org.springframework.core.io.support.PathMatchingResourcePatternResolver - Searching directory [D:\JAVA_CODE\cdc-with-pact\user-service\target\test-classes\de\kreuzwerker\cdc\userservice] for files matching pattern [D:/JAVA_CODE/cdc-with-pact/user-service/target/test-classes/de/kreuzwerker/cdc/userservice/*.class]
11:43:10.483 [main] DEBUG org.springframework.core.io.support.PathMatchingResourcePatternResolver - Looking for matching resources in directory tree [D:\JAVA_CODE\cdc-with-pact\user-service\target\classes\de\kreuzwerker\cdc\userservice]
11:43:10.483 [main] DEBUG org.springframework.core.io.support.PathMatchingResourcePatternResolver - Searching directory [D:\JAVA_CODE\cdc-with-pact\user-service\target\classes\de\kreuzwerker\cdc\userservice] for files matching pattern [D:/JAVA_CODE/cdc-with-pact/user-service/target/classes/de/kreuzwerker/cdc/userservice/*.class]
11:43:10.486 [main] DEBUG org.springframework.core.io.support.PathMatchingResourcePatternResolver - Resolved location pattern [classpath*:de/kreuzwerker/cdc/userservice/*.class] to resources [file [D:\JAVA_CODE\cdc-with-pact\user-service\target\test-classes\de\kreuzwerker\cdc\userservice\ContractTest.class], file [D:\JAVA_CODE\cdc-with-pact\user-service\target\test-classes\de\kreuzwerker\cdc\userservice\GenericStateWithParameterContractTest.class], file [D:\JAVA_CODE\cdc-with-pact\user-service\target\test-classes\de\kreuzwerker\cdc\userservice\MockedUserServiceContractTest.class], file [D:\JAVA_CODE\cdc-with-pact\user-service\target\test-classes\de\kreuzwerker\cdc\userservice\UserServiceApplicationTests.class], file [D:\JAVA_CODE\cdc-with-pact\user-service\target\classes\de\kreuzwerker\cdc\userservice\Friend$FriendBuilder.class], file [D:\JAVA_CODE\cdc-with-pact\user-service\target\classes\de\kreuzwerker\cdc\userservice\Friend.class], file [D:\JAVA_CODE\cdc-with-pact\user-service\target\classes\de\kreuzwerker\cdc\userservice\GlobalControllerExceptionHandler.class], file [D:\JAVA_CODE\cdc-with-pact\user-service\target\classes\de\kreuzwerker\cdc\userservice\NotFoundException.class], file [D:\JAVA_CODE\cdc-with-pact\user-service\target\classes\de\kreuzwerker\cdc\userservice\User.class], file [D:\JAVA_CODE\cdc-with-pact\user-service\target\classes\de\kreuzwerker\cdc\userservice\UserController.class], file [D:\JAVA_CODE\cdc-with-pact\user-service\target\classes\de\kreuzwerker\cdc\userservice\UserRole.class], file [D:\JAVA_CODE\cdc-with-pact\user-service\target\classes\de\kreuzwerker\cdc\userservice\UserService.class], file [D:\JAVA_CODE\cdc-with-pact\user-service\target\classes\de\kreuzwerker\cdc\userservice\UserServiceApplication.class]]
11:43:10.555 [main] DEBUG org.springframework.context.annotation.ClassPathScanningCandidateComponentProvider - Identified candidate component class: file [D:\JAVA_CODE\cdc-with-pact\user-service\target\classes\de\kreuzwerker\cdc\userservice\UserServiceApplication.class]
11:43:10.556 [main] INFO org.springframework.boot.test.context.SpringBootTestContextBootstrapper - Found @SpringBootConfiguration de.kreuzwerker.cdc.userservice.UserServiceApplication for test class de.kreuzwerker.cdc.userservice.GenericStateWithParameterContractTest
11:43:10.685 [main] DEBUG org.springframework.boot.test.context.SpringBootTestContextBootstrapper - @TestExecutionListeners is not present for class [de.kreuzwerker.cdc.userservice.GenericStateWithParameterContractTest]: using defaults.
11:43:10.685 [main] INFO org.springframework.boot.test.context.SpringBootTestContextBootstrapper - Loaded default TestExecutionListener class names from location [META-INF/spring.factories]: [org.springframework.boot.test.mock.mockito.MockitoTestExecutionListener, org.springframework.boot.test.mock.mockito.ResetMocksTestExecutionListener, org.springframework.boot.test.autoconfigure.restdocs.RestDocsTestExecutionListener, org.springframework.boot.test.autoconfigure.web.client.MockRestServiceServerResetTestExecutionListener, org.springframework.boot.test.autoconfigure.web.servlet.MockMvcPrintOnlyOnFailureTestExecutionListener, org.springframework.boot.test.autoconfigure.web.servlet.WebDriverTestExecutionListener, org.springframework.test.context.web.ServletTestExecutionListener, org.springframework.test.context.support.DirtiesContextBeforeModesTestExecutionListener, org.springframework.test.context.support.DependencyInjectionTestExecutionListener, org.springframework.test.context.support.DirtiesContextTestExecutionListener, org.springframework.test.context.transaction.TransactionalTestExecutionListener, org.springframework.test.context.jdbc.SqlScriptsTestExecutionListener]
11:43:10.694 [main] DEBUG org.springframework.boot.test.context.SpringBootTestContextBootstrapper - Skipping candidate TestExecutionListener [org.springframework.test.context.transaction.TransactionalTestExecutionListener] due to a missing dependency. Specify custom listener classes or make the default listener classes and their required dependencies available. Offending class: [org/springframework/transaction/interceptor/TransactionAttributeSource]
11:43:10.695 [main] DEBUG org.springframework.boot.test.context.SpringBootTestContextBootstrapper - Skipping candidate TestExecutionListener [org.springframework.test.context.jdbc.SqlScriptsTestExecutionListener] due to a missing dependency. Specify custom listener classes or make the default listener classes and their required dependencies available. Offending class: [org/springframework/transaction/interceptor/TransactionAttribute]
11:43:10.695 [main] INFO org.springframework.boot.test.context.SpringBootTestContextBootstrapper - Using TestExecutionListeners: [org.springframework.test.context.web.ServletTestExecutionListener@560348e6, org.springframework.test.context.support.DirtiesContextBeforeModesTestExecutionListener@1df8b5b8, org.springframework.boot.test.mock.mockito.MockitoTestExecutionListener@23202fce, org.springframework.boot.test.autoconfigure.SpringBootDependencyInjectionTestExecutionListener@7b993c65, org.springframework.test.context.support.DirtiesContextTestExecutionListener@37911f88, org.springframework.boot.test.mock.mockito.ResetMocksTestExecutionListener@6f1c29b7, org.springframework.boot.test.autoconfigure.restdocs.RestDocsTestExecutionListener@4d6025c5, org.springframework.boot.test.autoconfigure.web.client.MockRestServiceServerResetTestExecutionListener@7f284218, org.springframework.boot.test.autoconfigure.web.servlet.MockMvcPrintOnlyOnFailureTestExecutionListener@407a7f2a, org.springframework.boot.test.autoconfigure.web.servlet.WebDriverTestExecutionListener@4ea5b703]
11:43:10.711 [main] DEBUG org.springframework.core.env.StandardEnvironment - Adding PropertySource 'systemProperties' with lowest search precedence
11:43:10.711 [main] DEBUG org.springframework.core.env.StandardEnvironment - Adding PropertySource 'systemEnvironment' with lowest search precedence
11:43:10.712 [main] DEBUG org.springframework.core.env.StandardEnvironment - Initialized StandardEnvironment with PropertySources [MapPropertySource@1070044969 {name='systemProperties', properties={sun.desktop=windows, awt.toolkit=sun.awt.windows.WToolkit, java.specification.version=12, sun.cpu.isalist=amd64, sun.jnu.encoding=Cp1252, java.class.path=D:\JAVA_CODE\cdc-with-pact\user-service\target\test-classes;D:\JAVA_CODE\cdc-with-pact\user-service\target\classes;C:\Users\raupppee\.m2\repository\org\springframework\boot\spring-boot-starter-web\2.0.6.RELEASE\spring-boot-starter-web-2.0.6.RELEASE.jar;C:\Users\raupppee\.m2\repository\org\springframework\boot\spring-boot-starter\2.0.6.RELEASE\spring-boot-starter-2.0.6.RELEASE.jar;C:\Users\raupppee\.m2\repository\org\springframework\boot\spring-boot\2.0.6.RELEASE\spring-boot-2.0.6.RELEASE.jar;C:\Users\raupppee\.m2\repository\org\springframework\boot\spring-boot-autoconfigure\2.0.6.RELEASE\spring-boot-autoconfigure-2.0.6.RELEASE.jar;C:\Users\raupppee\.m2\repository\org\springframework\boot\spring-boot-starter-logging\2.0.6.RELEASE\spring-boot-starter-logging-2.0.6.RELEASE.jar;C:\Users\raupppee\.m2\repository\ch\qos\logback\logback-classic\1.2.3\logback-classic-1.2.3.jar;C:\Users\raupppee\.m2\repository\ch\qos\logback\logback-core\1.2.3\logback-core-1.2.3.jar;C:\Users\raupppee\.m2\repository\org\apache\logging\log4j\log4j-to-slf4j\2.10.0\log4j-to-slf4j-2.10.0.jar;C:\Users\raupppee\.m2\repository\org\apache\logging\log4j\log4j-api\2.10.0\log4j-api-2.10.0.jar;C:\Users\raupppee\.m2\repository\org\slf4j\jul-to-slf4j\1.7.25\jul-to-slf4j-1.7.25.jar;C:\Users\raupppee\.m2\repository\javax\annotation\javax.annotation-api\1.3.2\javax.annotation-api-1.3.2.jar;C:\Users\raupppee\.m2\repository\org\yaml\snakeyaml\1.19\snakeyaml-1.19.jar;C:\Users\raupppee\.m2\repository\org\springframework\boot\spring-boot-starter-json\2.0.6.RELEASE\spring-boot-starter-json-2.0.6.RELEASE.jar;C:\Users\raupppee\.m2\repository\com\fasterxml\jackson\core\jackson-databind\2.9.7\jackson-databind-2.9.7.jar;C:\Users\raupppee\.m2\repository\com\fasterxml\jackson\datatype\jackson-datatype-jdk8\2.9.7\jackson-datatype-jdk8-2.9.7.jar;C:\Users\raupppee\.m2\repository\com\fasterxml\jackson\datatype\jackson-datatype-jsr310\2.9.7\jackson-datatype-jsr310-2.9.7.jar;C:\Users\raupppee\.m2\repository\com\fasterxml\jackson\module\jackson-module-parameter-names\2.9.7\jackson-module-parameter-names-2.9.7.jar;C:\Users\raupppee\.m2\repository\org\springframework\boot\spring-boot-starter-tomcat\2.0.6.RELEASE\spring-boot-starter-tomcat-2.0.6.RELEASE.jar;C:\Users\raupppee\.m2\repository\org\apache\tomcat\embed\tomcat-embed-core\8.5.34\tomcat-embed-core-8.5.34.jar;C:\Users\raupppee\.m2\repository\org\apache\tomcat\embed\tomcat-embed-el\8.5.34\tomcat-embed-el-8.5.34.jar;C:\Users\raupppee\.m2\repository\org\apache\tomcat\embed\tomcat-embed-websocket\8.5.34\tomcat-embed-websocket-8.5.34.jar;C:\Users\raupppee\.m2\repository\org\hibernate\validator\hibernate-validator\6.0.13.Final\hibernate-validator-6.0.13.Final.jar;C:\Users\raupppee\.m2\repository\javax\validation\validation-api\2.0.1.Final\validation-api-2.0.1.Final.jar;C:\Users\raupppee\.m2\repository\org\jboss\logging\jboss-logging\3.3.2.Final\jboss-logging-3.3.2.Final.jar;C:\Users\raupppee\.m2\repository\com\fasterxml\classmate\1.3.4\classmate-1.3.4.jar;C:\Users\raupppee\.m2\repository\org\springframework\spring-web\5.0.10.RELEASE\spring-web-5.0.10.RELEASE.jar;C:\Users\raupppee\.m2\repository\org\springframework\spring-beans\5.0.10.RELEASE\spring-beans-5.0.10.RELEASE.jar;C:\Users\raupppee\.m2\repository\org\springframework\spring-webmvc\5.0.10.RELEASE\spring-webmvc-5.0.10.RELEASE.jar;C:\Users\raupppee\.m2\repository\org\springframework\spring-aop\5.0.10.RELEASE\spring-aop-5.0.10.RELEASE.jar;C:\Users\raupppee\.m2\repository\org\springframework\spring-context\5.0.10.RELEASE\spring-context-5.0.10.RELEASE.jar;C:\Users\raupppee\.m2\repository\org\springframework\spring-expression\5.0.10.RELEASE\spring-expression-5.0.10.RELEASE.jar;C:\Users\raupppee\.m2\repository\org\projectlombok\lombok\1.16.22\lombok-1.16.22.jar;C:\Users\raupppee\.m2\repository\org\springframework\boot\spring-boot-starter-test\2.0.6.RELEASE\spring-boot-starter-test-2.0.6.RELEASE.jar;C:\Users\raupppee\.m2\repository\org\springframework\boot\spring-boot-test\2.0.6.RELEASE\spring-boot-test-2.0.6.RELEASE.jar;C:\Users\raupppee\.m2\repository\org\springframework\boot\spring-boot-test-autoconfigure\2.0.6.RELEASE\spring-boot-test-autoconfigure-2.0.6.RELEASE.jar;C:\Users\raupppee\.m2\repository\com\jayway\jsonpath\json-path\2.4.0\json-path-2.4.0.jar;C:\Users\raupppee\.m2\repository\net\minidev\json-smart\2.3\json-smart-2.3.jar;C:\Users\raupppee\.m2\repository\net\minidev\accessors-smart\1.2\accessors-smart-1.2.jar;C:\Users\raupppee\.m2\repository\org\ow2\asm\asm\5.0.4\asm-5.0.4.jar;C:\Users\raupppee\.m2\repository\org\slf4j\slf4j-api\1.7.25\slf4j-api-1.7.25.jar;C:\Users\raupppee\.m2\repository\junit\junit\4.12\junit-4.12.jar;C:\Users\raupppee\.m2\repository\org\assertj\assertj-core\3.9.1\assertj-core-3.9.1.jar;C:\Users\raupppee\.m2\repository\org\mockito\mockito-core\2.15.0\mockito-core-2.15.0.jar;C:\Users\raupppee\.m2\repository\net\bytebuddy\byte-buddy\1.7.11\byte-buddy-1.7.11.jar;C:\Users\raupppee\.m2\repository\net\bytebuddy\byte-buddy-agent\1.7.11\byte-buddy-agent-1.7.11.jar;C:\Users\raupppee\.m2\repository\org\objenesis\objenesis\2.6\objenesis-2.6.jar;C:\Users\raupppee\.m2\repository\org\hamcrest\hamcrest-core\1.3\hamcrest-core-1.3.jar;C:\Users\raupppee\.m2\repository\org\hamcrest\hamcrest-library\1.3\hamcrest-library-1.3.jar;C:\Users\raupppee\.m2\repository\org\skyscreamer\jsonassert\1.5.0\jsonassert-1.5.0.jar;C:\Users\raupppee\.m2\repository\com\vaadin\external\google\android-json\0.0.20131108.vaadin1\android-json-0.0.20131108.vaadin1.jar;C:\Users\raupppee\.m2\repository\org\springframework\spring-core\5.0.10.RELEASE\spring-core-5.0.10.RELEASE.jar;C:\Users\raupppee\.m2\repository\org\springframework\spring-jcl\5.0.10.RELEASE\spring-jcl-5.0.10.RELEASE.jar;C:\Users\raupppee\.m2\repository\org\springframework\spring-test\5.0.10.RELEASE\spring-test-5.0.10.RELEASE.jar;C:\Users\raupppee\.m2\repository\org\xmlunit\xmlunit-core\2.5.1\xmlunit-core-2.5.1.jar;C:\Users\raupppee\.m2\repository\au\com\dius\pact-jvm-provider-spring_2.12\3.6.12\pact-jvm-provider-spring_2.12-3.6.12.jar;C:\Users\raupppee\.m2\repository\au\com\dius\pact-jvm-provider-junit_2.12\3.6.12\pact-jvm-provider-junit_2.12-3.6.12.jar;C:\Users\raupppee\.m2\repository\au\com\dius\pact-jvm-support\3.6.12\pact-jvm-support-3.6.12.jar;C:\Users\raupppee\.m2\repository\org\jetbrains\kotlin\kotlin-stdlib-jdk8\1.2.51\kotlin-stdlib-jdk8-1.2.51.jar;C:\Users\raupppee\.m2\repository\org\jetbrains\kotlin\kotlin-stdlib\1.2.51\kotlin-stdlib-1.2.51.jar;C:\Users\raupppee\.m2\repository\org\jetbrains\kotlin\kotlin-stdlib-common\1.2.51\kotlin-stdlib-common-1.2.51.jar;C:\Users\raupppee\.m2\repository\org\jetbrains\annotations\13.0\annotations-13.0.jar;C:\Users\raupppee\.m2\repository\org\jetbrains\kotlin\kotlin-stdlib-jdk7\1.2.51\kotlin-stdlib-jdk7-1.2.51.jar;C:\Users\raupppee\.m2\repository\com\google\code\findbugs\jsr305\3.0.2\jsr305-3.0.2.jar;C:\Users\raupppee\.m2\repository\com\google\code\gson\gson\2.8.5\gson-2.8.5.jar;C:\Users\raupppee\.m2\repository\com\github\salomonbrys\kotson\kotson\2.5.0\kotson-2.5.0.jar;C:\Users\raupppee\.m2\repository\au\com\dius\pact-jvm-provider_2.12\3.6.12\pact-jvm-provider_2.12-3.6.12.jar;C:\Users\raupppee\.m2\repository\au\com\dius\pact-jvm-model\3.6.12\pact-jvm-model-3.6.12.jar;C:\Users\raupppee\.m2\repository\com\github\zafarkhaja\java-semver\0.9.0\java-semver-0.9.0.jar;C:\Users\raupppee\.m2\repository\org\apache\commons\commons-collections4\4.1\commons-collections4-4.1.jar;C:\Users\raupppee\.m2\repository\com\github\mifmif\generex\1.0.2\generex-1.0.2.jar;C:\Users\raupppee\.m2\repository\dk\brics\automaton\automaton\1.11-8\automaton-1.11-8.jar;C:\Users\raupppee\.m2\repository\org\jetbrains\kotlin\kotlin-reflect\1.2.51\kotlin-reflect-1.2.51.jar;C:\Users\raupppee\.m2\repository\com\amazonaws\aws-java-sdk-s3\1.11.587\aws-java-sdk-s3-1.11.587.jar;C:\Users\raupppee\.m2\repository\com\amazonaws\aws-java-sdk-kms\1.11.587\aws-java-sdk-kms-1.11.587.jar;C:\Users\raupppee\.m2\repository\com\amazonaws\aws-java-sdk-core\1.11.587\aws-java-sdk-core-1.11.587.jar;C:\Users\raupppee\.m2\repository\software\amazon\ion\ion-java\1.0.2\ion-java-1.0.2.jar;C:\Users\raupppee\.m2\repository\com\fasterxml\jackson\dataformat\jackson-dataformat-cbor\2.9.7\jackson-dataformat-cbor-2.9.7.jar;C:\Users\raupppee\.m2\repository\com\amazonaws\jmespath-java\1.11.587\jmespath-java-1.11.587.jar;C:\Users\raupppee\.m2\repository\au\com\dius\pact-jvm-pact-broker\3.6.12\pact-jvm-pact-broker-3.6.12.jar;C:\Users\raupppee\.m2\repository\org\codehaus\groovy\groovy\2.4.15\groovy-2.4.15.jar;C:\Users\raupppee\.m2\repository\org\codehaus\groovy\groovy-json\2.4.15\groovy-json-2.4.15.jar;C:\Users\raupppee\.m2\repository\org\dmfs\rfc3986-uri\0.8\rfc3986-uri-0.8.jar;C:\Users\raupppee\.m2\repository\org\dmfs\iterators\1.5\iterators-1.5.jar;C:\Users\raupppee\.m2\repository\org\dmfs\optional\0.3\optional-0.3.jar;C:\Users\raupppee\.m2\repository\io\github\microutils\kotlin-logging\1.4.4\kotlin-logging-1.4.4.jar;C:\Users\raupppee\.m2\repository\au\com\dius\pact-jvm-matchers_2.12\3.6.12\pact-jvm-matchers_2.12-3.6.12.jar;C:\Users\raupppee\.m2\repository\io\gatling\jsonpath_2.12\0.6.10\jsonpath_2.12-0.6.10.jar;C:\Users\raupppee\.m2\repository\org\scala-lang\modules\scala-parser-combinators_2.12\1.0.6\scala-parser-combinators_2.12-1.0.6.jar;C:\Users\raupppee\.m2\repository\com\googlecode\java-diff-utils\diffutils\1.3.0\diffutils-1.3.0.jar;C:\Users\raupppee\.m2\repository\org\scala-lang\modules\scala-xml_2.12\1.0.6\scala-xml_2.12-1.0.6.jar;C:\Users\raupppee\.m2\repository\org\scala-lang\scala-library\2.12.7\scala-library-2.12.7.jar;C:\Users\raupppee\.m2\repository\com\typesafe\scala-logging\scala-logging_2.12\3.7.2\scala-logging_2.12-3.7.2.jar;C:\Users\raupppee\.m2\repository\org\atteo\evo-inflector\1.2.2\evo-inflector-1.2.2.jar;C:\Users\raupppee\.m2\repository\commons-io\commons-io\2.5\commons-io-2.5.jar;C:\Users\raupppee\.m2\repository\org\fusesource\jansi\jansi\1.17.1\jansi-1.17.1.jar;C:\Users\raupppee\.m2\repository\org\reflections\reflections\0.9.11\reflections-0.9.11.jar;C:\Users\raupppee\.m2\repository\org\javassist\javassist\3.21.0-GA\javassist-3.21.0-GA.jar;C:\Users\raupppee\.m2\repository\org\scala-lang\modules\scala-java8-compat_2.12\0.9.0\scala-java8-compat_2.12-0.9.0.jar;C:\Users\raupppee\.m2\repository\org\apache\httpcomponents\fluent-hc\4.5.6\fluent-hc-4.5.6.jar;C:\Users\raupppee\.m2\repository\commons-logging\commons-logging\1.2\commons-logging-1.2.jar;C:\Users\raupppee\.m2\repository\org\apache\httpcomponents\httpclient\4.5.6\httpclient-4.5.6.jar;C:\Users\raupppee\.m2\repository\org\apache\httpcomponents\httpcore\4.4.10\httpcore-4.4.10.jar;C:\Users\raupppee\.m2\repository\commons-codec\commons-codec\1.11\commons-codec-1.11.jar;C:\Users\raupppee\.m2\repository\org\apache\commons\commons-lang3\3.7\commons-lang3-3.7.jar;C:\Users\raupppee\.m2\repository\org\jooq\jool\0.9.14\jool-0.9.14.jar;C:\Users\raupppee\.m2\repository\com\github\rholder\guava-retrying\2.0.0\guava-retrying-2.0.0.jar;C:\Users\raupppee\.m2\repository\com\google\guava\guava\28.0-jre\guava-28.0-jre.jar;C:\Users\raupppee\.m2\repository\com\google\guava\failureaccess\1.0.1\failureaccess-1.0.1.jar;C:\Users\raupppee\.m2\repository\com\google\guava\listenablefuture\9999.0-empty-to-avoid-conflict-with-guava\listenablefuture-9999.0-empty-to-avoid-conflict-with-guava.jar;C:\Users\raupppee\.m2\repository\org\checkerframework\checker-qual\2.8.1\checker-qual-2.8.1.jar;C:\Users\raupppee\.m2\repository\com\google\errorprone\error_prone_annotations\2.3.2\error_prone_annotations-2.3.2.jar;C:\Users\raupppee\.m2\repository\com\google\j2objc\j2objc-annotations\1.3\j2objc-annotations-1.3.jar;C:\Users\raupppee\.m2\repository\org\codehaus\mojo\animal-sniffer-annotations\1.17\animal-sniffer-annotations-1.17.jar;C:\Users\raupppee\.m2\repository\javax\mail\mail\1.5.0-b01\mail-1.5.0-b01.jar;C:\Users\raupppee\.m2\repository\javax\activation\activation\1.1\activation-1.1.jar;C:\Users\raupppee\.m2\repository\javax\servlet\javax.servlet-api\3.1.0\javax.servlet-api-3.1.0.jar;C:\Users\raupppee\.m2\repository\com\fasterxml\jackson\datatype\jackson-datatype-joda\2.9.7\jackson-datatype-joda-2.9.7.jar;C:\Users\raupppee\.m2\repository\com\fasterxml\jackson\core\jackson-annotations\2.9.0\jackson-annotations-2.9.0.jar;C:\Users\raupppee\.m2\repository\com\fasterxml\jackson\core\jackson-core\2.9.7\jackson-core-2.9.7.jar;C:\Users\raupppee\.m2\repository\joda-time\joda-time\2.9.9\joda-time-2.9.9.jar;, java.vm.vendor=Oracle Corporation, sun.arch.data.model=64, user.variant=, java.vendor.url=https://java.oracle.com/, user.timezone=Europe/Madrid, java.vm.specification.version=12, os.name=Windows 10, sun.java.launcher=SUN_STANDARD, user.country=ES, sun.boot.library.path=D:\Java\jdk-12.0.1\bin, sun.java.command=C:\Users\raupppee\AppData\Local\Temp\surefire16818461444309088203\surefirebooter16741657932593849705.jar C:\Users\raupppee\AppData\Local\Temp\surefire16818461444309088203 2019-07-25T11-43-07_918-jvmRun1 surefire16870811210975851061tmp surefire_010991746299457325663tmp, jdk.debug=release, surefire.test.class.path=D:\JAVA_CODE\cdc-with-pact\user-service\target\test-classes;D:\JAVA_CODE\cdc-with-pact\user-service\target\classes;C:\Users\raupppee\.m2\repository\org\springframework\boot\spring-boot-starter-web\2.0.6.RELEASE\spring-boot-starter-web-2.0.6.RELEASE.jar;C:\Users\raupppee\.m2\repository\org\springframework\boot\spring-boot-starter\2.0.6.RELEASE\spring-boot-starter-2.0.6.RELEASE.jar;C:\Users\raupppee\.m2\repository\org\springframework\boot\spring-boot\2.0.6.RELEASE\spring-boot-2.0.6.RELEASE.jar;C:\Users\raupppee\.m2\repository\org\springframework\boot\spring-boot-autoconfigure\2.0.6.RELEASE\spring-boot-autoconfigure-2.0.6.RELEASE.jar;C:\Users\raupppee\.m2\repository\org\springframework\boot\spring-boot-starter-logging\2.0.6.RELEASE\spring-boot-starter-logging-2.0.6.RELEASE.jar;C:\Users\raupppee\.m2\repository\ch\qos\logback\logback-classic\1.2.3\logback-classic-1.2.3.jar;C:\Users\raupppee\.m2\repository\ch\qos\logback\logback-core\1.2.3\logback-core-1.2.3.jar;C:\Users\raupppee\.m2\repository\org\apache\logging\log4j\log4j-to-slf4j\2.10.0\log4j-to-slf4j-2.10.0.jar;C:\Users\raupppee\.m2\repository\org\apache\logging\log4j\log4j-api\2.10.0\log4j-api-2.10.0.jar;C:\Users\raupppee\.m2\repository\org\slf4j\jul-to-slf4j\1.7.25\jul-to-slf4j-1.7.25.jar;C:\Users\raupppee\.m2\repository\javax\annotation\javax.annotation-api\1.3.2\javax.annotation-api-1.3.2.jar;C:\Users\raupppee\.m2\repository\org\yaml\snakeyaml\1.19\snakeyaml-1.19.jar;C:\Users\raupppee\.m2\repository\org\springframework\boot\spring-boot-starter-json\2.0.6.RELEASE\spring-boot-starter-json-2.0.6.RELEASE.jar;C:\Users\raupppee\.m2\repository\com\fasterxml\jackson\core\jackson-databind\2.9.7\jackson-databind-2.9.7.jar;C:\Users\raupppee\.m2\repository\com\fasterxml\jackson\datatype\jackson-datatype-jdk8\2.9.7\jackson-datatype-jdk8-2.9.7.jar;C:\Users\raupppee\.m2\repository\com\fasterxml\jackson\datatype\jackson-datatype-jsr310\2.9.7\jackson-datatype-jsr310-2.9.7.jar;C:\Users\raupppee\.m2\repository\com\fasterxml\jackson\module\jackson-module-parameter-names\2.9.7\jackson-module-parameter-names-2.9.7.jar;C:\Users\raupppee\.m2\repository\org\springframework\boot\spring-boot-starter-tomcat\2.0.6.RELEASE\spring-boot-starter-tomcat-2.0.6.RELEASE.jar;C:\Users\raupppee\.m2\repository\org\apache\tomcat\embed\tomcat-embed-core\8.5.34\tomcat-embed-core-8.5.34.jar;C:\Users\raupppee\.m2\repository\org\apache\tomcat\embed\tomcat-embed-el\8.5.34\tomcat-embed-el-8.5.34.jar;C:\Users\raupppee\.m2\repository\org\apache\tomcat\embed\tomcat-embed-websocket\8.5.34\tomcat-embed-websocket-8.5.34.jar;C:\Users\raupppee\.m2\repository\org\hibernate\validator\hibernate-validator\6.0.13.Final\hibernate-validator-6.0.13.Final.jar;C:\Users\raupppee\.m2\repository\javax\validation\validation-api\2.0.1.Final\validation-api-2.0.1.Final.jar;C:\Users\raupppee\.m2\repository\org\jboss\logging\jboss-logging\3.3.2.Final\jboss-logging-3.3.2.Final.jar;C:\Users\raupppee\.m2\repository\com\fasterxml\classmate\1.3.4\classmate-1.3.4.jar;C:\Users\raupppee\.m2\repository\org\springframework\spring-web\5.0.10.RELEASE\spring-web-5.0.10.RELEASE.jar;C:\Users\raupppee\.m2\repository\org\springframework\spring-beans\5.0.10.RELEASE\spring-beans-5.0.10.RELEASE.jar;C:\Users\raupppee\.m2\repository\org\springframework\spring-webmvc\5.0.10.RELEASE\spring-webmvc-5.0.10.RELEASE.jar;C:\Users\raupppee\.m2\repository\org\springframework\spring-aop\5.0.10.RELEASE\spring-aop-5.0.10.RELEASE.jar;C:\Users\raupppee\.m2\repository\org\springframework\spring-context\5.0.10.RELEASE\spring-context-5.0.10.RELEASE.jar;C:\Users\raupppee\.m2\repository\org\springframework\spring-expression\5.0.10.RELEASE\spring-expression-5.0.10.RELEASE.jar;C:\Users\raupppee\.m2\repository\org\projectlombok\lombok\1.16.22\lombok-1.16.22.jar;C:\Users\raupppee\.m2\repository\org\springframework\boot\spring-boot-starter-test\2.0.6.RELEASE\spring-boot-starter-test-2.0.6.RELEASE.jar;C:\Users\raupppee\.m2\repository\org\springframework\boot\spring-boot-test\2.0.6.RELEASE\spring-boot-test-2.0.6.RELEASE.jar;C:\Users\raupppee\.m2\repository\org\springframework\boot\spring-boot-test-autoconfigure\2.0.6.RELEASE\spring-boot-test-autoconfigure-2.0.6.RELEASE.jar;C:\Users\raupppee\.m2\repository\com\jayway\jsonpath\json-path\2.4.0\json-path-2.4.0.jar;C:\Users\raupppee\.m2\repository\net\minidev\json-smart\2.3\json-smart-2.3.jar;C:\Users\raupppee\.m2\repository\net\minidev\accessors-smart\1.2\accessors-smart-1.2.jar;C:\Users\raupppee\.m2\repository\org\ow2\asm\asm\5.0.4\asm-5.0.4.jar;C:\Users\raupppee\.m2\repository\org\slf4j\slf4j-api\1.7.25\slf4j-api-1.7.25.jar;C:\Users\raupppee\.m2\repository\junit\junit\4.12\junit-4.12.jar;C:\Users\raupppee\.m2\repository\org\assertj\assertj-core\3.9.1\assertj-core-3.9.1.jar;C:\Users\raupppee\.m2\repository\org\mockito\mockito-core\2.15.0\mockito-core-2.15.0.jar;C:\Users\raupppee\.m2\repository\net\bytebuddy\byte-buddy\1.7.11\byte-buddy-1.7.11.jar;C:\Users\raupppee\.m2\repository\net\bytebuddy\byte-buddy-agent\1.7.11\byte-buddy-agent-1.7.11.jar;C:\Users\raupppee\.m2\repository\org\objenesis\objenesis\2.6\objenesis-2.6.jar;C:\Users\raupppee\.m2\repository\org\hamcrest\hamcrest-core\1.3\hamcrest-core-1.3.jar;C:\Users\raupppee\.m2\repository\org\hamcrest\hamcrest-library\1.3\hamcrest-library-1.3.jar;C:\Users\raupppee\.m2\repository\org\skyscreamer\jsonassert\1.5.0\jsonassert-1.5.0.jar;C:\Users\raupppee\.m2\repository\com\vaadin\external\google\android-json\0.0.20131108.vaadin1\android-json-0.0.20131108.vaadin1.jar;C:\Users\raupppee\.m2\repository\org\springframework\spring-core\5.0.10.RELEASE\spring-core-5.0.10.RELEASE.jar;C:\Users\raupppee\.m2\repository\org\springframework\spring-jcl\5.0.10.RELEASE\spring-jcl-5.0.10.RELEASE.jar;C:\Users\raupppee\.m2\repository\org\springframework\spring-test\5.0.10.RELEASE\spring-test-5.0.10.RELEASE.jar;C:\Users\raupppee\.m2\repository\org\xmlunit\xmlunit-core\2.5.1\xmlunit-core-2.5.1.jar;C:\Users\raupppee\.m2\repository\au\com\dius\pact-jvm-provider-spring_2.12\3.6.12\pact-jvm-provider-spring_2.12-3.6.12.jar;C:\Users\raupppee\.m2\repository\au\com\dius\pact-jvm-provider-junit_2.12\3.6.12\pact-jvm-provider-junit_2.12-3.6.12.jar;C:\Users\raupppee\.m2\repository\au\com\dius\pact-jvm-support\3.6.12\pact-jvm-support-3.6.12.jar;C:\Users\raupppee\.m2\repository\org\jetbrains\kotlin\kotlin-stdlib-jdk8\1.2.51\kotlin-stdlib-jdk8-1.2.51.jar;C:\Users\raupppee\.m2\repository\org\jetbrains\kotlin\kotlin-stdlib\1.2.51\kotlin-stdlib-1.2.51.jar;C:\Users\raupppee\.m2\repository\org\jetbrains\kotlin\kotlin-stdlib-common\1.2.51\kotlin-stdlib-common-1.2.51.jar;C:\Users\raupppee\.m2\repository\org\jetbrains\annotations\13.0\annotations-13.0.jar;C:\Users\raupppee\.m2\repository\org\jetbrains\kotlin\kotlin-stdlib-jdk7\1.2.51\kotlin-stdlib-jdk7-1.2.51.jar;C:\Users\raupppee\.m2\repository\com\google\code\findbugs\jsr305\3.0.2\jsr305-3.0.2.jar;C:\Users\raupppee\.m2\repository\com\google\code\gson\gson\2.8.5\gson-2.8.5.jar;C:\Users\raupppee\.m2\repository\com\github\salomonbrys\kotson\kotson\2.5.0\kotson-2.5.0.jar;C:\Users\raupppee\.m2\repository\au\com\dius\pact-jvm-provider_2.12\3.6.12\pact-jvm-provider_2.12-3.6.12.jar;C:\Users\raupppee\.m2\repository\au\com\dius\pact-jvm-model\3.6.12\pact-jvm-model-3.6.12.jar;C:\Users\raupppee\.m2\repository\com\github\zafarkhaja\java-semver\0.9.0\java-semver-0.9.0.jar;C:\Users\raupppee\.m2\repository\org\apache\commons\commons-collections4\4.1\commons-collections4-4.1.jar;C:\Users\raupppee\.m2\repository\com\github\mifmif\generex\1.0.2\generex-1.0.2.jar;C:\Users\raupppee\.m2\repository\dk\brics\automaton\automaton\1.11-8\automaton-1.11-8.jar;C:\Users\raupppee\.m2\repository\org\jetbrains\kotlin\kotlin-reflect\1.2.51\kotlin-reflect-1.2.51.jar;C:\Users\raupppee\.m2\repository\com\amazonaws\aws-java-sdk-s3\1.11.587\aws-java-sdk-s3-1.11.587.jar;C:\Users\raupppee\.m2\repository\com\amazonaws\aws-java-sdk-kms\1.11.587\aws-java-sdk-kms-1.11.587.jar;C:\Users\raupppee\.m2\repository\com\amazonaws\aws-java-sdk-core\1.11.587\aws-java-sdk-core-1.11.587.jar;C:\Users\raupppee\.m2\repository\software\amazon\ion\ion-java\1.0.2\ion-java-1.0.2.jar;C:\Users\raupppee\.m2\repository\com\fasterxml\jackson\dataformat\jackson-dataformat-cbor\2.9.7\jackson-dataformat-cbor-2.9.7.jar;C:\Users\raupppee\.m2\repository\com\amazonaws\jmespath-java\1.11.587\jmespath-java-1.11.587.jar;C:\Users\raupppee\.m2\repository\au\com\dius\pact-jvm-pact-broker\3.6.12\pact-jvm-pact-broker-3.6.12.jar;C:\Users\raupppee\.m2\repository\org\codehaus\groovy\groovy\2.4.15\groovy-2.4.15.jar;C:\Users\raupppee\.m2\repository\org\codehaus\groovy\groovy-json\2.4.15\groovy-json-2.4.15.jar;C:\Users\raupppee\.m2\repository\org\dmfs\rfc3986-uri\0.8\rfc3986-uri-0.8.jar;C:\Users\raupppee\.m2\repository\org\dmfs\iterators\1.5\iterators-1.5.jar;C:\Users\raupppee\.m2\repository\org\dmfs\optional\0.3\optional-0.3.jar;C:\Users\raupppee\.m2\repository\io\github\microutils\kotlin-logging\1.4.4\kotlin-logging-1.4.4.jar;C:\Users\raupppee\.m2\repository\au\com\dius\pact-jvm-matchers_2.12\3.6.12\pact-jvm-matchers_2.12-3.6.12.jar;C:\Users\raupppee\.m2\repository\io\gatling\jsonpath_2.12\0.6.10\jsonpath_2.12-0.6.10.jar;C:\Users\raupppee\.m2\repository\org\scala-lang\modules\scala-parser-combinators_2.12\1.0.6\scala-parser-combinators_2.12-1.0.6.jar;C:\Users\raupppee\.m2\repository\com\googlecode\java-diff-utils\diffutils\1.3.0\diffutils-1.3.0.jar;C:\Users\raupppee\.m2\repository\org\scala-lang\modules\scala-xml_2.12\1.0.6\scala-xml_2.12-1.0.6.jar;C:\Users\raupppee\.m2\repository\org\scala-lang\scala-library\2.12.7\scala-library-2.12.7.jar;C:\Users\raupppee\.m2\repository\com\typesafe\scala-logging\scala-logging_2.12\3.7.2\scala-logging_2.12-3.7.2.jar;C:\Users\raupppee\.m2\repository\org\atteo\evo-inflector\1.2.2\evo-inflector-1.2.2.jar;C:\Users\raupppee\.m2\repository\commons-io\commons-io\2.5\commons-io-2.5.jar;C:\Users\raupppee\.m2\repository\org\fusesource\jansi\jansi\1.17.1\jansi-1.17.1.jar;C:\Users\raupppee\.m2\repository\org\reflections\reflections\0.9.11\reflections-0.9.11.jar;C:\Users\raupppee\.m2\repository\org\javassist\javassist\3.21.0-GA\javassist-3.21.0-GA.jar;C:\Users\raupppee\.m2\repository\org\scala-lang\modules\scala-java8-compat_2.12\0.9.0\scala-java8-compat_2.12-0.9.0.jar;C:\Users\raupppee\.m2\repository\org\apache\httpcomponents\fluent-hc\4.5.6\fluent-hc-4.5.6.jar;C:\Users\raupppee\.m2\repository\commons-logging\commons-logging\1.2\commons-logging-1.2.jar;C:\Users\raupppee\.m2\repository\org\apache\httpcomponents\httpclient\4.5.6\httpclient-4.5.6.jar;C:\Users\raupppee\.m2\repository\org\apache\httpcomponents\httpcore\4.4.10\httpcore-4.4.10.jar;C:\Users\raupppee\.m2\repository\commons-codec\commons-codec\1.11\commons-codec-1.11.jar;C:\Users\raupppee\.m2\repository\org\apache\commons\commons-lang3\3.7\commons-lang3-3.7.jar;C:\Users\raupppee\.m2\repository\org\jooq\jool\0.9.14\jool-0.9.14.jar;C:\Users\raupppee\.m2\repository\com\github\rholder\guava-retrying\2.0.0\guava-retrying-2.0.0.jar;C:\Users\raupppee\.m2\repository\com\google\guava\guava\28.0-jre\guava-28.0-jre.jar;C:\Users\raupppee\.m2\repository\com\google\guava\failureaccess\1.0.1\failureaccess-1.0.1.jar;C:\Users\raupppee\.m2\repository\com\google\guava\listenablefuture\9999.0-empty-to-avoid-conflict-with-guava\listenablefuture-9999.0-empty-to-avoid-conflict-with-guava.jar;C:\Users\raupppee\.m2\repository\org\checkerframework\checker-qual\2.8.1\checker-qual-2.8.1.jar;C:\Users\raupppee\.m2\repository\com\google\errorprone\error_prone_annotations\2.3.2\error_prone_annotations-2.3.2.jar;C:\Users\raupppee\.m2\repository\com\google\j2objc\j2objc-annotations\1.3\j2objc-annotations-1.3.jar;C:\Users\raupppee\.m2\repository\org\codehaus\mojo\animal-sniffer-annotations\1.17\animal-sniffer-annotations-1.17.jar;C:\Users\raupppee\.m2\repository\javax\mail\mail\1.5.0-b01\mail-1.5.0-b01.jar;C:\Users\raupppee\.m2\repository\javax\activation\activation\1.1\activation-1.1.jar;C:\Users\raupppee\.m2\repository\javax\servlet\javax.servlet-api\3.1.0\javax.servlet-api-3.1.0.jar;C:\Users\raupppee\.m2\repository\com\fasterxml\jackson\datatype\jackson-datatype-joda\2.9.7\jackson-datatype-joda-2.9.7.jar;C:\Users\raupppee\.m2\repository\com\fasterxml\jackson\core\jackson-annotations\2.9.0\jackson-annotations-2.9.0.jar;C:\Users\raupppee\.m2\repository\com\fasterxml\jackson\core\jackson-core\2.9.7\jackson-core-2.9.7.jar;C:\Users\raupppee\.m2\repository\joda-time\joda-time\2.9.9\joda-time-2.9.9.jar;, sun.cpu.endian=little, user.home=C:\Users\raupppee, user.language=es, java.specification.vendor=Oracle Corporation, java.version.date=2019-04-16, java.home=D:\Java\jdk-12.0.1, file.separator=\, basedir=D:\JAVA_CODE\cdc-with-pact\user-service, java.vm.compressedOopsMode=Zero based, line.separator=
, java.vm.specification.vendor=Oracle Corporation, java.specification.name=Java Platform API Specification, java.awt.graphicsenv=sun.awt.Win32GraphicsEnvironment, surefire.real.class.path=C:\Users\raupppee\AppData\Local\Temp\surefire16818461444309088203\surefirebooter16741657932593849705.jar, user.script=, sun.management.compiler=HotSpot 64-Bit Tiered Compilers, java.runtime.version=12.0.1+12, user.name=raupppee, path.separator=;, os.version=10.0, java.runtime.name=OpenJDK Runtime Environment, file.encoding=Cp1252, java.vm.name=OpenJDK 64-Bit Server VM, localRepository=C:\Users\raupppee\.m2\repository, java.vendor.url.bug=https://bugreport.java.com/bugreport/, java.io.tmpdir=C:\Users\raupppee\AppData\Local\Temp\, java.version=12.0.1, user.dir=D:\JAVA_CODE\cdc-with-pact\user-service, os.arch=amd64, java.vm.specification.name=Java Virtual Machine Specification, sun.os.patch.level=, java.library.path=D:\Java\jdk-12.0.1\bin;C:\WINDOWS\Sun\Java\bin;C:\WINDOWS\system32;C:\WINDOWS;D:\softwares\gradle\bin;C:\ProgramData\DockerDesktop\version-bin;C:\Program Files\Docker\Docker\Resources\bin;D:\Java\jdk-12.0.1\bin;C:\Program Files (x86)\Common Files\Oracle\Java\javapath;C:\Program Files\CyberSafe\bin;C:\Program Files (x86)\CyberSafe\bin;C:\WINDOWS\system32;C:\WINDOWS;C:\WINDOWS\System32\Wbem;C:\WINDOWS\System32\WindowsPowerShell\v1.0\;C:\Program Files (x86)\Sennheiser\SoftphoneSDK\;C:\Program Files\Git\cmd;C:\WINDOWS\system32;C:\WINDOWS;C:\WINDOWS\System32\Wbem;C:\WINDOWS\System32\WindowsPowerShell\v1.0\;C:\WINDOWS\System32\OpenSSH\;D:\maven\apachemaven361\bin\;C:\Users\raupppee\.dnx\bin;C:\Program Files\Microsoft DNX\Dnvm\;C:\Program Files\Microsoft SQL Server\130\Tools\Binn\;C:\Users\raupppee\AppData\Local\Microsoft\WindowsApps;C:\Users\raupppee\AppData\Local\atom\bin;., java.vm.info=mixed mode, sharing, java.vendor=Oracle Corporation, java.vm.version=12.0.1+12, sun.io.unicode.encoding=UnicodeLittle, java.class.version=56.0}}, SystemEnvironmentPropertySource@888557915 {name='systemEnvironment', properties={PATH=D:\softwares\gradle\bin;C:\ProgramData\DockerDesktop\version-bin;C:\Program Files\Docker\Docker\Resources\bin;D:\Java\jdk-12.0.1\bin;C:\Program Files (x86)\Common Files\Oracle\Java\javapath;C:\Program Files\CyberSafe\bin;C:\Program Files (x86)\CyberSafe\bin;C:\WINDOWS\system32;C:\WINDOWS;C:\WINDOWS\System32\Wbem;C:\WINDOWS\System32\WindowsPowerShell\v1.0\;C:\Program Files (x86)\Sennheiser\SoftphoneSDK\;C:\Program Files\Git\cmd;C:\WINDOWS\system32;C:\WINDOWS;C:\WINDOWS\System32\Wbem;C:\WINDOWS\System32\WindowsPowerShell\v1.0\;C:\WINDOWS\System32\OpenSSH\;D:\maven\apachemaven361\bin\;C:\Users\raupppee\.dnx\bin;C:\Program Files\Microsoft DNX\Dnvm\;C:\Program Files\Microsoft SQL Server\130\Tools\Binn\;C:\Users\raupppee\AppData\Local\Microsoft\WindowsApps;C:\Users\raupppee\AppData\Local\atom\bin, USERDOMAIN_ROAMINGPROFILE=RBAMOUSER, PROCESSOR_LEVEL=6, SYSTEMDRIVE=C:, VS140COMNTOOLS=C:\Program Files (x86)\Microsoft Visual Studio 14.0\Common7\Tools\, SESSIONNAME=Console, ALLUSERSPROFILE=C:\ProgramData, PROCESSOR_ARCHITECTURE=AMD64, AU-PREFIX=SantCugat-IT, DRIVERDATA=C:\Windows\System32\Drivers\DriverData, __INTELLIJ_COMMAND_HISTFILE__=C:\Users\raupppee\.IdeaIC2019.1\config\terminal\history\history-75, =E:=E:\, MAVEN_HOME=D:\maven\apachemaven361\bin\.., PROGRAMFILES=C:\Program Files, PSMODULEPATH=C:\Program Files\WindowsPowerShell\Modules;C:\WINDOWS\system32\WindowsPowerShell\v1.0\Modules, PROGRAMDATA=C:\ProgramData, USERNAME=raupppee, R_INIPATH=C:\Users\raupppee\AppData\Local\Roche\Ini, USERDNSDOMAIN=EMEA.ROCHE.COM, WDIR=D:\JAVA_CODE\cdc-with-pact, ONEDRIVE=C:\Users\raupppee\OneDrive, PATHEXT=.COM;.EXE;.BAT;.CMD;.VBS;.VBE;.JS;.JSE;.WSF;.WSH;.MSC, CLASSWORLDS_JAR="D:\maven\apachemaven361\bin\..\boot\plexus-classworlds-2.6.0.jar", WINDIR=C:\WINDOWS, HOMEPATH=\Users\raupppee, PROCESSOR_IDENTIFIER=Intel64 Family 6 Model 158 Stepping 9, GenuineIntel, PASSWORDSHARE=\\rtcmsdfs03\chpwdadm$, PUBLIC=C:\Users\Public, =::=::\, =EXITCODE=00000001, LOCALAPPDATA=C:\Users\raupppee\AppData\Local, COMMONPROGRAMFILES(X86)=C:\Program Files (x86)\Common Files, USERDOMAIN=RBAMOUSER, LOGONSERVER=\\RTCMSEMEA01, JAVA_HOME=D:\Java\jdk-12.0.1, PROMPT=$P$G, PROGRAMFILES(X86)=C:\Program Files (x86), ASL.LOG=Destination=file, ERROR_CODE=0, EXEC_DIR=D:\JAVA_CODE\cdc-with-pact\user-service, =C:=C:\, APPDATA=C:\Users\raupppee\AppData\Roaming, PROGRAMW6432=C:\Program Files, SYSTEMROOT=C:\WINDOWS, MAVEN_CMD_LINE_ARGS=clean verify, OS=Windows_NT, COMMONPROGRAMW6432=C:\Program Files\Common Files, COMPUTERNAME=RTCMW030870, COMMONPROGRAMFILES=C:\Program Files\Common Files, COMSPEC=C:\WINDOWS\system32\cmd.exe, INILOCATION=C:\Users\raupppee\AppData\Local\Roche\Ini, JAVACMD=D:\Java\jdk-12.0.1\bin\java.exe, MAVEN_PROJECTBASEDIR=D:\JAVA_CODE\cdc-with-pact, PROCESSOR_REVISION=9e09, UATDATA=C:\WINDOWS\CCM\UATData\D9F8C395-CAB8-491d-B8AC-179A1FE1BE77, CLASSWORLDS_LAUNCHER=org.codehaus.plexus.classworlds.launcher.Launcher, TERMINAL_EMULATOR=JetBrains-JediTerm, =D:=D:\JAVA_CODE\cdc-with-pact\user-service, TEMP=C:\Users\raupppee\AppData\Local\Temp, HOMEDRIVE=C:, SNC_LIB=C:\Program Files (x86)\CyberSafe\bin\sncgss32.dll, USERPROFILE=C:\Users\raupppee, TMP=C:\Users\raupppee\AppData\Local\Temp, NUMBER_OF_PROCESSORS=8, JVMCONFIG=\.mvn\jvm.config, R_DPTSHARE=\\rtcmsdfs03.emea.roche.com\disco_v$}}]
11:43:10.714 [main] DEBUG org.springframework.test.context.support.TestPropertySourceUtils - Adding inlined properties to environment: {spring.jmx.enabled=false, org.springframework.boot.test.context.SpringBootTestContextBootstrapper=true, server.port=0}
11:43:10.714 [main] DEBUG org.springframework.core.env.StandardEnvironment - Adding PropertySource 'Inlined Test Properties' with highest search precedence

  .   ____          _            __ _ _
 /\\ / ___'_ __ _ _(_)_ __  __ _ \ \ \ \
( ( )\___ | '_ | '_| | '_ \/ _` | \ \ \ \
 \\/  ___)| |_)| | | | | || (_| |  ) ) ) )
  '  |____| .__|_| |_|_| |_\__, | / / / /
 =========|_|==============|___/=/_/_/_/
 :: Spring Boot ::        (v2.0.6.RELEASE)

2019-07-25 11:43:11.063  INFO 19756 --- [           main] .u.GenericStateWithParameterContractTest : Starting GenericStateWithParameterContractTest on RTCMW030870 with PID 19756 (started by raupppee in D:\JAVA_CODE\cdc-with-pact\user-service)
2019-07-25 11:43:11.064  INFO 19756 --- [           main] .u.GenericStateWithParameterContractTest : No active profile set, falling back to default profiles: default
2019-07-25 11:43:11.395  WARN 19756 --- [kground-preinit] o.s.h.c.j.Jackson2ObjectMapperBuilder    : For Jackson Kotlin classes support please add "com.fasterxml.jackson.module:jackson-module-kotlin" to the classpath
2019-07-25 11:43:11.399  INFO 19756 --- [           main] ConfigServletWebServerApplicationContext : Refreshing org.springframework.boot.web.servlet.context.AnnotationConfigServletWebServerApplicationContext@f001896: startup date [Thu Jul 25 11:43:11 CEST 2019]; root of context hierarchy
2019-07-25 11:43:14.084  INFO 19756 --- [           main] o.s.b.w.embedded.tomcat.TomcatWebServer  : Tomcat initialized with port(s): 0 (http)
2019-07-25 11:43:14.113  INFO 19756 --- [           main] o.apache.catalina.core.StandardService   : Starting service [Tomcat]
2019-07-25 11:43:14.114  INFO 19756 --- [           main] org.apache.catalina.core.StandardEngine  : Starting Servlet Engine: Apache Tomcat/8.5.34
2019-07-25 11:43:14.127  INFO 19756 --- [ost-startStop-1] o.a.catalina.core.AprLifecycleListener   : The APR based Apache Tomcat Native library which allows optimal performance in production environments was not found on the java.library.path: [D:\Java\jdk-12.0.1\bin;C:\WINDOWS\Sun\Java\bin;C:\WINDOWS\system32;C:\WINDOWS;D:\softwares\gradle\bin;C:\ProgramData\DockerDesktop\version-bin;C:\Program Files\Docker\Docker\Resources\bin;D:\Java\jdk-12.0.1\bin;C:\Program Files (x86)\Common Files\Oracle\Java\javapath;C:\Program Files\CyberSafe\bin;C:\Program Files (x86)\CyberSafe\bin;C:\WINDOWS\system32;C:\WINDOWS;C:\WINDOWS\System32\Wbem;C:\WINDOWS\System32\WindowsPowerShell\v1.0\;C:\Program Files (x86)\Sennheiser\SoftphoneSDK\;C:\Program Files\Git\cmd;C:\WINDOWS\system32;C:\WINDOWS;C:\WINDOWS\System32\Wbem;C:\WINDOWS\System32\WindowsPowerShell\v1.0\;C:\WINDOWS\System32\OpenSSH\;D:\maven\apachemaven361\bin\;C:\Users\raupppee\.dnx\bin;C:\Program Files\Microsoft DNX\Dnvm\;C:\Program Files\Microsoft SQL Server\130\Tools\Binn\;C:\Users\raupppee\AppData\Local\Microsoft\WindowsApps;C:\Users\raupppee\AppData\Local\atom\bin;.]
2019-07-25 11:43:14.666  INFO 19756 --- [ost-startStop-1] o.a.c.c.C.[Tomcat].[localhost].[/]       : Initializing Spring embedded WebApplicationContext
2019-07-25 11:43:14.667  INFO 19756 --- [ost-startStop-1] o.s.web.context.ContextLoader            : Root WebApplicationContext: initialization completed in 3280 ms
2019-07-25 11:43:14.805  INFO 19756 --- [ost-startStop-1] o.s.b.w.servlet.ServletRegistrationBean  : Servlet dispatcherServlet mapped to [/]
2019-07-25 11:43:14.808  INFO 19756 --- [ost-startStop-1] o.s.b.w.servlet.FilterRegistrationBean   : Mapping filter: 'characterEncodingFilter' to: [/*]
2019-07-25 11:43:14.809  INFO 19756 --- [ost-startStop-1] o.s.b.w.servlet.FilterRegistrationBean   : Mapping filter: 'hiddenHttpMethodFilter' to: [/*]
2019-07-25 11:43:14.809  INFO 19756 --- [ost-startStop-1] o.s.b.w.servlet.FilterRegistrationBean   : Mapping filter: 'httpPutFormContentFilter' to: [/*]
2019-07-25 11:43:14.809  INFO 19756 --- [ost-startStop-1] o.s.b.w.servlet.FilterRegistrationBean   : Mapping filter: 'requestContextFilter' to: [/*]
2019-07-25 11:43:14.940  INFO 19756 --- [           main] o.s.w.s.handler.SimpleUrlHandlerMapping  : Mapped URL path [/**/favicon.ico] onto handler of type [class org.springframework.web.servlet.resource.ResourceHttpRequestHandler]
2019-07-25 11:43:15.193  INFO 19756 --- [           main] s.w.s.m.m.a.RequestMappingHandlerAdapter : Looking for @ControllerAdvice: org.springframework.boot.web.servlet.context.AnnotationConfigServletWebServerApplicationContext@f001896: startup date [Thu Jul 25 11:43:11 CEST 2019]; root of context hierarchy
2019-07-25 11:43:15.267  INFO 19756 --- [           main] s.w.s.m.m.a.RequestMappingHandlerMapping : Mapped "{[/users/{userId}],methods=[GET]}" onto public de.kreuzwerker.cdc.userservice.User de.kreuzwerker.cdc.userservice.UserController.getUser(java.lang.String)
2019-07-25 11:43:15.271  INFO 19756 --- [           main] s.w.s.m.m.a.RequestMappingHandlerMapping : Mapped "{[/error]}" onto public org.springframework.http.ResponseEntity<java.util.Map<java.lang.String, java.lang.Object>> org.springframework.boot.autoconfigure.web.servlet.error.BasicErrorController.error(javax.servlet.http.HttpServletRequest)
2019-07-25 11:43:15.271  INFO 19756 --- [           main] s.w.s.m.m.a.RequestMappingHandlerMapping : Mapped "{[/error],produces=[text/html]}" onto public org.springframework.web.servlet.ModelAndView org.springframework.boot.autoconfigure.web.servlet.error.BasicErrorController.errorHtml(javax.servlet.http.HttpServletRequest,javax.servlet.http.HttpServletResponse)
2019-07-25 11:43:15.298  INFO 19756 --- [           main] o.s.w.s.handler.SimpleUrlHandlerMapping  : Mapped URL path [/webjars/**] onto handler of type [class org.springframework.web.servlet.resource.ResourceHttpRequestHandler]
2019-07-25 11:43:15.299  INFO 19756 --- [           main] o.s.w.s.handler.SimpleUrlHandlerMapping  : Mapped URL path [/**] onto handler of type [class org.springframework.web.servlet.resource.ResourceHttpRequestHandler]
2019-07-25 11:43:15.315  INFO 19756 --- [           main] .m.m.a.ExceptionHandlerExceptionResolver : Detected @ExceptionHandler methods in globalControllerExceptionHandler
2019-07-25 11:43:15.831  INFO 19756 --- [           main] o.s.b.w.embedded.tomcat.TomcatWebServer  : Tomcat started on port(s): 51455 (http) with context path ''
2019-07-25 11:43:15.835  INFO 19756 --- [           main] .u.GenericStateWithParameterContractTest : Started GenericStateWithParameterContractTest in 5.119 seconds (JVM running for 6.346)
]]></system-out>
  </testcase>
</testsuite>