<?xml version="1.0" encoding="UTF-8"?>
<testsuite xmlns:xsi="http://www.w3.org/2001/XMLSchema-instance" xsi:noNamespaceSchemaLocation="https://maven.apache.org/surefire/maven-surefire-plugin/xsd/surefire-test-report.xsd" name="de.kreuzwerker.cdc.userservice.GenericStateWithParameterContractTest" time="5.804" tests="1" errors="1" skipped="0" failures="0">
  <properties>
[...]
</properties>
  <testcase name="initializationError" classname="de.kreuzwerker.cdc.userservice.GenericStateWithParameterContractTest" time="0">
    <error message="Failed to load ApplicationContext" type="java.lang.IllegalStateException"><![CDATA[java.lang.IllegalStateException: Failed to load ApplicationContext
Caused by: org.mockito.exceptions.base.MockitoException: 

Mockito cannot mock this class: class de.kreuzwerker.cdc.userservice.UserService.

Mockito can only mock non-private & non-final classes.
If you're not sure why you're getting this error, please report to the mailing list.


Java               : 12
JVM vendor name    : Oracle Corporation
JVM vendor version : 12.0.1+12
JVM name           : OpenJDK 64-Bit Server VM
JVM version        : 12.0.1+12
JVM info           : mixed mode, sharing
OS name            : Windows 10
OS version         : 10.0


Underlying exception : java.lang.UnsupportedOperationException: Cannot define class using reflection
Caused by: java.lang.UnsupportedOperationException: Cannot define class using reflection
Caused by: java.lang.IllegalStateException: Could not find sun.misc.Unsafe
Caused by: java.lang.NoSuchMethodException: sun.misc.Unsafe.defineClass(java.lang.String,[B,int,int,java.lang.ClassLoader,java.security.ProtectionDomain)
]]></error>
    <system-out><![CDATA[08:05:00.040 [main] DEBUG org.springframework.test.context.BootstrapUtils - Instantiating CacheAwareContextLoaderDelegate from class [org.springframework.test.context.cache.DefaultCacheAwareContextLoaderDelegate]
08:05:00.058 [main] DEBUG org.springframework.test.context.BootstrapUtils - Instantiating BootstrapContext using constructor [public org.springframework.test.context.support.DefaultBootstrapContext(java.lang.Class,org.springframework.test.context.CacheAwareContextLoaderDelegate)]
08:05:00.079 [main] DEBUG org.springframework.test.context.BootstrapUtils - Instantiating TestContextBootstrapper for test class [de.kreuzwerker.cdc.userservice.GenericStateWithParameterContractTest] from class [org.springframework.boot.test.context.SpringBootTestContextBootstrapper]
08:05:00.089 [main] INFO org.springframework.boot.test.context.SpringBootTestContextBootstrapper - Neither @ContextConfiguration nor @ContextHierarchy found for test class [de.kreuzwerker.cdc.userservice.GenericStateWithParameterContractTest], using SpringBootContextLoader
08:05:00.092 [main] DEBUG org.springframework.test.context.support.AbstractContextLoader - Did not detect default resource location for test class [de.kreuzwerker.cdc.userservice.GenericStateWithParameterContractTest]: class path resource [de/kreuzwerker/cdc/userservice/GenericStateWithParameterContractTest-context.xml] does not exist
08:05:00.093 [main] DEBUG org.springframework.test.context.support.AbstractContextLoader - Did not detect default resource location for test class [de.kreuzwerker.cdc.userservice.GenericStateWithParameterContractTest]: class path resource [de/kreuzwerker/cdc/userservice/GenericStateWithParameterContractTestContext.groovy] does not exist
08:05:00.093 [main] INFO org.springframework.test.context.support.AbstractContextLoader - Could not detect default resource locations for test class [de.kreuzwerker.cdc.userservice.GenericStateWithParameterContractTest]: no resource found for suffixes {-context.xml, Context.groovy}.
08:05:00.094 [main] INFO org.springframework.test.context.support.AnnotationConfigContextLoaderUtils - Could not detect default configuration classes for test class [de.kreuzwerker.cdc.userservice.GenericStateWithParameterContractTest]: GenericStateWithParameterContractTest does not declare any static, non-private, non-final, nested classes annotated with @Configuration.
08:05:00.142 [main] DEBUG org.springframework.test.context.support.ActiveProfilesUtils - Could not find an 'annotation declaring class' for annotation type [org.springframework.test.context.ActiveProfiles] and class [de.kreuzwerker.cdc.userservice.GenericStateWithParameterContractTest]
08:05:00.152 [main] DEBUG org.springframework.core.env.StandardEnvironment - Adding PropertySource 'systemProperties' with lowest search precedence
08:05:00.152 [main] DEBUG org.springframework.core.env.StandardEnvironment - Adding PropertySource 'systemEnvironment' with lowest search precedence
08:05:00.152 [main] DEBUG org.springframework.core.env.StandardEnvironment - Initialized StandardEnvironment with PropertySources [MapPropertySource@1583159071 {name='systemProperties', properties={sun.desktop=windows, awt.toolkit=sun.awt.windows.WToolkit, java.specification.version=12, sun.cpu.isalist=amd64, sun.jnu.encoding=Cp1252, java.class.path=D:\JAVA_CODE\cdc-with-pact\user-service\target\test-classes;D:\JAVA_CODE\cdc-with-pact\user-service\target\classes;C:\Users\raupppee\.m2\repository\org\springframework\boot\spring-boot-starter-web\2.0.6.RELEASE\spring-boot-starter-web-2.0.6.RELEASE.jar;C:\Users\raupppee\.m2\repository\org\springframework\boot\spring-boot-starter\2.0.6.RELEASE\spring-boot-starter-2.0.6.RELEASE.jar;C:\Users\raupppee\.m2\repository\org\springframework\boot\spring-boot\2.0.6.RELEASE\spring-boot-2.0.6.RELEASE.jar;C:\Users\raupppee\.m2\repository\org\springframework\boot\spring-boot-autoconfigure\2.0.6.RELEASE\spring-boot-autoconfigure-2.0.6.RELEASE.jar;C:\Users\raupppee\.m2\repository\org\springframework\boot\spring-boot-starter-logging\2.0.6.RELEASE\spring-boot-starter-logging-2.0.6.RELEASE.jar;C:\Users\raupppee\.m2\repository\ch\qos\logback\logback-classic\1.2.3\logback-classic-1.2.3.jar;C:\Users\raupppee\.m2\repository\ch\qos\logback\logback-core\1.2.3\logback-core-1.2.3.jar;C:\Users\raupppee\.m2\repository\org\apache\logging\log4j\log4j-to-slf4j\2.10.0\log4j-to-slf4j-2.10.0.jar;C:\Users\raupppee\.m2\repository\org\apache\logging\log4j\log4j-api\2.10.0\log4j-api-2.10.0.jar;C:\Users\raupppee\.m2\repository\org\slf4j\jul-to-slf4j\1.7.25\jul-to-slf4j-1.7.25.jar;C:\Users\raupppee\.m2\repository\javax\annotation\javax.annotation-api\1.3.2\javax.annotation-api-1.3.2.jar;C:\Users\raupppee\.m2\repository\org\yaml\snakeyaml\1.19\snakeyaml-1.19.jar;C:\Users\raupppee\.m2\repository\org\springframework\boot\spring-boot-starter-json\2.0.6.RELEASE\spring-boot-starter-json-2.0.6.RELEASE.jar;C:\Users\raupppee\.m2\repository\com\fasterxml\jackson\core\jackson-databind\2.9.7\jackson-databind-2.9.7.jar;C:\Users\raupppee\.m2\repository\com\fasterxml\jackson\datatype\jackson-datatype-jdk8\2.9.7\jackson-datatype-jdk8-2.9.7.jar;C:\Users\raupppee\.m2\repository\com\fasterxml\jackson\datatype\jackson-datatype-jsr310\2.9.7\jackson-datatype-jsr310-2.9.7.jar;C:\Users\raupppee\.m2\repository\com\fasterxml\jackson\module\jackson-module-parameter-names\2.9.7\jackson-module-parameter-names-2.9.7.jar;C:\Users\raupppee\.m2\repository\org\springframework\boot\spring-boot-starter-tomcat\2.0.6.RELEASE\spring-boot-starter-tomcat-2.0.6.RELEASE.jar;C:\Users\raupppee\.m2\repository\org\apache\tomcat\embed\tomcat-embed-core\8.5.34\tomcat-embed-core-8.5.34.jar;C:\Users\raupppee\.m2\repository\org\apache\tomcat\embed\tomcat-embed-el\8.5.34\tomcat-embed-el-8.5.34.jar;C:\Users\raupppee\.m2\repository\org\apache\tomcat\embed\tomcat-embed-websocket\8.5.34\tomcat-embed-websocket-8.5.34.jar;C:\Users\raupppee\.m2\repository\org\hibernate\validator\hibernate-validator\6.0.13.Final\hibernate-validator-6.0.13.Final.jar;C:\Users\raupppee\.m2\repository\javax\validation\validation-api\2.0.1.Final\validation-api-2.0.1.Final.jar;C:\Users\raupppee\.m2\repository\org\jboss\logging\jboss-logging\3.3.2.Final\jboss-logging-3.3.2.Final.jar;C:\Users\raupppee\.m2\repository\com\fasterxml\classmate\1.3.4\classmate-1.3.4.jar;C:\Users\raupppee\.m2\repository\org\springframework\spring-web\5.0.10.RELEASE\spring-web-5.0.10.RELEASE.jar;C:\Users\raupppee\.m2\repository\org\springframework\spring-beans\5.0.10.RELEASE\spring-beans-5.0.10.RELEASE.jar;C:\Users\raupppee\.m2\repository\org\springframework\spring-webmvc\5.0.10.RELEASE\spring-webmvc-5.0.10.RELEASE.jar;C:\Users\raupppee\.m2\repository\org\springframework\spring-aop\5.0.10.RELEASE\spring-aop-5.0.10.RELEASE.jar;C:\Users\raupppee\.m2\repository\org\springframework\spring-context\5.0.10.RELEASE\spring-context-5.0.10.RELEASE.jar;C:\Users\raupppee\.m2\repository\org\springframework\spring-expression\5.0.10.RELEASE\spring-expression-5.0.10.RELEASE.jar;C:\Users\raupppee\.m2\repository\org\projectlombok\lombok\1.16.22\lombok-1.16.22.jar;C:\Users\raupppee\.m2\repository\org\springframework\boot\spring-boot-starter-test\2.0.6.RELEASE\spring-boot-starter-test-2.0.6.RELEASE.jar;C:\Users\raupppee\.m2\repository\org\springframework\boot\spring-boot-test\2.0.6.RELEASE\spring-boot-test-2.0.6.RELEASE.jar;C:\Users\raupppee\.m2\repository\org\springframework\boot\spring-boot-test-autoconfigure\2.0.6.RELEASE\spring-boot-test-autoconfigure-2.0.6.RELEASE.jar;C:\Users\raupppee\.m2\repository\com\jayway\jsonpath\json-path\2.4.0\json-path-2.4.0.jar;C:\Users\raupppee\.m2\repository\net\minidev\json-smart\2.3\json-smart-2.3.jar;C:\Users\raupppee\.m2\repository\net\minidev\accessors-smart\1.2\accessors-smart-1.2.jar;C:\Users\raupppee\.m2\repository\org\ow2\asm\asm\5.0.4\asm-5.0.4.jar;C:\Users\raupppee\.m2\repository\junit\junit\4.12\junit-4.12.jar;C:\Users\raupppee\.m2\repository\org\assertj\assertj-core\3.9.1\assertj-core-3.9.1.jar;C:\Users\raupppee\.m2\repository\org\mockito\mockito-core\2.15.0\mockito-core-2.15.0.jar;C:\Users\raupppee\.m2\repository\net\bytebuddy\byte-buddy\1.7.11\byte-buddy-1.7.11.jar;C:\Users\raupppee\.m2\repository\net\bytebuddy\byte-buddy-agent\1.7.11\byte-buddy-agent-1.7.11.jar;C:\Users\raupppee\.m2\repository\org\objenesis\objenesis\2.6\objenesis-2.6.jar;C:\Users\raupppee\.m2\repository\org\hamcrest\hamcrest-core\1.3\hamcrest-core-1.3.jar;C:\Users\raupppee\.m2\repository\org\hamcrest\hamcrest-library\1.3\hamcrest-library-1.3.jar;C:\Users\raupppee\.m2\repository\org\skyscreamer\jsonassert\1.5.0\jsonassert-1.5.0.jar;C:\Users\raupppee\.m2\repository\com\vaadin\external\google\android-json\0.0.20131108.vaadin1\android-json-0.0.20131108.vaadin1.jar;C:\Users\raupppee\.m2\repository\org\springframework\spring-core\5.0.10.RELEASE\spring-core-5.0.10.RELEASE.jar;C:\Users\raupppee\.m2\repository\org\springframework\spring-jcl\5.0.10.RELEASE\spring-jcl-5.0.10.RELEASE.jar;C:\Users\raupppee\.m2\repository\org\springframework\spring-test\5.0.10.RELEASE\spring-test-5.0.10.RELEASE.jar;C:\Users\raupppee\.m2\repository\org\xmlunit\xmlunit-core\2.5.1\xmlunit-core-2.5.1.jar;C:\Users\raupppee\.m2\repository\au\com\dius\pact-jvm-provider-spring_2.12\3.5.24\pact-jvm-provider-spring_2.12-3.5.24.jar;C:\Users\raupppee\.m2\repository\org\jetbrains\kotlin\kotlin-stdlib-jdk8\1.2.51\kotlin-stdlib-jdk8-1.2.51.jar;C:\Users\raupppee\.m2\repository\org\jetbrains\kotlin\kotlin-stdlib\1.2.51\kotlin-stdlib-1.2.51.jar;C:\Users\raupppee\.m2\repository\org\jetbrains\kotlin\kotlin-stdlib-common\1.2.51\kotlin-stdlib-common-1.2.51.jar;C:\Users\raupppee\.m2\repository\org\jetbrains\annotations\13.0\annotations-13.0.jar;C:\Users\raupppee\.m2\repository\org\jetbrains\kotlin\kotlin-stdlib-jdk7\1.2.51\kotlin-stdlib-jdk7-1.2.51.jar;C:\Users\raupppee\.m2\repository\org\jetbrains\kotlin\kotlin-reflect\1.2.51\kotlin-reflect-1.2.51.jar;C:\Users\raupppee\.m2\repository\org\slf4j\slf4j-api\1.7.25\slf4j-api-1.7.25.jar;C:\Users\raupppee\.m2\repository\org\codehaus\groovy\groovy-all\2.4.12\groovy-all-2.4.12-indy.jar;C:\Users\raupppee\.m2\repository\io\github\microutils\kotlin-logging\1.4.4\kotlin-logging-1.4.4.jar;C:\Users\raupppee\.m2\repository\org\scala-lang\scala-library\2.12.5\scala-library-2.12.5.jar;C:\Users\raupppee\.m2\repository\com\typesafe\scala-logging\scala-logging_2.12\3.7.2\scala-logging_2.12-3.7.2.jar;C:\Users\raupppee\.m2\repository\au\com\dius\pact-jvm-provider-junit_2.12\3.5.24\pact-jvm-provider-junit_2.12-3.5.24.jar;C:\Users\raupppee\.m2\repository\au\com\dius\pact-jvm-provider_2.12\3.5.24\pact-jvm-provider_2.12-3.5.24.jar;C:\Users\raupppee\.m2\repository\au\com\dius\pact-jvm-model\3.5.24\pact-jvm-model-3.5.24.jar;C:\Users\raupppee\.m2\repository\com\github\zafarkhaja\java-semver\0.9.0\java-semver-0.9.0.jar;C:\Users\raupppee\.m2\repository\com\amazonaws\aws-java-sdk-s3\1.11.30\aws-java-sdk-s3-1.11.30.jar;C:\Users\raupppee\.m2\repository\com\amazonaws\aws-java-sdk-kms\1.11.30\aws-java-sdk-kms-1.11.30.jar;C:\Users\raupppee\.m2\repository\com\amazonaws\aws-java-sdk-core\1.11.30\aws-java-sdk-core-1.11.30.jar;C:\Users\raupppee\.m2\repository\com\fasterxml\jackson\dataformat\jackson-dataformat-cbor\2.9.7\jackson-dataformat-cbor-2.9.7.jar;C:\Users\raupppee\.m2\repository\com\amazonaws\jmespath-java\1.0\jmespath-java-1.0.jar;C:\Users\raupppee\.m2\repository\org\apache\commons\commons-collections4\4.1\commons-collections4-4.1.jar;C:\Users\raupppee\.m2\repository\com\github\mifmif\generex\1.0.1\generex-1.0.1.jar;C:\Users\raupppee\.m2\repository\dk\brics\automaton\automaton\1.11-8\automaton-1.11-8.jar;C:\Users\raupppee\.m2\repository\au\com\dius\pact-jvm-pact-broker\3.5.24\pact-jvm-pact-broker-3.5.24.jar;C:\Users\raupppee\.m2\repository\com\github\salomonbrys\kotson\kotson\2.5.0\kotson-2.5.0.jar;C:\Users\raupppee\.m2\repository\com\google\code\gson\gson\2.8.5\gson-2.8.5.jar;C:\Users\raupppee\.m2\repository\org\dmfs\rfc3986-uri\0.8\rfc3986-uri-0.8.jar;C:\Users\raupppee\.m2\repository\org\dmfs\iterators\1.5\iterators-1.5.jar;C:\Users\raupppee\.m2\repository\org\dmfs\optional\0.3\optional-0.3.jar;C:\Users\raupppee\.m2\repository\au\com\dius\pact-jvm-matchers_2.12\3.5.24\pact-jvm-matchers_2.12-3.5.24.jar;C:\Users\raupppee\.m2\repository\io\gatling\jsonpath_2.12\0.6.9\jsonpath_2.12-0.6.9.jar;C:\Users\raupppee\.m2\repository\org\scala-lang\modules\scala-parser-combinators_2.12\1.0.5\scala-parser-combinators_2.12-1.0.5.jar;C:\Users\raupppee\.m2\repository\com\googlecode\java-diff-utils\diffutils\1.3.0\diffutils-1.3.0.jar;C:\Users\raupppee\.m2\repository\org\scala-lang\modules\scala-xml_2.12\1.0.6\scala-xml_2.12-1.0.6.jar;C:\Users\raupppee\.m2\repository\commons-io\commons-io\2.5\commons-io-2.5.jar;C:\Users\raupppee\.m2\repository\org\fusesource\jansi\jansi\1.16\jansi-1.16.jar;C:\Users\raupppee\.m2\repository\org\reflections\reflections\0.9.10\reflections-0.9.10.jar;C:\Users\raupppee\.m2\repository\org\javassist\javassist\3.19.0-GA\javassist-3.19.0-GA.jar;C:\Users\raupppee\.m2\repository\com\google\code\findbugs\annotations\2.0.1\annotations-2.0.1.jar;C:\Users\raupppee\.m2\repository\org\scala-lang\modules\scala-java8-compat_2.12\0.8.0\scala-java8-compat_2.12-0.8.0.jar;C:\Users\raupppee\.m2\repository\org\apache\httpcomponents\fluent-hc\4.5.6\fluent-hc-4.5.6.jar;C:\Users\raupppee\.m2\repository\commons-logging\commons-logging\1.2\commons-logging-1.2.jar;C:\Users\raupppee\.m2\repository\org\apache\httpcomponents\httpclient\4.5.6\httpclient-4.5.6.jar;C:\Users\raupppee\.m2\repository\org\apache\httpcomponents\httpcore\4.4.10\httpcore-4.4.10.jar;C:\Users\raupppee\.m2\repository\commons-codec\commons-codec\1.11\commons-codec-1.11.jar;C:\Users\raupppee\.m2\repository\org\apache\commons\commons-lang3\3.7\commons-lang3-3.7.jar;C:\Users\raupppee\.m2\repository\org\jooq\jool\0.9.11\jool-0.9.11.jar;C:\Users\raupppee\.m2\repository\com\github\rholder\guava-retrying\2.0.0\guava-retrying-2.0.0.jar;C:\Users\raupppee\.m2\repository\com\google\guava\guava\28.0-jre\guava-28.0-jre.jar;C:\Users\raupppee\.m2\repository\com\google\guava\failureaccess\1.0.1\failureaccess-1.0.1.jar;C:\Users\raupppee\.m2\repository\com\google\guava\listenablefuture\9999.0-empty-to-avoid-conflict-with-guava\listenablefuture-9999.0-empty-to-avoid-conflict-with-guava.jar;C:\Users\raupppee\.m2\repository\org\checkerframework\checker-qual\2.8.1\checker-qual-2.8.1.jar;C:\Users\raupppee\.m2\repository\com\google\errorprone\error_prone_annotations\2.3.2\error_prone_annotations-2.3.2.jar;C:\Users\raupppee\.m2\repository\com\google\j2objc\j2objc-annotations\1.3\j2objc-annotations-1.3.jar;C:\Users\raupppee\.m2\repository\org\codehaus\mojo\animal-sniffer-annotations\1.17\animal-sniffer-annotations-1.17.jar;C:\Users\raupppee\.m2\repository\com\google\code\findbugs\jsr305\2.0.2\jsr305-2.0.2.jar;C:\Users\raupppee\.m2\repository\javax\mail\mail\1.5.0-b01\mail-1.5.0-b01.jar;C:\Users\raupppee\.m2\repository\javax\activation\activation\1.1\activation-1.1.jar;C:\Users\raupppee\.m2\repository\javax\servlet\javax.servlet-api\3.1.0\javax.servlet-api-3.1.0.jar;C:\Users\raupppee\.m2\repository\com\fasterxml\jackson\datatype\jackson-datatype-joda\2.9.7\jackson-datatype-joda-2.9.7.jar;C:\Users\raupppee\.m2\repository\com\fasterxml\jackson\core\jackson-annotations\2.9.0\jackson-annotations-2.9.0.jar;C:\Users\raupppee\.m2\repository\com\fasterxml\jackson\core\jackson-core\2.9.7\jackson-core-2.9.7.jar;C:\Users\raupppee\.m2\repository\joda-time\joda-time\2.9.9\joda-time-2.9.9.jar;, java.vm.vendor=Oracle Corporation, sun.arch.data.model=64, user.variant=, java.vendor.url=https://java.oracle.com/, user.timezone=Europe/Madrid, java.vm.specification.version=12, os.name=Windows 10, sun.java.launcher=SUN_STANDARD, user.country=ES, sun.boot.library.path=D:\Java\jdk-12.0.1\bin, sun.java.command=C:\Users\raupppee\AppData\Local\Temp\surefire1126428822399245597\surefirebooter8637553171317100860.jar C:\Users\raupppee\AppData\Local\Temp\surefire1126428822399245597 2019-07-25T08-04-58_449-jvmRun1 surefire3464038707930829004tmp surefire_013281746691602874078tmp, jdk.debug=release, surefire.test.class.path=D:\JAVA_CODE\cdc-with-pact\user-service\target\test-classes;D:\JAVA_CODE\cdc-with-pact\user-service\target\classes;C:\Users\raupppee\.m2\repository\org\springframework\boot\spring-boot-starter-web\2.0.6.RELEASE\spring-boot-starter-web-2.0.6.RELEASE.jar;C:\Users\raupppee\.m2\repository\org\springframework\boot\spring-boot-starter\2.0.6.RELEASE\spring-boot-starter-2.0.6.RELEASE.jar;C:\Users\raupppee\.m2\repository\org\springframework\boot\spring-boot\2.0.6.RELEASE\spring-boot-2.0.6.RELEASE.jar;C:\Users\raupppee\.m2\repository\org\springframework\boot\spring-boot-autoconfigure\2.0.6.RELEASE\spring-boot-autoconfigure-2.0.6.RELEASE.jar;C:\Users\raupppee\.m2\repository\org\springframework\boot\spring-boot-starter-logging\2.0.6.RELEASE\spring-boot-starter-logging-2.0.6.RELEASE.jar;C:\Users\raupppee\.m2\repository\ch\qos\logback\logback-classic\1.2.3\logback-classic-1.2.3.jar;C:\Users\raupppee\.m2\repository\ch\qos\logback\logback-core\1.2.3\logback-core-1.2.3.jar;C:\Users\raupppee\.m2\repository\org\apache\logging\log4j\log4j-to-slf4j\2.10.0\log4j-to-slf4j-2.10.0.jar;C:\Users\raupppee\.m2\repository\org\apache\logging\log4j\log4j-api\2.10.0\log4j-api-2.10.0.jar;C:\Users\raupppee\.m2\repository\org\slf4j\jul-to-slf4j\1.7.25\jul-to-slf4j-1.7.25.jar;C:\Users\raupppee\.m2\repository\javax\annotation\javax.annotation-api\1.3.2\javax.annotation-api-1.3.2.jar;C:\Users\raupppee\.m2\repository\org\yaml\snakeyaml\1.19\snakeyaml-1.19.jar;C:\Users\raupppee\.m2\repository\org\springframework\boot\spring-boot-starter-json\2.0.6.RELEASE\spring-boot-starter-json-2.0.6.RELEASE.jar;C:\Users\raupppee\.m2\repository\com\fasterxml\jackson\core\jackson-databind\2.9.7\jackson-databind-2.9.7.jar;C:\Users\raupppee\.m2\repository\com\fasterxml\jackson\datatype\jackson-datatype-jdk8\2.9.7\jackson-datatype-jdk8-2.9.7.jar;C:\Users\raupppee\.m2\repository\com\fasterxml\jackson\datatype\jackson-datatype-jsr310\2.9.7\jackson-datatype-jsr310-2.9.7.jar;C:\Users\raupppee\.m2\repository\com\fasterxml\jackson\module\jackson-module-parameter-names\2.9.7\jackson-module-parameter-names-2.9.7.jar;C:\Users\raupppee\.m2\repository\org\springframework\boot\spring-boot-starter-tomcat\2.0.6.RELEASE\spring-boot-starter-tomcat-2.0.6.RELEASE.jar;C:\Users\raupppee\.m2\repository\org\apache\tomcat\embed\tomcat-embed-core\8.5.34\tomcat-embed-core-8.5.34.jar;C:\Users\raupppee\.m2\repository\org\apache\tomcat\embed\tomcat-embed-el\8.5.34\tomcat-embed-el-8.5.34.jar;C:\Users\raupppee\.m2\repository\org\apache\tomcat\embed\tomcat-embed-websocket\8.5.34\tomcat-embed-websocket-8.5.34.jar;C:\Users\raupppee\.m2\repository\org\hibernate\validator\hibernate-validator\6.0.13.Final\hibernate-validator-6.0.13.Final.jar;C:\Users\raupppee\.m2\repository\javax\validation\validation-api\2.0.1.Final\validation-api-2.0.1.Final.jar;C:\Users\raupppee\.m2\repository\org\jboss\logging\jboss-logging\3.3.2.Final\jboss-logging-3.3.2.Final.jar;C:\Users\raupppee\.m2\repository\com\fasterxml\classmate\1.3.4\classmate-1.3.4.jar;C:\Users\raupppee\.m2\repository\org\springframework\spring-web\5.0.10.RELEASE\spring-web-5.0.10.RELEASE.jar;C:\Users\raupppee\.m2\repository\org\springframework\spring-beans\5.0.10.RELEASE\spring-beans-5.0.10.RELEASE.jar;C:\Users\raupppee\.m2\repository\org\springframework\spring-webmvc\5.0.10.RELEASE\spring-webmvc-5.0.10.RELEASE.jar;C:\Users\raupppee\.m2\repository\org\springframework\spring-aop\5.0.10.RELEASE\spring-aop-5.0.10.RELEASE.jar;C:\Users\raupppee\.m2\repository\org\springframework\spring-context\5.0.10.RELEASE\spring-context-5.0.10.RELEASE.jar;C:\Users\raupppee\.m2\repository\org\springframework\spring-expression\5.0.10.RELEASE\spring-expression-5.0.10.RELEASE.jar;C:\Users\raupppee\.m2\repository\org\projectlombok\lombok\1.16.22\lombok-1.16.22.jar;C:\Users\raupppee\.m2\repository\org\springframework\boot\spring-boot-starter-test\2.0.6.RELEASE\spring-boot-starter-test-2.0.6.RELEASE.jar;C:\Users\raupppee\.m2\repository\org\springframework\boot\spring-boot-test\2.0.6.RELEASE\spring-boot-test-2.0.6.RELEASE.jar;C:\Users\raupppee\.m2\repository\org\springframework\boot\spring-boot-test-autoconfigure\2.0.6.RELEASE\spring-boot-test-autoconfigure-2.0.6.RELEASE.jar;C:\Users\raupppee\.m2\repository\com\jayway\jsonpath\json-path\2.4.0\json-path-2.4.0.jar;C:\Users\raupppee\.m2\repository\net\minidev\json-smart\2.3\json-smart-2.3.jar;C:\Users\raupppee\.m2\repository\net\minidev\accessors-smart\1.2\accessors-smart-1.2.jar;C:\Users\raupppee\.m2\repository\org\ow2\asm\asm\5.0.4\asm-5.0.4.jar;C:\Users\raupppee\.m2\repository\junit\junit\4.12\junit-4.12.jar;C:\Users\raupppee\.m2\repository\org\assertj\assertj-core\3.9.1\assertj-core-3.9.1.jar;C:\Users\raupppee\.m2\repository\org\mockito\mockito-core\2.15.0\mockito-core-2.15.0.jar;C:\Users\raupppee\.m2\repository\net\bytebuddy\byte-buddy\1.7.11\byte-buddy-1.7.11.jar;C:\Users\raupppee\.m2\repository\net\bytebuddy\byte-buddy-agent\1.7.11\byte-buddy-agent-1.7.11.jar;C:\Users\raupppee\.m2\repository\org\objenesis\objenesis\2.6\objenesis-2.6.jar;C:\Users\raupppee\.m2\repository\org\hamcrest\hamcrest-core\1.3\hamcrest-core-1.3.jar;C:\Users\raupppee\.m2\repository\org\hamcrest\hamcrest-library\1.3\hamcrest-library-1.3.jar;C:\Users\raupppee\.m2\repository\org\skyscreamer\jsonassert\1.5.0\jsonassert-1.5.0.jar;C:\Users\raupppee\.m2\repository\com\vaadin\external\google\android-json\0.0.20131108.vaadin1\android-json-0.0.20131108.vaadin1.jar;C:\Users\raupppee\.m2\repository\org\springframework\spring-core\5.0.10.RELEASE\spring-core-5.0.10.RELEASE.jar;C:\Users\raupppee\.m2\repository\org\springframework\spring-jcl\5.0.10.RELEASE\spring-jcl-5.0.10.RELEASE.jar;C:\Users\raupppee\.m2\repository\org\springframework\spring-test\5.0.10.RELEASE\spring-test-5.0.10.RELEASE.jar;C:\Users\raupppee\.m2\repository\org\xmlunit\xmlunit-core\2.5.1\xmlunit-core-2.5.1.jar;C:\Users\raupppee\.m2\repository\au\com\dius\pact-jvm-provider-spring_2.12\3.5.24\pact-jvm-provider-spring_2.12-3.5.24.jar;C:\Users\raupppee\.m2\repository\org\jetbrains\kotlin\kotlin-stdlib-jdk8\1.2.51\kotlin-stdlib-jdk8-1.2.51.jar;C:\Users\raupppee\.m2\repository\org\jetbrains\kotlin\kotlin-stdlib\1.2.51\kotlin-stdlib-1.2.51.jar;C:\Users\raupppee\.m2\repository\org\jetbrains\kotlin\kotlin-stdlib-common\1.2.51\kotlin-stdlib-common-1.2.51.jar;C:\Users\raupppee\.m2\repository\org\jetbrains\annotations\13.0\annotations-13.0.jar;C:\Users\raupppee\.m2\repository\org\jetbrains\kotlin\kotlin-stdlib-jdk7\1.2.51\kotlin-stdlib-jdk7-1.2.51.jar;C:\Users\raupppee\.m2\repository\org\jetbrains\kotlin\kotlin-reflect\1.2.51\kotlin-reflect-1.2.51.jar;C:\Users\raupppee\.m2\repository\org\slf4j\slf4j-api\1.7.25\slf4j-api-1.7.25.jar;C:\Users\raupppee\.m2\repository\org\codehaus\groovy\groovy-all\2.4.12\groovy-all-2.4.12-indy.jar;C:\Users\raupppee\.m2\repository\io\github\microutils\kotlin-logging\1.4.4\kotlin-logging-1.4.4.jar;C:\Users\raupppee\.m2\repository\org\scala-lang\scala-library\2.12.5\scala-library-2.12.5.jar;C:\Users\raupppee\.m2\repository\com\typesafe\scala-logging\scala-logging_2.12\3.7.2\scala-logging_2.12-3.7.2.jar;C:\Users\raupppee\.m2\repository\au\com\dius\pact-jvm-provider-junit_2.12\3.5.24\pact-jvm-provider-junit_2.12-3.5.24.jar;C:\Users\raupppee\.m2\repository\au\com\dius\pact-jvm-provider_2.12\3.5.24\pact-jvm-provider_2.12-3.5.24.jar;C:\Users\raupppee\.m2\repository\au\com\dius\pact-jvm-model\3.5.24\pact-jvm-model-3.5.24.jar;C:\Users\raupppee\.m2\repository\com\github\zafarkhaja\java-semver\0.9.0\java-semver-0.9.0.jar;C:\Users\raupppee\.m2\repository\com\amazonaws\aws-java-sdk-s3\1.11.30\aws-java-sdk-s3-1.11.30.jar;C:\Users\raupppee\.m2\repository\com\amazonaws\aws-java-sdk-kms\1.11.30\aws-java-sdk-kms-1.11.30.jar;C:\Users\raupppee\.m2\repository\com\amazonaws\aws-java-sdk-core\1.11.30\aws-java-sdk-core-1.11.30.jar;C:\Users\raupppee\.m2\repository\com\fasterxml\jackson\dataformat\jackson-dataformat-cbor\2.9.7\jackson-dataformat-cbor-2.9.7.jar;C:\Users\raupppee\.m2\repository\com\amazonaws\jmespath-java\1.0\jmespath-java-1.0.jar;C:\Users\raupppee\.m2\repository\org\apache\commons\commons-collections4\4.1\commons-collections4-4.1.jar;C:\Users\raupppee\.m2\repository\com\github\mifmif\generex\1.0.1\generex-1.0.1.jar;C:\Users\raupppee\.m2\repository\dk\brics\automaton\automaton\1.11-8\automaton-1.11-8.jar;C:\Users\raupppee\.m2\repository\au\com\dius\pact-jvm-pact-broker\3.5.24\pact-jvm-pact-broker-3.5.24.jar;C:\Users\raupppee\.m2\repository\com\github\salomonbrys\kotson\kotson\2.5.0\kotson-2.5.0.jar;C:\Users\raupppee\.m2\repository\com\google\code\gson\gson\2.8.5\gson-2.8.5.jar;C:\Users\raupppee\.m2\repository\org\dmfs\rfc3986-uri\0.8\rfc3986-uri-0.8.jar;C:\Users\raupppee\.m2\repository\org\dmfs\iterators\1.5\iterators-1.5.jar;C:\Users\raupppee\.m2\repository\org\dmfs\optional\0.3\optional-0.3.jar;C:\Users\raupppee\.m2\repository\au\com\dius\pact-jvm-matchers_2.12\3.5.24\pact-jvm-matchers_2.12-3.5.24.jar;C:\Users\raupppee\.m2\repository\io\gatling\jsonpath_2.12\0.6.9\jsonpath_2.12-0.6.9.jar;C:\Users\raupppee\.m2\repository\org\scala-lang\modules\scala-parser-combinators_2.12\1.0.5\scala-parser-combinators_2.12-1.0.5.jar;C:\Users\raupppee\.m2\repository\com\googlecode\java-diff-utils\diffutils\1.3.0\diffutils-1.3.0.jar;C:\Users\raupppee\.m2\repository\org\scala-lang\modules\scala-xml_2.12\1.0.6\scala-xml_2.12-1.0.6.jar;C:\Users\raupppee\.m2\repository\commons-io\commons-io\2.5\commons-io-2.5.jar;C:\Users\raupppee\.m2\repository\org\fusesource\jansi\jansi\1.16\jansi-1.16.jar;C:\Users\raupppee\.m2\repository\org\reflections\reflections\0.9.10\reflections-0.9.10.jar;C:\Users\raupppee\.m2\repository\org\javassist\javassist\3.19.0-GA\javassist-3.19.0-GA.jar;C:\Users\raupppee\.m2\repository\com\google\code\findbugs\annotations\2.0.1\annotations-2.0.1.jar;C:\Users\raupppee\.m2\repository\org\scala-lang\modules\scala-java8-compat_2.12\0.8.0\scala-java8-compat_2.12-0.8.0.jar;C:\Users\raupppee\.m2\repository\org\apache\httpcomponents\fluent-hc\4.5.6\fluent-hc-4.5.6.jar;C:\Users\raupppee\.m2\repository\commons-logging\commons-logging\1.2\commons-logging-1.2.jar;C:\Users\raupppee\.m2\repository\org\apache\httpcomponents\httpclient\4.5.6\httpclient-4.5.6.jar;C:\Users\raupppee\.m2\repository\org\apache\httpcomponents\httpcore\4.4.10\httpcore-4.4.10.jar;C:\Users\raupppee\.m2\repository\commons-codec\commons-codec\1.11\commons-codec-1.11.jar;C:\Users\raupppee\.m2\repository\org\apache\commons\commons-lang3\3.7\commons-lang3-3.7.jar;C:\Users\raupppee\.m2\repository\org\jooq\jool\0.9.11\jool-0.9.11.jar;C:\Users\raupppee\.m2\repository\com\github\rholder\guava-retrying\2.0.0\guava-retrying-2.0.0.jar;C:\Users\raupppee\.m2\repository\com\google\guava\guava\28.0-jre\guava-28.0-jre.jar;C:\Users\raupppee\.m2\repository\com\google\guava\failureaccess\1.0.1\failureaccess-1.0.1.jar;C:\Users\raupppee\.m2\repository\com\google\guava\listenablefuture\9999.0-empty-to-avoid-conflict-with-guava\listenablefuture-9999.0-empty-to-avoid-conflict-with-guava.jar;C:\Users\raupppee\.m2\repository\org\checkerframework\checker-qual\2.8.1\checker-qual-2.8.1.jar;C:\Users\raupppee\.m2\repository\com\google\errorprone\error_prone_annotations\2.3.2\error_prone_annotations-2.3.2.jar;C:\Users\raupppee\.m2\repository\com\google\j2objc\j2objc-annotations\1.3\j2objc-annotations-1.3.jar;C:\Users\raupppee\.m2\repository\org\codehaus\mojo\animal-sniffer-annotations\1.17\animal-sniffer-annotations-1.17.jar;C:\Users\raupppee\.m2\repository\com\google\code\findbugs\jsr305\2.0.2\jsr305-2.0.2.jar;C:\Users\raupppee\.m2\repository\javax\mail\mail\1.5.0-b01\mail-1.5.0-b01.jar;C:\Users\raupppee\.m2\repository\javax\activation\activation\1.1\activation-1.1.jar;C:\Users\raupppee\.m2\repository\javax\servlet\javax.servlet-api\3.1.0\javax.servlet-api-3.1.0.jar;C:\Users\raupppee\.m2\repository\com\fasterxml\jackson\datatype\jackson-datatype-joda\2.9.7\jackson-datatype-joda-2.9.7.jar;C:\Users\raupppee\.m2\repository\com\fasterxml\jackson\core\jackson-annotations\2.9.0\jackson-annotations-2.9.0.jar;C:\Users\raupppee\.m2\repository\com\fasterxml\jackson\core\jackson-core\2.9.7\jackson-core-2.9.7.jar;C:\Users\raupppee\.m2\repository\joda-time\joda-time\2.9.9\joda-time-2.9.9.jar;, sun.cpu.endian=little, user.home=C:\Users\raupppee, user.language=es, java.specification.vendor=Oracle Corporation, java.version.date=2019-04-16, java.home=D:\Java\jdk-12.0.1, file.separator=\, basedir=D:\JAVA_CODE\cdc-with-pact\user-service, java.vm.compressedOopsMode=Zero based, line.separator=
, java.vm.specification.vendor=Oracle Corporation, java.specification.name=Java Platform API Specification, java.awt.graphicsenv=sun.awt.Win32GraphicsEnvironment, surefire.real.class.path=C:\Users\raupppee\AppData\Local\Temp\surefire1126428822399245597\surefirebooter8637553171317100860.jar, user.script=, sun.management.compiler=HotSpot 64-Bit Tiered Compilers, java.runtime.version=12.0.1+12, user.name=raupppee, path.separator=;, os.version=10.0, java.runtime.name=OpenJDK Runtime Environment, file.encoding=Cp1252, java.vm.name=OpenJDK 64-Bit Server VM, localRepository=C:\Users\raupppee\.m2\repository, java.vendor.url.bug=https://bugreport.java.com/bugreport/, java.io.tmpdir=C:\Users\raupppee\AppData\Local\Temp\, java.version=12.0.1, user.dir=D:\JAVA_CODE\cdc-with-pact\user-service, os.arch=amd64, java.vm.specification.name=Java Virtual Machine Specification, sun.os.patch.level=, java.library.path=D:\Java\jdk-12.0.1\bin;C:\WINDOWS\Sun\Java\bin;C:\WINDOWS\system32;C:\WINDOWS;D:\softwares\gradle\bin;C:\ProgramData\DockerDesktop\version-bin;C:\Program Files\Docker\Docker\Resources\bin;D:\Java\jdk-12.0.1\bin;C:\Program Files (x86)\Common Files\Oracle\Java\javapath;C:\Program Files\CyberSafe\bin;C:\Program Files (x86)\CyberSafe\bin;C:\WINDOWS\system32;C:\WINDOWS;C:\WINDOWS\System32\Wbem;C:\WINDOWS\System32\WindowsPowerShell\v1.0\;C:\Program Files (x86)\Sennheiser\SoftphoneSDK\;C:\Program Files\Git\cmd;C:\WINDOWS\system32;C:\WINDOWS;C:\WINDOWS\System32\Wbem;C:\WINDOWS\System32\WindowsPowerShell\v1.0\;C:\WINDOWS\System32\OpenSSH\;D:\maven\apachemaven361\bin\;C:\Users\raupppee\.dnx\bin;C:\Program Files\Microsoft DNX\Dnvm\;C:\Program Files\Microsoft SQL Server\130\Tools\Binn\;C:\Users\raupppee\AppData\Local\Microsoft\WindowsApps;C:\Users\raupppee\AppData\Local\atom\bin;., java.vm.info=mixed mode, sharing, java.vendor=Oracle Corporation, java.vm.version=12.0.1+12, sun.io.unicode.encoding=UnicodeLittle, java.class.version=56.0}}, SystemEnvironmentPropertySource@607207372 {name='systemEnvironment', properties={PATH=D:\softwares\gradle\bin;C:\ProgramData\DockerDesktop\version-bin;C:\Program Files\Docker\Docker\Resources\bin;D:\Java\jdk-12.0.1\bin;C:\Program Files (x86)\Common Files\Oracle\Java\javapath;C:\Program Files\CyberSafe\bin;C:\Program Files (x86)\CyberSafe\bin;C:\WINDOWS\system32;C:\WINDOWS;C:\WINDOWS\System32\Wbem;C:\WINDOWS\System32\WindowsPowerShell\v1.0\;C:\Program Files (x86)\Sennheiser\SoftphoneSDK\;C:\Program Files\Git\cmd;C:\WINDOWS\system32;C:\WINDOWS;C:\WINDOWS\System32\Wbem;C:\WINDOWS\System32\WindowsPowerShell\v1.0\;C:\WINDOWS\System32\OpenSSH\;D:\maven\apachemaven361\bin\;C:\Users\raupppee\.dnx\bin;C:\Program Files\Microsoft DNX\Dnvm\;C:\Program Files\Microsoft SQL Server\130\Tools\Binn\;C:\Users\raupppee\AppData\Local\Microsoft\WindowsApps;C:\Users\raupppee\AppData\Local\atom\bin, USERDOMAIN_ROAMINGPROFILE=RBAMOUSER, PROCESSOR_LEVEL=6, SYSTEMDRIVE=C:, VS140COMNTOOLS=C:\Program Files (x86)\Microsoft Visual Studio 14.0\Common7\Tools\, SESSIONNAME=Console, ALLUSERSPROFILE=C:\ProgramData, PROCESSOR_ARCHITECTURE=AMD64, AU-PREFIX=SantCugat-IT, DRIVERDATA=C:\Windows\System32\Drivers\DriverData, __INTELLIJ_COMMAND_HISTFILE__=C:\Users\raupppee\.IdeaIC2019.1\config\terminal\history\history-75, =E:=E:\, MAVEN_HOME=D:\maven\apachemaven361\bin\.., PROGRAMFILES=C:\Program Files, PSMODULEPATH=C:\Program Files\WindowsPowerShell\Modules;C:\WINDOWS\system32\WindowsPowerShell\v1.0\Modules, PROGRAMDATA=C:\ProgramData, USERNAME=raupppee, R_INIPATH=C:\Users\raupppee\AppData\Local\Roche\Ini, USERDNSDOMAIN=EMEA.ROCHE.COM, WDIR=D:\JAVA_CODE\cdc-with-pact, ONEDRIVE=C:\Users\raupppee\OneDrive, PATHEXT=.COM;.EXE;.BAT;.CMD;.VBS;.VBE;.JS;.JSE;.WSF;.WSH;.MSC, CLASSWORLDS_JAR="D:\maven\apachemaven361\bin\..\boot\plexus-classworlds-2.6.0.jar", WINDIR=C:\WINDOWS, HOMEPATH=\Users\raupppee, PROCESSOR_IDENTIFIER=Intel64 Family 6 Model 158 Stepping 9, GenuineIntel, PASSWORDSHARE=\\rtcmsdfs03\chpwdadm$, PUBLIC=C:\Users\Public, =::=::\, =EXITCODE=00000001, LOCALAPPDATA=C:\Users\raupppee\AppData\Local, COMMONPROGRAMFILES(X86)=C:\Program Files (x86)\Common Files, USERDOMAIN=RBAMOUSER, LOGONSERVER=\\RTCMSEMEA01, JAVA_HOME=D:\Java\jdk-12.0.1, PROMPT=$P$G, PROGRAMFILES(X86)=C:\Program Files (x86), ASL.LOG=Destination=file, ERROR_CODE=0, EXEC_DIR=D:\JAVA_CODE\cdc-with-pact\user-service, =C:=C:\, APPDATA=C:\Users\raupppee\AppData\Roaming, PROGRAMW6432=C:\Program Files, SYSTEMROOT=C:\WINDOWS, MAVEN_CMD_LINE_ARGS=clean install, OS=Windows_NT, COMMONPROGRAMW6432=C:\Program Files\Common Files, COMPUTERNAME=RTCMW030870, COMMONPROGRAMFILES=C:\Program Files\Common Files, COMSPEC=C:\WINDOWS\system32\cmd.exe, INILOCATION=C:\Users\raupppee\AppData\Local\Roche\Ini, JAVACMD=D:\Java\jdk-12.0.1\bin\java.exe, MAVEN_PROJECTBASEDIR=D:\JAVA_CODE\cdc-with-pact, PROCESSOR_REVISION=9e09, UATDATA=C:\WINDOWS\CCM\UATData\D9F8C395-CAB8-491d-B8AC-179A1FE1BE77, CLASSWORLDS_LAUNCHER=org.codehaus.plexus.classworlds.launcher.Launcher, TERMINAL_EMULATOR=JetBrains-JediTerm, =D:=D:\JAVA_CODE\cdc-with-pact\user-service, TEMP=C:\Users\raupppee\AppData\Local\Temp, HOMEDRIVE=C:, SNC_LIB=C:\Program Files (x86)\CyberSafe\bin\sncgss32.dll, USERPROFILE=C:\Users\raupppee, TMP=C:\Users\raupppee\AppData\Local\Temp, NUMBER_OF_PROCESSORS=8, JVMCONFIG=\.mvn\jvm.config, R_DPTSHARE=\\rtcmsdfs03.emea.roche.com\disco_v$}}]
08:05:00.169 [main] DEBUG org.springframework.core.io.support.PathMatchingResourcePatternResolver - Resolved classpath location [de/kreuzwerker/cdc/userservice/] to resources [URL [file:/D:/JAVA_CODE/cdc-with-pact/user-service/target/test-classes/de/kreuzwerker/cdc/userservice/], URL [file:/D:/JAVA_CODE/cdc-with-pact/user-service/target/classes/de/kreuzwerker/cdc/userservice/]]
08:05:00.170 [main] DEBUG org.springframework.core.io.support.PathMatchingResourcePatternResolver - Looking for matching resources in directory tree [D:\JAVA_CODE\cdc-with-pact\user-service\target\test-classes\de\kreuzwerker\cdc\userservice]
08:05:00.170 [main] DEBUG org.springframework.core.io.support.PathMatchingResourcePatternResolver - Searching directory [D:\JAVA_CODE\cdc-with-pact\user-service\target\test-classes\de\kreuzwerker\cdc\userservice] for files matching pattern [D:/JAVA_CODE/cdc-with-pact/user-service/target/test-classes/de/kreuzwerker/cdc/userservice/*.class]
08:05:00.176 [main] DEBUG org.springframework.core.io.support.PathMatchingResourcePatternResolver - Looking for matching resources in directory tree [D:\JAVA_CODE\cdc-with-pact\user-service\target\classes\de\kreuzwerker\cdc\userservice]
08:05:00.176 [main] DEBUG org.springframework.core.io.support.PathMatchingResourcePatternResolver - Searching directory [D:\JAVA_CODE\cdc-with-pact\user-service\target\classes\de\kreuzwerker\cdc\userservice] for files matching pattern [D:/JAVA_CODE/cdc-with-pact/user-service/target/classes/de/kreuzwerker/cdc/userservice/*.class]
08:05:00.181 [main] DEBUG org.springframework.core.io.support.PathMatchingResourcePatternResolver - Resolved location pattern [classpath*:de/kreuzwerker/cdc/userservice/*.class] to resources [file [D:\JAVA_CODE\cdc-with-pact\user-service\target\test-classes\de\kreuzwerker\cdc\userservice\ContractTest.class], file [D:\JAVA_CODE\cdc-with-pact\user-service\target\test-classes\de\kreuzwerker\cdc\userservice\GenericStateWithParameterContractTest.class], file [D:\JAVA_CODE\cdc-with-pact\user-service\target\test-classes\de\kreuzwerker\cdc\userservice\MockedUserServiceContractTest.class], file [D:\JAVA_CODE\cdc-with-pact\user-service\target\test-classes\de\kreuzwerker\cdc\userservice\UserServiceApplicationTests.class], file [D:\JAVA_CODE\cdc-with-pact\user-service\target\classes\de\kreuzwerker\cdc\userservice\Friend$FriendBuilder.class], file [D:\JAVA_CODE\cdc-with-pact\user-service\target\classes\de\kreuzwerker\cdc\userservice\Friend.class], file [D:\JAVA_CODE\cdc-with-pact\user-service\target\classes\de\kreuzwerker\cdc\userservice\GlobalControllerExceptionHandler.class], file [D:\JAVA_CODE\cdc-with-pact\user-service\target\classes\de\kreuzwerker\cdc\userservice\NotFoundException.class], file [D:\JAVA_CODE\cdc-with-pact\user-service\target\classes\de\kreuzwerker\cdc\userservice\User.class], file [D:\JAVA_CODE\cdc-with-pact\user-service\target\classes\de\kreuzwerker\cdc\userservice\UserController.class], file [D:\JAVA_CODE\cdc-with-pact\user-service\target\classes\de\kreuzwerker\cdc\userservice\UserRole.class], file [D:\JAVA_CODE\cdc-with-pact\user-service\target\classes\de\kreuzwerker\cdc\userservice\UserService.class], file [D:\JAVA_CODE\cdc-with-pact\user-service\target\classes\de\kreuzwerker\cdc\userservice\UserServiceApplication.class]]
08:05:00.271 [main] DEBUG org.springframework.context.annotation.ClassPathScanningCandidateComponentProvider - Identified candidate component class: file [D:\JAVA_CODE\cdc-with-pact\user-service\target\classes\de\kreuzwerker\cdc\userservice\UserServiceApplication.class]
08:05:00.273 [main] INFO org.springframework.boot.test.context.SpringBootTestContextBootstrapper - Found @SpringBootConfiguration de.kreuzwerker.cdc.userservice.UserServiceApplication for test class de.kreuzwerker.cdc.userservice.GenericStateWithParameterContractTest
08:05:00.398 [main] DEBUG org.springframework.boot.test.context.SpringBootTestContextBootstrapper - @TestExecutionListeners is not present for class [de.kreuzwerker.cdc.userservice.GenericStateWithParameterContractTest]: using defaults.
08:05:00.399 [main] INFO org.springframework.boot.test.context.SpringBootTestContextBootstrapper - Loaded default TestExecutionListener class names from location [META-INF/spring.factories]: [org.springframework.boot.test.mock.mockito.MockitoTestExecutionListener, org.springframework.boot.test.mock.mockito.ResetMocksTestExecutionListener, org.springframework.boot.test.autoconfigure.restdocs.RestDocsTestExecutionListener, org.springframework.boot.test.autoconfigure.web.client.MockRestServiceServerResetTestExecutionListener, org.springframework.boot.test.autoconfigure.web.servlet.MockMvcPrintOnlyOnFailureTestExecutionListener, org.springframework.boot.test.autoconfigure.web.servlet.WebDriverTestExecutionListener, org.springframework.test.context.web.ServletTestExecutionListener, org.springframework.test.context.support.DirtiesContextBeforeModesTestExecutionListener, org.springframework.test.context.support.DependencyInjectionTestExecutionListener, org.springframework.test.context.support.DirtiesContextTestExecutionListener, org.springframework.test.context.transaction.TransactionalTestExecutionListener, org.springframework.test.context.jdbc.SqlScriptsTestExecutionListener]
08:05:00.407 [main] DEBUG org.springframework.boot.test.context.SpringBootTestContextBootstrapper - Skipping candidate TestExecutionListener [org.springframework.test.context.transaction.TransactionalTestExecutionListener] due to a missing dependency. Specify custom listener classes or make the default listener classes and their required dependencies available. Offending class: [org/springframework/transaction/interceptor/TransactionAttributeSource]
08:05:00.407 [main] DEBUG org.springframework.boot.test.context.SpringBootTestContextBootstrapper - Skipping candidate TestExecutionListener [org.springframework.test.context.jdbc.SqlScriptsTestExecutionListener] due to a missing dependency. Specify custom listener classes or make the default listener classes and their required dependencies available. Offending class: [org/springframework/transaction/interceptor/TransactionAttribute]
08:05:00.407 [main] INFO org.springframework.boot.test.context.SpringBootTestContextBootstrapper - Using TestExecutionListeners: [org.springframework.test.context.web.ServletTestExecutionListener@6736fa8d, org.springframework.test.context.support.DirtiesContextBeforeModesTestExecutionListener@52815fa3, org.springframework.boot.test.mock.mockito.MockitoTestExecutionListener@50313382, org.springframework.boot.test.autoconfigure.SpringBootDependencyInjectionTestExecutionListener@1cb346ea, org.springframework.test.context.support.DirtiesContextTestExecutionListener@4c012563, org.springframework.boot.test.mock.mockito.ResetMocksTestExecutionListener@14a50707, org.springframework.boot.test.autoconfigure.restdocs.RestDocsTestExecutionListener@4d518b32, org.springframework.boot.test.autoconfigure.web.client.MockRestServiceServerResetTestExecutionListener@4bd31064, org.springframework.boot.test.autoconfigure.web.servlet.MockMvcPrintOnlyOnFailureTestExecutionListener@e3c0e40, org.springframework.boot.test.autoconfigure.web.servlet.WebDriverTestExecutionListener@329dbdbf]
08:05:00.422 [main] DEBUG org.springframework.core.env.StandardEnvironment - Adding PropertySource 'systemProperties' with lowest search precedence
08:05:00.422 [main] DEBUG org.springframework.core.env.StandardEnvironment - Adding PropertySource 'systemEnvironment' with lowest search precedence
08:05:00.422 [main] DEBUG org.springframework.core.env.StandardEnvironment - Initialized StandardEnvironment with PropertySources [MapPropertySource@302366050 {name='systemProperties', properties={sun.desktop=windows, awt.toolkit=sun.awt.windows.WToolkit, java.specification.version=12, sun.cpu.isalist=amd64, sun.jnu.encoding=Cp1252, java.class.path=D:\JAVA_CODE\cdc-with-pact\user-service\target\test-classes;D:\JAVA_CODE\cdc-with-pact\user-service\target\classes;C:\Users\raupppee\.m2\repository\org\springframework\boot\spring-boot-starter-web\2.0.6.RELEASE\spring-boot-starter-web-2.0.6.RELEASE.jar;C:\Users\raupppee\.m2\repository\org\springframework\boot\spring-boot-starter\2.0.6.RELEASE\spring-boot-starter-2.0.6.RELEASE.jar;C:\Users\raupppee\.m2\repository\org\springframework\boot\spring-boot\2.0.6.RELEASE\spring-boot-2.0.6.RELEASE.jar;C:\Users\raupppee\.m2\repository\org\springframework\boot\spring-boot-autoconfigure\2.0.6.RELEASE\spring-boot-autoconfigure-2.0.6.RELEASE.jar;C:\Users\raupppee\.m2\repository\org\springframework\boot\spring-boot-starter-logging\2.0.6.RELEASE\spring-boot-starter-logging-2.0.6.RELEASE.jar;C:\Users\raupppee\.m2\repository\ch\qos\logback\logback-classic\1.2.3\logback-classic-1.2.3.jar;C:\Users\raupppee\.m2\repository\ch\qos\logback\logback-core\1.2.3\logback-core-1.2.3.jar;C:\Users\raupppee\.m2\repository\org\apache\logging\log4j\log4j-to-slf4j\2.10.0\log4j-to-slf4j-2.10.0.jar;C:\Users\raupppee\.m2\repository\org\apache\logging\log4j\log4j-api\2.10.0\log4j-api-2.10.0.jar;C:\Users\raupppee\.m2\repository\org\slf4j\jul-to-slf4j\1.7.25\jul-to-slf4j-1.7.25.jar;C:\Users\raupppee\.m2\repository\javax\annotation\javax.annotation-api\1.3.2\javax.annotation-api-1.3.2.jar;C:\Users\raupppee\.m2\repository\org\yaml\snakeyaml\1.19\snakeyaml-1.19.jar;C:\Users\raupppee\.m2\repository\org\springframework\boot\spring-boot-starter-json\2.0.6.RELEASE\spring-boot-starter-json-2.0.6.RELEASE.jar;C:\Users\raupppee\.m2\repository\com\fasterxml\jackson\core\jackson-databind\2.9.7\jackson-databind-2.9.7.jar;C:\Users\raupppee\.m2\repository\com\fasterxml\jackson\datatype\jackson-datatype-jdk8\2.9.7\jackson-datatype-jdk8-2.9.7.jar;C:\Users\raupppee\.m2\repository\com\fasterxml\jackson\datatype\jackson-datatype-jsr310\2.9.7\jackson-datatype-jsr310-2.9.7.jar;C:\Users\raupppee\.m2\repository\com\fasterxml\jackson\module\jackson-module-parameter-names\2.9.7\jackson-module-parameter-names-2.9.7.jar;C:\Users\raupppee\.m2\repository\org\springframework\boot\spring-boot-starter-tomcat\2.0.6.RELEASE\spring-boot-starter-tomcat-2.0.6.RELEASE.jar;C:\Users\raupppee\.m2\repository\org\apache\tomcat\embed\tomcat-embed-core\8.5.34\tomcat-embed-core-8.5.34.jar;C:\Users\raupppee\.m2\repository\org\apache\tomcat\embed\tomcat-embed-el\8.5.34\tomcat-embed-el-8.5.34.jar;C:\Users\raupppee\.m2\repository\org\apache\tomcat\embed\tomcat-embed-websocket\8.5.34\tomcat-embed-websocket-8.5.34.jar;C:\Users\raupppee\.m2\repository\org\hibernate\validator\hibernate-validator\6.0.13.Final\hibernate-validator-6.0.13.Final.jar;C:\Users\raupppee\.m2\repository\javax\validation\validation-api\2.0.1.Final\validation-api-2.0.1.Final.jar;C:\Users\raupppee\.m2\repository\org\jboss\logging\jboss-logging\3.3.2.Final\jboss-logging-3.3.2.Final.jar;C:\Users\raupppee\.m2\repository\com\fasterxml\classmate\1.3.4\classmate-1.3.4.jar;C:\Users\raupppee\.m2\repository\org\springframework\spring-web\5.0.10.RELEASE\spring-web-5.0.10.RELEASE.jar;C:\Users\raupppee\.m2\repository\org\springframework\spring-beans\5.0.10.RELEASE\spring-beans-5.0.10.RELEASE.jar;C:\Users\raupppee\.m2\repository\org\springframework\spring-webmvc\5.0.10.RELEASE\spring-webmvc-5.0.10.RELEASE.jar;C:\Users\raupppee\.m2\repository\org\springframework\spring-aop\5.0.10.RELEASE\spring-aop-5.0.10.RELEASE.jar;C:\Users\raupppee\.m2\repository\org\springframework\spring-context\5.0.10.RELEASE\spring-context-5.0.10.RELEASE.jar;C:\Users\raupppee\.m2\repository\org\springframework\spring-expression\5.0.10.RELEASE\spring-expression-5.0.10.RELEASE.jar;C:\Users\raupppee\.m2\repository\org\projectlombok\lombok\1.16.22\lombok-1.16.22.jar;C:\Users\raupppee\.m2\repository\org\springframework\boot\spring-boot-starter-test\2.0.6.RELEASE\spring-boot-starter-test-2.0.6.RELEASE.jar;C:\Users\raupppee\.m2\repository\org\springframework\boot\spring-boot-test\2.0.6.RELEASE\spring-boot-test-2.0.6.RELEASE.jar;C:\Users\raupppee\.m2\repository\org\springframework\boot\spring-boot-test-autoconfigure\2.0.6.RELEASE\spring-boot-test-autoconfigure-2.0.6.RELEASE.jar;C:\Users\raupppee\.m2\repository\com\jayway\jsonpath\json-path\2.4.0\json-path-2.4.0.jar;C:\Users\raupppee\.m2\repository\net\minidev\json-smart\2.3\json-smart-2.3.jar;C:\Users\raupppee\.m2\repository\net\minidev\accessors-smart\1.2\accessors-smart-1.2.jar;C:\Users\raupppee\.m2\repository\org\ow2\asm\asm\5.0.4\asm-5.0.4.jar;C:\Users\raupppee\.m2\repository\junit\junit\4.12\junit-4.12.jar;C:\Users\raupppee\.m2\repository\org\assertj\assertj-core\3.9.1\assertj-core-3.9.1.jar;C:\Users\raupppee\.m2\repository\org\mockito\mockito-core\2.15.0\mockito-core-2.15.0.jar;C:\Users\raupppee\.m2\repository\net\bytebuddy\byte-buddy\1.7.11\byte-buddy-1.7.11.jar;C:\Users\raupppee\.m2\repository\net\bytebuddy\byte-buddy-agent\1.7.11\byte-buddy-agent-1.7.11.jar;C:\Users\raupppee\.m2\repository\org\objenesis\objenesis\2.6\objenesis-2.6.jar;C:\Users\raupppee\.m2\repository\org\hamcrest\hamcrest-core\1.3\hamcrest-core-1.3.jar;C:\Users\raupppee\.m2\repository\org\hamcrest\hamcrest-library\1.3\hamcrest-library-1.3.jar;C:\Users\raupppee\.m2\repository\org\skyscreamer\jsonassert\1.5.0\jsonassert-1.5.0.jar;C:\Users\raupppee\.m2\repository\com\vaadin\external\google\android-json\0.0.20131108.vaadin1\android-json-0.0.20131108.vaadin1.jar;C:\Users\raupppee\.m2\repository\org\springframework\spring-core\5.0.10.RELEASE\spring-core-5.0.10.RELEASE.jar;C:\Users\raupppee\.m2\repository\org\springframework\spring-jcl\5.0.10.RELEASE\spring-jcl-5.0.10.RELEASE.jar;C:\Users\raupppee\.m2\repository\org\springframework\spring-test\5.0.10.RELEASE\spring-test-5.0.10.RELEASE.jar;C:\Users\raupppee\.m2\repository\org\xmlunit\xmlunit-core\2.5.1\xmlunit-core-2.5.1.jar;C:\Users\raupppee\.m2\repository\au\com\dius\pact-jvm-provider-spring_2.12\3.5.24\pact-jvm-provider-spring_2.12-3.5.24.jar;C:\Users\raupppee\.m2\repository\org\jetbrains\kotlin\kotlin-stdlib-jdk8\1.2.51\kotlin-stdlib-jdk8-1.2.51.jar;C:\Users\raupppee\.m2\repository\org\jetbrains\kotlin\kotlin-stdlib\1.2.51\kotlin-stdlib-1.2.51.jar;C:\Users\raupppee\.m2\repository\org\jetbrains\kotlin\kotlin-stdlib-common\1.2.51\kotlin-stdlib-common-1.2.51.jar;C:\Users\raupppee\.m2\repository\org\jetbrains\annotations\13.0\annotations-13.0.jar;C:\Users\raupppee\.m2\repository\org\jetbrains\kotlin\kotlin-stdlib-jdk7\1.2.51\kotlin-stdlib-jdk7-1.2.51.jar;C:\Users\raupppee\.m2\repository\org\jetbrains\kotlin\kotlin-reflect\1.2.51\kotlin-reflect-1.2.51.jar;C:\Users\raupppee\.m2\repository\org\slf4j\slf4j-api\1.7.25\slf4j-api-1.7.25.jar;C:\Users\raupppee\.m2\repository\org\codehaus\groovy\groovy-all\2.4.12\groovy-all-2.4.12-indy.jar;C:\Users\raupppee\.m2\repository\io\github\microutils\kotlin-logging\1.4.4\kotlin-logging-1.4.4.jar;C:\Users\raupppee\.m2\repository\org\scala-lang\scala-library\2.12.5\scala-library-2.12.5.jar;C:\Users\raupppee\.m2\repository\com\typesafe\scala-logging\scala-logging_2.12\3.7.2\scala-logging_2.12-3.7.2.jar;C:\Users\raupppee\.m2\repository\au\com\dius\pact-jvm-provider-junit_2.12\3.5.24\pact-jvm-provider-junit_2.12-3.5.24.jar;C:\Users\raupppee\.m2\repository\au\com\dius\pact-jvm-provider_2.12\3.5.24\pact-jvm-provider_2.12-3.5.24.jar;C:\Users\raupppee\.m2\repository\au\com\dius\pact-jvm-model\3.5.24\pact-jvm-model-3.5.24.jar;C:\Users\raupppee\.m2\repository\com\github\zafarkhaja\java-semver\0.9.0\java-semver-0.9.0.jar;C:\Users\raupppee\.m2\repository\com\amazonaws\aws-java-sdk-s3\1.11.30\aws-java-sdk-s3-1.11.30.jar;C:\Users\raupppee\.m2\repository\com\amazonaws\aws-java-sdk-kms\1.11.30\aws-java-sdk-kms-1.11.30.jar;C:\Users\raupppee\.m2\repository\com\amazonaws\aws-java-sdk-core\1.11.30\aws-java-sdk-core-1.11.30.jar;C:\Users\raupppee\.m2\repository\com\fasterxml\jackson\dataformat\jackson-dataformat-cbor\2.9.7\jackson-dataformat-cbor-2.9.7.jar;C:\Users\raupppee\.m2\repository\com\amazonaws\jmespath-java\1.0\jmespath-java-1.0.jar;C:\Users\raupppee\.m2\repository\org\apache\commons\commons-collections4\4.1\commons-collections4-4.1.jar;C:\Users\raupppee\.m2\repository\com\github\mifmif\generex\1.0.1\generex-1.0.1.jar;C:\Users\raupppee\.m2\repository\dk\brics\automaton\automaton\1.11-8\automaton-1.11-8.jar;C:\Users\raupppee\.m2\repository\au\com\dius\pact-jvm-pact-broker\3.5.24\pact-jvm-pact-broker-3.5.24.jar;C:\Users\raupppee\.m2\repository\com\github\salomonbrys\kotson\kotson\2.5.0\kotson-2.5.0.jar;C:\Users\raupppee\.m2\repository\com\google\code\gson\gson\2.8.5\gson-2.8.5.jar;C:\Users\raupppee\.m2\repository\org\dmfs\rfc3986-uri\0.8\rfc3986-uri-0.8.jar;C:\Users\raupppee\.m2\repository\org\dmfs\iterators\1.5\iterators-1.5.jar;C:\Users\raupppee\.m2\repository\org\dmfs\optional\0.3\optional-0.3.jar;C:\Users\raupppee\.m2\repository\au\com\dius\pact-jvm-matchers_2.12\3.5.24\pact-jvm-matchers_2.12-3.5.24.jar;C:\Users\raupppee\.m2\repository\io\gatling\jsonpath_2.12\0.6.9\jsonpath_2.12-0.6.9.jar;C:\Users\raupppee\.m2\repository\org\scala-lang\modules\scala-parser-combinators_2.12\1.0.5\scala-parser-combinators_2.12-1.0.5.jar;C:\Users\raupppee\.m2\repository\com\googlecode\java-diff-utils\diffutils\1.3.0\diffutils-1.3.0.jar;C:\Users\raupppee\.m2\repository\org\scala-lang\modules\scala-xml_2.12\1.0.6\scala-xml_2.12-1.0.6.jar;C:\Users\raupppee\.m2\repository\commons-io\commons-io\2.5\commons-io-2.5.jar;C:\Users\raupppee\.m2\repository\org\fusesource\jansi\jansi\1.16\jansi-1.16.jar;C:\Users\raupppee\.m2\repository\org\reflections\reflections\0.9.10\reflections-0.9.10.jar;C:\Users\raupppee\.m2\repository\org\javassist\javassist\3.19.0-GA\javassist-3.19.0-GA.jar;C:\Users\raupppee\.m2\repository\com\google\code\findbugs\annotations\2.0.1\annotations-2.0.1.jar;C:\Users\raupppee\.m2\repository\org\scala-lang\modules\scala-java8-compat_2.12\0.8.0\scala-java8-compat_2.12-0.8.0.jar;C:\Users\raupppee\.m2\repository\org\apache\httpcomponents\fluent-hc\4.5.6\fluent-hc-4.5.6.jar;C:\Users\raupppee\.m2\repository\commons-logging\commons-logging\1.2\commons-logging-1.2.jar;C:\Users\raupppee\.m2\repository\org\apache\httpcomponents\httpclient\4.5.6\httpclient-4.5.6.jar;C:\Users\raupppee\.m2\repository\org\apache\httpcomponents\httpcore\4.4.10\httpcore-4.4.10.jar;C:\Users\raupppee\.m2\repository\commons-codec\commons-codec\1.11\commons-codec-1.11.jar;C:\Users\raupppee\.m2\repository\org\apache\commons\commons-lang3\3.7\commons-lang3-3.7.jar;C:\Users\raupppee\.m2\repository\org\jooq\jool\0.9.11\jool-0.9.11.jar;C:\Users\raupppee\.m2\repository\com\github\rholder\guava-retrying\2.0.0\guava-retrying-2.0.0.jar;C:\Users\raupppee\.m2\repository\com\google\guava\guava\28.0-jre\guava-28.0-jre.jar;C:\Users\raupppee\.m2\repository\com\google\guava\failureaccess\1.0.1\failureaccess-1.0.1.jar;C:\Users\raupppee\.m2\repository\com\google\guava\listenablefuture\9999.0-empty-to-avoid-conflict-with-guava\listenablefuture-9999.0-empty-to-avoid-conflict-with-guava.jar;C:\Users\raupppee\.m2\repository\org\checkerframework\checker-qual\2.8.1\checker-qual-2.8.1.jar;C:\Users\raupppee\.m2\repository\com\google\errorprone\error_prone_annotations\2.3.2\error_prone_annotations-2.3.2.jar;C:\Users\raupppee\.m2\repository\com\google\j2objc\j2objc-annotations\1.3\j2objc-annotations-1.3.jar;C:\Users\raupppee\.m2\repository\org\codehaus\mojo\animal-sniffer-annotations\1.17\animal-sniffer-annotations-1.17.jar;C:\Users\raupppee\.m2\repository\com\google\code\findbugs\jsr305\2.0.2\jsr305-2.0.2.jar;C:\Users\raupppee\.m2\repository\javax\mail\mail\1.5.0-b01\mail-1.5.0-b01.jar;C:\Users\raupppee\.m2\repository\javax\activation\activation\1.1\activation-1.1.jar;C:\Users\raupppee\.m2\repository\javax\servlet\javax.servlet-api\3.1.0\javax.servlet-api-3.1.0.jar;C:\Users\raupppee\.m2\repository\com\fasterxml\jackson\datatype\jackson-datatype-joda\2.9.7\jackson-datatype-joda-2.9.7.jar;C:\Users\raupppee\.m2\repository\com\fasterxml\jackson\core\jackson-annotations\2.9.0\jackson-annotations-2.9.0.jar;C:\Users\raupppee\.m2\repository\com\fasterxml\jackson\core\jackson-core\2.9.7\jackson-core-2.9.7.jar;C:\Users\raupppee\.m2\repository\joda-time\joda-time\2.9.9\joda-time-2.9.9.jar;, java.vm.vendor=Oracle Corporation, sun.arch.data.model=64, user.variant=, java.vendor.url=https://java.oracle.com/, user.timezone=Europe/Madrid, java.vm.specification.version=12, os.name=Windows 10, sun.java.launcher=SUN_STANDARD, user.country=ES, sun.boot.library.path=D:\Java\jdk-12.0.1\bin, sun.java.command=C:\Users\raupppee\AppData\Local\Temp\surefire1126428822399245597\surefirebooter8637553171317100860.jar C:\Users\raupppee\AppData\Local\Temp\surefire1126428822399245597 2019-07-25T08-04-58_449-jvmRun1 surefire3464038707930829004tmp surefire_013281746691602874078tmp, jdk.debug=release, surefire.test.class.path=D:\JAVA_CODE\cdc-with-pact\user-service\target\test-classes;D:\JAVA_CODE\cdc-with-pact\user-service\target\classes;C:\Users\raupppee\.m2\repository\org\springframework\boot\spring-boot-starter-web\2.0.6.RELEASE\spring-boot-starter-web-2.0.6.RELEASE.jar;C:\Users\raupppee\.m2\repository\org\springframework\boot\spring-boot-starter\2.0.6.RELEASE\spring-boot-starter-2.0.6.RELEASE.jar;C:\Users\raupppee\.m2\repository\org\springframework\boot\spring-boot\2.0.6.RELEASE\spring-boot-2.0.6.RELEASE.jar;C:\Users\raupppee\.m2\repository\org\springframework\boot\spring-boot-autoconfigure\2.0.6.RELEASE\spring-boot-autoconfigure-2.0.6.RELEASE.jar;C:\Users\raupppee\.m2\repository\org\springframework\boot\spring-boot-starter-logging\2.0.6.RELEASE\spring-boot-starter-logging-2.0.6.RELEASE.jar;C:\Users\raupppee\.m2\repository\ch\qos\logback\logback-classic\1.2.3\logback-classic-1.2.3.jar;C:\Users\raupppee\.m2\repository\ch\qos\logback\logback-core\1.2.3\logback-core-1.2.3.jar;C:\Users\raupppee\.m2\repository\org\apache\logging\log4j\log4j-to-slf4j\2.10.0\log4j-to-slf4j-2.10.0.jar;C:\Users\raupppee\.m2\repository\org\apache\logging\log4j\log4j-api\2.10.0\log4j-api-2.10.0.jar;C:\Users\raupppee\.m2\repository\org\slf4j\jul-to-slf4j\1.7.25\jul-to-slf4j-1.7.25.jar;C:\Users\raupppee\.m2\repository\javax\annotation\javax.annotation-api\1.3.2\javax.annotation-api-1.3.2.jar;C:\Users\raupppee\.m2\repository\org\yaml\snakeyaml\1.19\snakeyaml-1.19.jar;C:\Users\raupppee\.m2\repository\org\springframework\boot\spring-boot-starter-json\2.0.6.RELEASE\spring-boot-starter-json-2.0.6.RELEASE.jar;C:\Users\raupppee\.m2\repository\com\fasterxml\jackson\core\jackson-databind\2.9.7\jackson-databind-2.9.7.jar;C:\Users\raupppee\.m2\repository\com\fasterxml\jackson\datatype\jackson-datatype-jdk8\2.9.7\jackson-datatype-jdk8-2.9.7.jar;C:\Users\raupppee\.m2\repository\com\fasterxml\jackson\datatype\jackson-datatype-jsr310\2.9.7\jackson-datatype-jsr310-2.9.7.jar;C:\Users\raupppee\.m2\repository\com\fasterxml\jackson\module\jackson-module-parameter-names\2.9.7\jackson-module-parameter-names-2.9.7.jar;C:\Users\raupppee\.m2\repository\org\springframework\boot\spring-boot-starter-tomcat\2.0.6.RELEASE\spring-boot-starter-tomcat-2.0.6.RELEASE.jar;C:\Users\raupppee\.m2\repository\org\apache\tomcat\embed\tomcat-embed-core\8.5.34\tomcat-embed-core-8.5.34.jar;C:\Users\raupppee\.m2\repository\org\apache\tomcat\embed\tomcat-embed-el\8.5.34\tomcat-embed-el-8.5.34.jar;C:\Users\raupppee\.m2\repository\org\apache\tomcat\embed\tomcat-embed-websocket\8.5.34\tomcat-embed-websocket-8.5.34.jar;C:\Users\raupppee\.m2\repository\org\hibernate\validator\hibernate-validator\6.0.13.Final\hibernate-validator-6.0.13.Final.jar;C:\Users\raupppee\.m2\repository\javax\validation\validation-api\2.0.1.Final\validation-api-2.0.1.Final.jar;C:\Users\raupppee\.m2\repository\org\jboss\logging\jboss-logging\3.3.2.Final\jboss-logging-3.3.2.Final.jar;C:\Users\raupppee\.m2\repository\com\fasterxml\classmate\1.3.4\classmate-1.3.4.jar;C:\Users\raupppee\.m2\repository\org\springframework\spring-web\5.0.10.RELEASE\spring-web-5.0.10.RELEASE.jar;C:\Users\raupppee\.m2\repository\org\springframework\spring-beans\5.0.10.RELEASE\spring-beans-5.0.10.RELEASE.jar;C:\Users\raupppee\.m2\repository\org\springframework\spring-webmvc\5.0.10.RELEASE\spring-webmvc-5.0.10.RELEASE.jar;C:\Users\raupppee\.m2\repository\org\springframework\spring-aop\5.0.10.RELEASE\spring-aop-5.0.10.RELEASE.jar;C:\Users\raupppee\.m2\repository\org\springframework\spring-context\5.0.10.RELEASE\spring-context-5.0.10.RELEASE.jar;C:\Users\raupppee\.m2\repository\org\springframework\spring-expression\5.0.10.RELEASE\spring-expression-5.0.10.RELEASE.jar;C:\Users\raupppee\.m2\repository\org\projectlombok\lombok\1.16.22\lombok-1.16.22.jar;C:\Users\raupppee\.m2\repository\org\springframework\boot\spring-boot-starter-test\2.0.6.RELEASE\spring-boot-starter-test-2.0.6.RELEASE.jar;C:\Users\raupppee\.m2\repository\org\springframework\boot\spring-boot-test\2.0.6.RELEASE\spring-boot-test-2.0.6.RELEASE.jar;C:\Users\raupppee\.m2\repository\org\springframework\boot\spring-boot-test-autoconfigure\2.0.6.RELEASE\spring-boot-test-autoconfigure-2.0.6.RELEASE.jar;C:\Users\raupppee\.m2\repository\com\jayway\jsonpath\json-path\2.4.0\json-path-2.4.0.jar;C:\Users\raupppee\.m2\repository\net\minidev\json-smart\2.3\json-smart-2.3.jar;C:\Users\raupppee\.m2\repository\net\minidev\accessors-smart\1.2\accessors-smart-1.2.jar;C:\Users\raupppee\.m2\repository\org\ow2\asm\asm\5.0.4\asm-5.0.4.jar;C:\Users\raupppee\.m2\repository\junit\junit\4.12\junit-4.12.jar;C:\Users\raupppee\.m2\repository\org\assertj\assertj-core\3.9.1\assertj-core-3.9.1.jar;C:\Users\raupppee\.m2\repository\org\mockito\mockito-core\2.15.0\mockito-core-2.15.0.jar;C:\Users\raupppee\.m2\repository\net\bytebuddy\byte-buddy\1.7.11\byte-buddy-1.7.11.jar;C:\Users\raupppee\.m2\repository\net\bytebuddy\byte-buddy-agent\1.7.11\byte-buddy-agent-1.7.11.jar;C:\Users\raupppee\.m2\repository\org\objenesis\objenesis\2.6\objenesis-2.6.jar;C:\Users\raupppee\.m2\repository\org\hamcrest\hamcrest-core\1.3\hamcrest-core-1.3.jar;C:\Users\raupppee\.m2\repository\org\hamcrest\hamcrest-library\1.3\hamcrest-library-1.3.jar;C:\Users\raupppee\.m2\repository\org\skyscreamer\jsonassert\1.5.0\jsonassert-1.5.0.jar;C:\Users\raupppee\.m2\repository\com\vaadin\external\google\android-json\0.0.20131108.vaadin1\android-json-0.0.20131108.vaadin1.jar;C:\Users\raupppee\.m2\repository\org\springframework\spring-core\5.0.10.RELEASE\spring-core-5.0.10.RELEASE.jar;C:\Users\raupppee\.m2\repository\org\springframework\spring-jcl\5.0.10.RELEASE\spring-jcl-5.0.10.RELEASE.jar;C:\Users\raupppee\.m2\repository\org\springframework\spring-test\5.0.10.RELEASE\spring-test-5.0.10.RELEASE.jar;C:\Users\raupppee\.m2\repository\org\xmlunit\xmlunit-core\2.5.1\xmlunit-core-2.5.1.jar;C:\Users\raupppee\.m2\repository\au\com\dius\pact-jvm-provider-spring_2.12\3.5.24\pact-jvm-provider-spring_2.12-3.5.24.jar;C:\Users\raupppee\.m2\repository\org\jetbrains\kotlin\kotlin-stdlib-jdk8\1.2.51\kotlin-stdlib-jdk8-1.2.51.jar;C:\Users\raupppee\.m2\repository\org\jetbrains\kotlin\kotlin-stdlib\1.2.51\kotlin-stdlib-1.2.51.jar;C:\Users\raupppee\.m2\repository\org\jetbrains\kotlin\kotlin-stdlib-common\1.2.51\kotlin-stdlib-common-1.2.51.jar;C:\Users\raupppee\.m2\repository\org\jetbrains\annotations\13.0\annotations-13.0.jar;C:\Users\raupppee\.m2\repository\org\jetbrains\kotlin\kotlin-stdlib-jdk7\1.2.51\kotlin-stdlib-jdk7-1.2.51.jar;C:\Users\raupppee\.m2\repository\org\jetbrains\kotlin\kotlin-reflect\1.2.51\kotlin-reflect-1.2.51.jar;C:\Users\raupppee\.m2\repository\org\slf4j\slf4j-api\1.7.25\slf4j-api-1.7.25.jar;C:\Users\raupppee\.m2\repository\org\codehaus\groovy\groovy-all\2.4.12\groovy-all-2.4.12-indy.jar;C:\Users\raupppee\.m2\repository\io\github\microutils\kotlin-logging\1.4.4\kotlin-logging-1.4.4.jar;C:\Users\raupppee\.m2\repository\org\scala-lang\scala-library\2.12.5\scala-library-2.12.5.jar;C:\Users\raupppee\.m2\repository\com\typesafe\scala-logging\scala-logging_2.12\3.7.2\scala-logging_2.12-3.7.2.jar;C:\Users\raupppee\.m2\repository\au\com\dius\pact-jvm-provider-junit_2.12\3.5.24\pact-jvm-provider-junit_2.12-3.5.24.jar;C:\Users\raupppee\.m2\repository\au\com\dius\pact-jvm-provider_2.12\3.5.24\pact-jvm-provider_2.12-3.5.24.jar;C:\Users\raupppee\.m2\repository\au\com\dius\pact-jvm-model\3.5.24\pact-jvm-model-3.5.24.jar;C:\Users\raupppee\.m2\repository\com\github\zafarkhaja\java-semver\0.9.0\java-semver-0.9.0.jar;C:\Users\raupppee\.m2\repository\com\amazonaws\aws-java-sdk-s3\1.11.30\aws-java-sdk-s3-1.11.30.jar;C:\Users\raupppee\.m2\repository\com\amazonaws\aws-java-sdk-kms\1.11.30\aws-java-sdk-kms-1.11.30.jar;C:\Users\raupppee\.m2\repository\com\amazonaws\aws-java-sdk-core\1.11.30\aws-java-sdk-core-1.11.30.jar;C:\Users\raupppee\.m2\repository\com\fasterxml\jackson\dataformat\jackson-dataformat-cbor\2.9.7\jackson-dataformat-cbor-2.9.7.jar;C:\Users\raupppee\.m2\repository\com\amazonaws\jmespath-java\1.0\jmespath-java-1.0.jar;C:\Users\raupppee\.m2\repository\org\apache\commons\commons-collections4\4.1\commons-collections4-4.1.jar;C:\Users\raupppee\.m2\repository\com\github\mifmif\generex\1.0.1\generex-1.0.1.jar;C:\Users\raupppee\.m2\repository\dk\brics\automaton\automaton\1.11-8\automaton-1.11-8.jar;C:\Users\raupppee\.m2\repository\au\com\dius\pact-jvm-pact-broker\3.5.24\pact-jvm-pact-broker-3.5.24.jar;C:\Users\raupppee\.m2\repository\com\github\salomonbrys\kotson\kotson\2.5.0\kotson-2.5.0.jar;C:\Users\raupppee\.m2\repository\com\google\code\gson\gson\2.8.5\gson-2.8.5.jar;C:\Users\raupppee\.m2\repository\org\dmfs\rfc3986-uri\0.8\rfc3986-uri-0.8.jar;C:\Users\raupppee\.m2\repository\org\dmfs\iterators\1.5\iterators-1.5.jar;C:\Users\raupppee\.m2\repository\org\dmfs\optional\0.3\optional-0.3.jar;C:\Users\raupppee\.m2\repository\au\com\dius\pact-jvm-matchers_2.12\3.5.24\pact-jvm-matchers_2.12-3.5.24.jar;C:\Users\raupppee\.m2\repository\io\gatling\jsonpath_2.12\0.6.9\jsonpath_2.12-0.6.9.jar;C:\Users\raupppee\.m2\repository\org\scala-lang\modules\scala-parser-combinators_2.12\1.0.5\scala-parser-combinators_2.12-1.0.5.jar;C:\Users\raupppee\.m2\repository\com\googlecode\java-diff-utils\diffutils\1.3.0\diffutils-1.3.0.jar;C:\Users\raupppee\.m2\repository\org\scala-lang\modules\scala-xml_2.12\1.0.6\scala-xml_2.12-1.0.6.jar;C:\Users\raupppee\.m2\repository\commons-io\commons-io\2.5\commons-io-2.5.jar;C:\Users\raupppee\.m2\repository\org\fusesource\jansi\jansi\1.16\jansi-1.16.jar;C:\Users\raupppee\.m2\repository\org\reflections\reflections\0.9.10\reflections-0.9.10.jar;C:\Users\raupppee\.m2\repository\org\javassist\javassist\3.19.0-GA\javassist-3.19.0-GA.jar;C:\Users\raupppee\.m2\repository\com\google\code\findbugs\annotations\2.0.1\annotations-2.0.1.jar;C:\Users\raupppee\.m2\repository\org\scala-lang\modules\scala-java8-compat_2.12\0.8.0\scala-java8-compat_2.12-0.8.0.jar;C:\Users\raupppee\.m2\repository\org\apache\httpcomponents\fluent-hc\4.5.6\fluent-hc-4.5.6.jar;C:\Users\raupppee\.m2\repository\commons-logging\commons-logging\1.2\commons-logging-1.2.jar;C:\Users\raupppee\.m2\repository\org\apache\httpcomponents\httpclient\4.5.6\httpclient-4.5.6.jar;C:\Users\raupppee\.m2\repository\org\apache\httpcomponents\httpcore\4.4.10\httpcore-4.4.10.jar;C:\Users\raupppee\.m2\repository\commons-codec\commons-codec\1.11\commons-codec-1.11.jar;C:\Users\raupppee\.m2\repository\org\apache\commons\commons-lang3\3.7\commons-lang3-3.7.jar;C:\Users\raupppee\.m2\repository\org\jooq\jool\0.9.11\jool-0.9.11.jar;C:\Users\raupppee\.m2\repository\com\github\rholder\guava-retrying\2.0.0\guava-retrying-2.0.0.jar;C:\Users\raupppee\.m2\repository\com\google\guava\guava\28.0-jre\guava-28.0-jre.jar;C:\Users\raupppee\.m2\repository\com\google\guava\failureaccess\1.0.1\failureaccess-1.0.1.jar;C:\Users\raupppee\.m2\repository\com\google\guava\listenablefuture\9999.0-empty-to-avoid-conflict-with-guava\listenablefuture-9999.0-empty-to-avoid-conflict-with-guava.jar;C:\Users\raupppee\.m2\repository\org\checkerframework\checker-qual\2.8.1\checker-qual-2.8.1.jar;C:\Users\raupppee\.m2\repository\com\google\errorprone\error_prone_annotations\2.3.2\error_prone_annotations-2.3.2.jar;C:\Users\raupppee\.m2\repository\com\google\j2objc\j2objc-annotations\1.3\j2objc-annotations-1.3.jar;C:\Users\raupppee\.m2\repository\org\codehaus\mojo\animal-sniffer-annotations\1.17\animal-sniffer-annotations-1.17.jar;C:\Users\raupppee\.m2\repository\com\google\code\findbugs\jsr305\2.0.2\jsr305-2.0.2.jar;C:\Users\raupppee\.m2\repository\javax\mail\mail\1.5.0-b01\mail-1.5.0-b01.jar;C:\Users\raupppee\.m2\repository\javax\activation\activation\1.1\activation-1.1.jar;C:\Users\raupppee\.m2\repository\javax\servlet\javax.servlet-api\3.1.0\javax.servlet-api-3.1.0.jar;C:\Users\raupppee\.m2\repository\com\fasterxml\jackson\datatype\jackson-datatype-joda\2.9.7\jackson-datatype-joda-2.9.7.jar;C:\Users\raupppee\.m2\repository\com\fasterxml\jackson\core\jackson-annotations\2.9.0\jackson-annotations-2.9.0.jar;C:\Users\raupppee\.m2\repository\com\fasterxml\jackson\core\jackson-core\2.9.7\jackson-core-2.9.7.jar;C:\Users\raupppee\.m2\repository\joda-time\joda-time\2.9.9\joda-time-2.9.9.jar;, sun.cpu.endian=little, user.home=C:\Users\raupppee, user.language=es, java.specification.vendor=Oracle Corporation, java.version.date=2019-04-16, java.home=D:\Java\jdk-12.0.1, file.separator=\, basedir=D:\JAVA_CODE\cdc-with-pact\user-service, java.vm.compressedOopsMode=Zero based, line.separator=
, java.vm.specification.vendor=Oracle Corporation, java.specification.name=Java Platform API Specification, java.awt.graphicsenv=sun.awt.Win32GraphicsEnvironment, surefire.real.class.path=C:\Users\raupppee\AppData\Local\Temp\surefire1126428822399245597\surefirebooter8637553171317100860.jar, user.script=, sun.management.compiler=HotSpot 64-Bit Tiered Compilers, java.runtime.version=12.0.1+12, user.name=raupppee, path.separator=;, os.version=10.0, java.runtime.name=OpenJDK Runtime Environment, file.encoding=Cp1252, java.vm.name=OpenJDK 64-Bit Server VM, localRepository=C:\Users\raupppee\.m2\repository, java.vendor.url.bug=https://bugreport.java.com/bugreport/, java.io.tmpdir=C:\Users\raupppee\AppData\Local\Temp\, java.version=12.0.1, user.dir=D:\JAVA_CODE\cdc-with-pact\user-service, os.arch=amd64, java.vm.specification.name=Java Virtual Machine Specification, sun.os.patch.level=, java.library.path=D:\Java\jdk-12.0.1\bin;C:\WINDOWS\Sun\Java\bin;C:\WINDOWS\system32;C:\WINDOWS;D:\softwares\gradle\bin;C:\ProgramData\DockerDesktop\version-bin;C:\Program Files\Docker\Docker\Resources\bin;D:\Java\jdk-12.0.1\bin;C:\Program Files (x86)\Common Files\Oracle\Java\javapath;C:\Program Files\CyberSafe\bin;C:\Program Files (x86)\CyberSafe\bin;C:\WINDOWS\system32;C:\WINDOWS;C:\WINDOWS\System32\Wbem;C:\WINDOWS\System32\WindowsPowerShell\v1.0\;C:\Program Files (x86)\Sennheiser\SoftphoneSDK\;C:\Program Files\Git\cmd;C:\WINDOWS\system32;C:\WINDOWS;C:\WINDOWS\System32\Wbem;C:\WINDOWS\System32\WindowsPowerShell\v1.0\;C:\WINDOWS\System32\OpenSSH\;D:\maven\apachemaven361\bin\;C:\Users\raupppee\.dnx\bin;C:\Program Files\Microsoft DNX\Dnvm\;C:\Program Files\Microsoft SQL Server\130\Tools\Binn\;C:\Users\raupppee\AppData\Local\Microsoft\WindowsApps;C:\Users\raupppee\AppData\Local\atom\bin;., java.vm.info=mixed mode, sharing, java.vendor=Oracle Corporation, java.vm.version=12.0.1+12, sun.io.unicode.encoding=UnicodeLittle, java.class.version=56.0}}, SystemEnvironmentPropertySource@2129821055 {name='systemEnvironment', properties={PATH=D:\softwares\gradle\bin;C:\ProgramData\DockerDesktop\version-bin;C:\Program Files\Docker\Docker\Resources\bin;D:\Java\jdk-12.0.1\bin;C:\Program Files (x86)\Common Files\Oracle\Java\javapath;C:\Program Files\CyberSafe\bin;C:\Program Files (x86)\CyberSafe\bin;C:\WINDOWS\system32;C:\WINDOWS;C:\WINDOWS\System32\Wbem;C:\WINDOWS\System32\WindowsPowerShell\v1.0\;C:\Program Files (x86)\Sennheiser\SoftphoneSDK\;C:\Program Files\Git\cmd;C:\WINDOWS\system32;C:\WINDOWS;C:\WINDOWS\System32\Wbem;C:\WINDOWS\System32\WindowsPowerShell\v1.0\;C:\WINDOWS\System32\OpenSSH\;D:\maven\apachemaven361\bin\;C:\Users\raupppee\.dnx\bin;C:\Program Files\Microsoft DNX\Dnvm\;C:\Program Files\Microsoft SQL Server\130\Tools\Binn\;C:\Users\raupppee\AppData\Local\Microsoft\WindowsApps;C:\Users\raupppee\AppData\Local\atom\bin, USERDOMAIN_ROAMINGPROFILE=RBAMOUSER, PROCESSOR_LEVEL=6, SYSTEMDRIVE=C:, VS140COMNTOOLS=C:\Program Files (x86)\Microsoft Visual Studio 14.0\Common7\Tools\, SESSIONNAME=Console, ALLUSERSPROFILE=C:\ProgramData, PROCESSOR_ARCHITECTURE=AMD64, AU-PREFIX=SantCugat-IT, DRIVERDATA=C:\Windows\System32\Drivers\DriverData, __INTELLIJ_COMMAND_HISTFILE__=C:\Users\raupppee\.IdeaIC2019.1\config\terminal\history\history-75, =E:=E:\, MAVEN_HOME=D:\maven\apachemaven361\bin\.., PROGRAMFILES=C:\Program Files, PSMODULEPATH=C:\Program Files\WindowsPowerShell\Modules;C:\WINDOWS\system32\WindowsPowerShell\v1.0\Modules, PROGRAMDATA=C:\ProgramData, USERNAME=raupppee, R_INIPATH=C:\Users\raupppee\AppData\Local\Roche\Ini, USERDNSDOMAIN=EMEA.ROCHE.COM, WDIR=D:\JAVA_CODE\cdc-with-pact, ONEDRIVE=C:\Users\raupppee\OneDrive, PATHEXT=.COM;.EXE;.BAT;.CMD;.VBS;.VBE;.JS;.JSE;.WSF;.WSH;.MSC, CLASSWORLDS_JAR="D:\maven\apachemaven361\bin\..\boot\plexus-classworlds-2.6.0.jar", WINDIR=C:\WINDOWS, HOMEPATH=\Users\raupppee, PROCESSOR_IDENTIFIER=Intel64 Family 6 Model 158 Stepping 9, GenuineIntel, PASSWORDSHARE=\\rtcmsdfs03\chpwdadm$, PUBLIC=C:\Users\Public, =::=::\, =EXITCODE=00000001, LOCALAPPDATA=C:\Users\raupppee\AppData\Local, COMMONPROGRAMFILES(X86)=C:\Program Files (x86)\Common Files, USERDOMAIN=RBAMOUSER, LOGONSERVER=\\RTCMSEMEA01, JAVA_HOME=D:\Java\jdk-12.0.1, PROMPT=$P$G, PROGRAMFILES(X86)=C:\Program Files (x86), ASL.LOG=Destination=file, ERROR_CODE=0, EXEC_DIR=D:\JAVA_CODE\cdc-with-pact\user-service, =C:=C:\, APPDATA=C:\Users\raupppee\AppData\Roaming, PROGRAMW6432=C:\Program Files, SYSTEMROOT=C:\WINDOWS, MAVEN_CMD_LINE_ARGS=clean install, OS=Windows_NT, COMMONPROGRAMW6432=C:\Program Files\Common Files, COMPUTERNAME=RTCMW030870, COMMONPROGRAMFILES=C:\Program Files\Common Files, COMSPEC=C:\WINDOWS\system32\cmd.exe, INILOCATION=C:\Users\raupppee\AppData\Local\Roche\Ini, JAVACMD=D:\Java\jdk-12.0.1\bin\java.exe, MAVEN_PROJECTBASEDIR=D:\JAVA_CODE\cdc-with-pact, PROCESSOR_REVISION=9e09, UATDATA=C:\WINDOWS\CCM\UATData\D9F8C395-CAB8-491d-B8AC-179A1FE1BE77, CLASSWORLDS_LAUNCHER=org.codehaus.plexus.classworlds.launcher.Launcher, TERMINAL_EMULATOR=JetBrains-JediTerm, =D:=D:\JAVA_CODE\cdc-with-pact\user-service, TEMP=C:\Users\raupppee\AppData\Local\Temp, HOMEDRIVE=C:, SNC_LIB=C:\Program Files (x86)\CyberSafe\bin\sncgss32.dll, USERPROFILE=C:\Users\raupppee, TMP=C:\Users\raupppee\AppData\Local\Temp, NUMBER_OF_PROCESSORS=8, JVMCONFIG=\.mvn\jvm.config, R_DPTSHARE=\\rtcmsdfs03.emea.roche.com\disco_v$}}]
08:05:00.424 [main] DEBUG org.springframework.test.context.support.TestPropertySourceUtils - Adding inlined properties to environment: {spring.jmx.enabled=false, org.springframework.boot.test.context.SpringBootTestContextBootstrapper=true, server.port=0}
08:05:00.424 [main] DEBUG org.springframework.core.env.StandardEnvironment - Adding PropertySource 'Inlined Test Properties' with highest search precedence

  .   ____          _            __ _ _
 /\\ / ___'_ __ _ _(_)_ __  __ _ \ \ \ \
( ( )\___ | '_ | '_| | '_ \/ _` | \ \ \ \
 \\/  ___)| |_)| | | | | || (_| |  ) ) ) )
  '  |____| .__|_| |_|_| |_\__, | / / / /
 =========|_|==============|___/=/_/_/_/
 :: Spring Boot ::        (v2.0.6.RELEASE)

2019-07-25 08:05:00.794  INFO 14556 --- [           main] .u.GenericStateWithParameterContractTest : Starting GenericStateWithParameterContractTest on RTCMW030870 with PID 14556 (started by raupppee in D:\JAVA_CODE\cdc-with-pact\user-service)
2019-07-25 08:05:00.795  INFO 14556 --- [           main] .u.GenericStateWithParameterContractTest : No active profile set, falling back to default profiles: default
2019-07-25 08:05:01.099  WARN 14556 --- [kground-preinit] o.s.h.c.j.Jackson2ObjectMapperBuilder    : For Jackson Kotlin classes support please add "com.fasterxml.jackson.module:jackson-module-kotlin" to the classpath
2019-07-25 08:05:01.129  INFO 14556 --- [           main] ConfigServletWebServerApplicationContext : Refreshing org.springframework.boot.web.servlet.context.AnnotationConfigServletWebServerApplicationContext@549949be: startup date [Thu Jul 25 08:05:01 CEST 2019]; root of context hierarchy
2019-07-25 08:05:02.300 ERROR 14556 --- [           main] o.s.boot.SpringApplication               : Application run failed

org.mockito.exceptions.base.MockitoException: 
Mockito cannot mock this class: class de.kreuzwerker.cdc.userservice.UserService.

Mockito can only mock non-private & non-final classes.
If you're not sure why you're getting this error, please report to the mailing list.


Java               : 12
JVM vendor name    : Oracle Corporation
JVM vendor version : 12.0.1+12
JVM name           : OpenJDK 64-Bit Server VM
JVM version        : 12.0.1+12
JVM info           : mixed mode, sharing
OS name            : Windows 10
OS version         : 10.0


Underlying exception : java.lang.UnsupportedOperationException: Cannot define class using reflection
	at org.springframework.boot.test.mock.mockito.MockDefinition.createMock(MockDefinition.java:157) ~[spring-boot-test-2.0.6.RELEASE.jar:2.0.6.RELEASE]
	at org.springframework.boot.test.mock.mockito.MockitoPostProcessor.createMock(MockitoPostProcessor.java:222) ~[spring-boot-test-2.0.6.RELEASE.jar:2.0.6.RELEASE]
	at org.springframework.boot.test.mock.mockito.MockitoPostProcessor.registerMock(MockitoPostProcessor.java:192) ~[spring-boot-test-2.0.6.RELEASE.jar:2.0.6.RELEASE]
	at org.springframework.boot.test.mock.mockito.MockitoPostProcessor.register(MockitoPostProcessor.java:174) ~[spring-boot-test-2.0.6.RELEASE.jar:2.0.6.RELEASE]
	at org.springframework.boot.test.mock.mockito.MockitoPostProcessor.postProcessBeanFactory(MockitoPostProcessor.java:144) ~[spring-boot-test-2.0.6.RELEASE.jar:2.0.6.RELEASE]
	at org.springframework.boot.test.mock.mockito.MockitoPostProcessor.postProcessBeanFactory(MockitoPostProcessor.java:131) ~[spring-boot-test-2.0.6.RELEASE.jar:2.0.6.RELEASE]
	at org.springframework.context.support.PostProcessorRegistrationDelegate.invokeBeanFactoryPostProcessors(PostProcessorRegistrationDelegate.java:282) ~[spring-context-5.0.10.RELEASE.jar:5.0.10.RELEASE]
	at org.springframework.context.support.PostProcessorRegistrationDelegate.invokeBeanFactoryPostProcessors(PostProcessorRegistrationDelegate.java:170) ~[spring-context-5.0.10.RELEASE.jar:5.0.10.RELEASE]
	at org.springframework.context.support.AbstractApplicationContext.invokeBeanFactoryPostProcessors(AbstractApplicationContext.java:692) ~[spring-context-5.0.10.RELEASE.jar:5.0.10.RELEASE]
	at org.springframework.context.support.AbstractApplicationContext.refresh(AbstractApplicationContext.java:530) ~[spring-context-5.0.10.RELEASE.jar:5.0.10.RELEASE]
	at org.springframework.boot.web.servlet.context.ServletWebServerApplicationContext.refresh(ServletWebServerApplicationContext.java:140) ~[spring-boot-2.0.6.RELEASE.jar:2.0.6.RELEASE]
	at org.springframework.boot.SpringApplication.refresh(SpringApplication.java:754) ~[spring-boot-2.0.6.RELEASE.jar:2.0.6.RELEASE]
	at org.springframework.boot.SpringApplication.refreshContext(SpringApplication.java:386) ~[spring-boot-2.0.6.RELEASE.jar:2.0.6.RELEASE]
	at org.springframework.boot.SpringApplication.run(SpringApplication.java:307) ~[spring-boot-2.0.6.RELEASE.jar:2.0.6.RELEASE]
	at org.springframework.boot.test.context.SpringBootContextLoader.loadContext(SpringBootContextLoader.java:127) ~[spring-boot-test-2.0.6.RELEASE.jar:2.0.6.RELEASE]
	at org.springframework.test.context.cache.DefaultCacheAwareContextLoaderDelegate.loadContextInternal(DefaultCacheAwareContextLoaderDelegate.java:99) ~[spring-test-5.0.10.RELEASE.jar:5.0.10.RELEASE]
	at org.springframework.test.context.cache.DefaultCacheAwareContextLoaderDelegate.loadContext(DefaultCacheAwareContextLoaderDelegate.java:117) ~[spring-test-5.0.10.RELEASE.jar:5.0.10.RELEASE]
	at org.springframework.test.context.support.DefaultTestContext.getApplicationContext(DefaultTestContext.java:108) ~[spring-test-5.0.10.RELEASE.jar:5.0.10.RELEASE]
	at au.com.dius.pact.provider.spring.SpringRestPactRunner.getPactSource(SpringRestPactRunner.kt:57) ~[pact-jvm-provider-spring_2.12-3.5.24.jar:3.5.24]
	at au.com.dius.pact.provider.junit.PactRunner.<init>(PactRunner.kt:78) ~[pact-jvm-provider-junit_2.12-3.5.24.jar:3.5.24]
	at au.com.dius.pact.provider.junit.RestPactRunner.<init>(RestPactRunner.kt:8) ~[pact-jvm-provider-junit_2.12-3.5.24.jar:3.5.24]
	at au.com.dius.pact.provider.spring.SpringRestPactRunner.<init>(SpringRestPactRunner.kt:23) ~[pact-jvm-provider-spring_2.12-3.5.24.jar:3.5.24]
	at java.base/jdk.internal.reflect.NativeConstructorAccessorImpl.newInstance0(Native Method) ~[na:na]
	at java.base/jdk.internal.reflect.NativeConstructorAccessorImpl.newInstance(NativeConstructorAccessorImpl.java:62) ~[na:na]
	at java.base/jdk.internal.reflect.DelegatingConstructorAccessorImpl.newInstance(DelegatingConstructorAccessorImpl.java:45) ~[na:na]
	at java.base/java.lang.reflect.Constructor.newInstanceWithCaller(Constructor.java:500) ~[na:na]
	at java.base/java.lang.reflect.Constructor.newInstance(Constructor.java:481) ~[na:na]
	at org.junit.internal.builders.AnnotatedBuilder.buildRunner(AnnotatedBuilder.java:104) ~[junit-4.12.jar:4.12]
	at org.junit.internal.builders.AnnotatedBuilder.runnerForClass(AnnotatedBuilder.java:86) ~[junit-4.12.jar:4.12]
	at org.junit.runners.model.RunnerBuilder.safeRunnerForClass(RunnerBuilder.java:59) ~[junit-4.12.jar:4.12]
	at org.junit.internal.builders.AllDefaultPossibilitiesBuilder.runnerForClass(AllDefaultPossibilitiesBuilder.java:26) ~[junit-4.12.jar:4.12]
	at org.junit.runners.model.RunnerBuilder.safeRunnerForClass(RunnerBuilder.java:59) ~[junit-4.12.jar:4.12]
	at org.junit.internal.requests.ClassRequest.getRunner(ClassRequest.java:33) ~[junit-4.12.jar:4.12]
	at org.apache.maven.surefire.junit4.JUnit4Provider.execute(JUnit4Provider.java:362) ~[surefire-junit4-2.21.0.jar:2.21.0]
	at org.apache.maven.surefire.junit4.JUnit4Provider.executeWithRerun(JUnit4Provider.java:273) ~[surefire-junit4-2.21.0.jar:2.21.0]
	at org.apache.maven.surefire.junit4.JUnit4Provider.executeTestSet(JUnit4Provider.java:238) ~[surefire-junit4-2.21.0.jar:2.21.0]
	at org.apache.maven.surefire.junit4.JUnit4Provider.invoke(JUnit4Provider.java:159) ~[surefire-junit4-2.21.0.jar:2.21.0]
	at org.apache.maven.surefire.booter.ForkedBooter.invokeProviderInSameClassLoader(ForkedBooter.java:379) ~[surefire-booter-2.21.0.jar:2.21.0]
	at org.apache.maven.surefire.booter.ForkedBooter.runSuitesInProcess(ForkedBooter.java:340) ~[surefire-booter-2.21.0.jar:2.21.0]
	at org.apache.maven.surefire.booter.ForkedBooter.execute(ForkedBooter.java:125) ~[surefire-booter-2.21.0.jar:2.21.0]
	at org.apache.maven.surefire.booter.ForkedBooter.main(ForkedBooter.java:413) ~[surefire-booter-2.21.0.jar:2.21.0]
Caused by: java.lang.UnsupportedOperationException: Cannot define class using reflection
	at net.bytebuddy.dynamic.loading.ClassInjector$UsingReflection$Dispatcher$Unavailable.defineClass(ClassInjector.java:821) ~[byte-buddy-1.7.11.jar:na]
	at net.bytebuddy.dynamic.loading.ClassInjector$UsingReflection.inject(ClassInjector.java:185) ~[byte-buddy-1.7.11.jar:na]
	at net.bytebuddy.dynamic.loading.ClassLoadingStrategy$Default$InjectionDispatcher.load(ClassLoadingStrategy.java:187) ~[byte-buddy-1.7.11.jar:na]
	at net.bytebuddy.dynamic.TypeResolutionStrategy$Passive.initialize(TypeResolutionStrategy.java:79) ~[byte-buddy-1.7.11.jar:na]
	at net.bytebuddy.dynamic.DynamicType$Default$Unloaded.load(DynamicType.java:4457) ~[byte-buddy-1.7.11.jar:na]
	at org.mockito.internal.creation.bytebuddy.SubclassBytecodeGenerator.mockClass(SubclassBytecodeGenerator.java:121) ~[mockito-core-2.15.0.jar:na]
	at org.mockito.internal.creation.bytebuddy.TypeCachingBytecodeGenerator$1.call(TypeCachingBytecodeGenerator.java:37) ~[mockito-core-2.15.0.jar:na]
	at org.mockito.internal.creation.bytebuddy.TypeCachingBytecodeGenerator$1.call(TypeCachingBytecodeGenerator.java:34) ~[mockito-core-2.15.0.jar:na]
	at net.bytebuddy.TypeCache.findOrInsert(TypeCache.java:138) ~[byte-buddy-1.7.11.jar:na]
	at net.bytebuddy.TypeCache$WithInlineExpunction.findOrInsert(TypeCache.java:346) ~[byte-buddy-1.7.11.jar:na]
	at net.bytebuddy.TypeCache.findOrInsert(TypeCache.java:161) ~[byte-buddy-1.7.11.jar:na]
	at net.bytebuddy.TypeCache$WithInlineExpunction.findOrInsert(TypeCache.java:355) ~[byte-buddy-1.7.11.jar:na]
	at org.mockito.internal.creation.bytebuddy.TypeCachingBytecodeGenerator.mockClass(TypeCachingBytecodeGenerator.java:32) ~[mockito-core-2.15.0.jar:na]
	at org.mockito.internal.creation.bytebuddy.SubclassByteBuddyMockMaker.createMockType(SubclassByteBuddyMockMaker.java:71) ~[mockito-core-2.15.0.jar:na]
	at org.mockito.internal.creation.bytebuddy.SubclassByteBuddyMockMaker.createMock(SubclassByteBuddyMockMaker.java:42) ~[mockito-core-2.15.0.jar:na]
	at org.mockito.internal.creation.bytebuddy.ByteBuddyMockMaker.createMock(ByteBuddyMockMaker.java:25) ~[mockito-core-2.15.0.jar:na]
	at org.mockito.internal.util.MockUtil.createMock(MockUtil.java:35) ~[mockito-core-2.15.0.jar:na]
	at org.mockito.internal.MockitoCore.mock(MockitoCore.java:65) ~[mockito-core-2.15.0.jar:na]
	at org.mockito.Mockito.mock(Mockito.java:1855) ~[mockito-core-2.15.0.jar:na]
	... 41 common frames omitted
Caused by: java.lang.IllegalStateException: Could not find sun.misc.Unsafe
	at net.bytebuddy.dynamic.loading.ClassInjector$UsingUnsafe$Dispatcher$Disabled.initialize(ClassInjector.java:1366) ~[byte-buddy-1.7.11.jar:na]
	at net.bytebuddy.dynamic.loading.ClassInjector$UsingUnsafe.inject(ClassInjector.java:1202) ~[byte-buddy-1.7.11.jar:na]
	at net.bytebuddy.dynamic.loading.ClassLoadingStrategy$ForUnsafeInjection.load(ClassLoadingStrategy.java:458) ~[byte-buddy-1.7.11.jar:na]
	at net.bytebuddy.dynamic.TypeResolutionStrategy$Passive.initialize(TypeResolutionStrategy.java:79) ~[byte-buddy-1.7.11.jar:na]
	at net.bytebuddy.dynamic.DynamicType$Default$Unloaded.load(DynamicType.java:4457) ~[byte-buddy-1.7.11.jar:na]
	at net.bytebuddy.dynamic.loading.ClassInjector$UsingReflection$Dispatcher$Indirect.make(ClassInjector.java:684) ~[byte-buddy-1.7.11.jar:na]
	at net.bytebuddy.dynamic.loading.ClassInjector$UsingReflection$Dispatcher$CreationAction.run(ClassInjector.java:302) ~[byte-buddy-1.7.11.jar:na]
	at net.bytebuddy.dynamic.loading.ClassInjector$UsingReflection$Dispatcher$CreationAction.run(ClassInjector.java:290) ~[byte-buddy-1.7.11.jar:na]
	at java.base/java.security.AccessController.doPrivileged(AccessController.java:310) ~[na:na]
	at net.bytebuddy.dynamic.loading.ClassInjector$UsingReflection.<clinit>(ClassInjector.java:70) ~[byte-buddy-1.7.11.jar:na]
	at net.bytebuddy.dynamic.loading.ClassLoadingStrategy$Default$InjectionDispatcher.load(ClassLoadingStrategy.java:184) ~[byte-buddy-1.7.11.jar:na]
	... 57 common frames omitted
Caused by: java.lang.NoSuchMethodException: sun.misc.Unsafe.defineClass(java.lang.String,[B,int,int,java.lang.ClassLoader,java.security.ProtectionDomain)
	at java.base/java.lang.Class.getMethod(Class.java:2114) ~[na:na]
	at net.bytebuddy.dynamic.loading.ClassInjector$UsingUnsafe$Dispatcher$CreationAction.run(ClassInjector.java:1269) ~[byte-buddy-1.7.11.jar:na]
	at net.bytebuddy.dynamic.loading.ClassInjector$UsingUnsafe$Dispatcher$CreationAction.run(ClassInjector.java:1257) ~[byte-buddy-1.7.11.jar:na]
	at java.base/java.security.AccessController.doPrivileged(AccessController.java:310) ~[na:na]
	at net.bytebuddy.dynamic.loading.ClassInjector$UsingUnsafe.<clinit>(ClassInjector.java:1136) ~[byte-buddy-1.7.11.jar:na]
	... 66 common frames omitted

2019-07-25 08:05:02.301  INFO 14556 --- [           main] ConfigServletWebServerApplicationContext : Closing org.springframework.boot.web.servlet.context.AnnotationConfigServletWebServerApplicationContext@549949be: startup date [Thu Jul 25 08:05:01 CEST 2019]; root of context hierarchy
]]></system-out>
  </testcase>
</testsuite>